--java.lang.AssertionError: SELECT rt0.c2 FROM rt0, t1 GROUP BY rt0.c2;
--SELECT ALL rt0.c2 FROM rt0, t1 GROUP BY rt0.c2 HAVING t1.c0 UNION ALL SELECT rt0.c2 FROM rt0, t1 NOT INDEXED GROUP BY rt0.c2 HAVING (NOT (t1.c0)) UNION ALL SELECT ALL rt0.c2 FROM rt0, t1 GROUP BY rt0.c2 HAVING ((t1.c0) ISNULL);
--	at sqlancer.sqlite3.oracle.tlp.SQLite3TLPHavingOracle.check(SQLite3TLPHavingOracle.java:85)
--	at sqlancer.common.oracle.CompositeTestOracle.check(CompositeTestOracle.java:22)
--	at sqlancer.ProviderAdapter.generateAndTestDatabase(ProviderAdapter.java:61)
--	at sqlancer.Main$DBMSExecutor.run(Main.java:364)
--	at sqlancer.Main$2.run(Main.java:559)
--	at sqlancer.Main$2.runThread(Main.java:541)
--	at sqlancer.Main$2.run(Main.java:532)
--	at java.base/java.util.concurrent.ThreadPoolExecutor.runWorker(ThreadPoolExecutor.java:1144)
--	at java.base/java.util.concurrent.ThreadPoolExecutor$Worker.run(ThreadPoolExecutor.java:642)
--	at java.base/java.lang.Thread.run(Thread.java:1623)
---- Time: 2023/05/28 06:19:07
-- Database: database27
-- Database version: 3.40.0
-- seed value: 1685214884989
PRAGMA cache_size = 50000;
PRAGMA temp_store=MEMORY;
PRAGMA synchronous=off;
CREATE VIRTUAL TABLE rt0 USING rtree(c0, c1, c2, c3, c4);
CREATE TEMPORARY TABLE t1 (c0 BLOB , c1 INT , c2 BLOB );
REINDEX NOCASE;
ROLLBACK TRANSACTION;
PRAGMA mmap_size;
PRAGMA application_id;
ROLLBACK TRANSACTION;
REINDEX  rt0;
ROLLBACK TRANSACTION;
ANALYZE;
INSERT OR IGNORE INTO rt0(c3) VALUES (NULL), (')>vgyb\no%'), (0.04550361841525763);
ROLLBACK TRANSACTION;
PRAGMA soft_heap_limit = 5773197005850904312;
REINDEX;
INSERT OR FAIL INTO rt0(c4, c1, c3) VALUES (0.4181389469624137, '1452927475', 5.773197005850905E18);
INSERT OR IGNORE INTO rt0 VALUES (NULL, '1452927475', '', '&.', x''), (x'2ef6', x'', NULL, '1452927475', NULL), (0.34194297932517326, 0.34230291250179723, x'', NULL, x''), (x'eef0', NULL, 5.773197005850905E18, -2131171307, NULL), (5.773197005850905E18, NULL, x'f3ab', x'', x''), ('', 0.29093408237860874, 0.9395605391836929, '-540262372', NULL), (-682433010, 1452927475, x'8323', '-1573810187', '-816713676');
REINDEX;
PRAGMA temp.soft_heap_limit = 4756878762098720061;
BEGIN  TRANSACTION;
COMMIT;
BEGIN  TRANSACTION;
COMMIT;
INSERT OR FAIL INTO rt0(c0, c2) VALUES (x'c914', NULL);
INSERT OR ABORT INTO t1(c1) VALUES (''), (0.8142318871197253), (0X4b1ea81c);
COMMIT TRANSACTION;
INSERT OR IGNORE INTO rt0(c3, c4) VALUES (0.595715303091559, x'');
SELECT rtreecheck('rt0');
ROLLBACK TRANSACTION;
BEGIN DEFERRED TRANSACTION;
REINDEX;
BEGIN  TRANSACTION;
CREATE UNIQUE INDEX i90 ON t1(c0 COLLATE RTRIM DESC,('' IN ()),COALESCE(((c2)>(c2)), '1348603960', ((c0)-(c0)), CASE WHEN c1 THEN c1 ELSE c0 END) COLLATE RTRIM);
COMMIT TRANSACTION;
PRAGMA temp.journal_mode;
BEGIN  TRANSACTION;
ROLLBACK TRANSACTION;
PRAGMA busy_timeout = 0;
INSERT OR IGNORE INTO sqlite_stat1 VALUES('rt0', 't1', '-682433010 unordered noskipscan');
ANALYZE sqlite_master;
BEGIN DEFERRED TRANSACTION;
BEGIN  TRANSACTION;
END;
INSERT OR FAIL INTO rt0(c3, c1, c4, c0, c2) VALUES (NULL, NULL, '0.29093408237860874', NULL, x'');
BEGIN IMMEDIATE TRANSACTION;
COMMIT TRANSACTION;
REINDEX  rt0;
CREATE INDEX IF NOT EXISTS i11 ON t1(HEX(c1 COLLATE RTRIM) DESC,((((((((((c1)OR(c0)))OR(c2)))OR(c2)))AND(c1)))IS(0.44887236657915386)) ASC,LOWER('-1154304322') COLLATE NOCASE DESC) WHERE UPPER((c0 IN ()));
COMMIT TRANSACTION;
REINDEX BINARY;
UPDATE OR REPLACE rt0 SET (c3, c3)=('?*Z+|&^迷*{}', NULL) WHERE '-2131171307' COLLATE RTRIM;
BEGIN  TRANSACTION;
ROLLBACK TRANSACTION;
ROLLBACK TRANSACTION;
INSERT OR ABORT INTO t1(c0, c2, c1) VALUES ('', NULL, x'622e30db');
INSERT OR ROLLBACK INTO rt0(c3) VALUES ('');
ROLLBACK TRANSACTION;
END TRANSACTION;
ROLLBACK TRANSACTION;
