--java.lang.AssertionError: the size of the result sets mismatch (6 and 5)!
---- SELECT ALL rt0.c0, v0.c4, v0.c0, rt0.c2, rt0.c1 FROM v0 LEFT OUTER JOIN rt0 ON LOWER(((v0.c1)/(v0.c4))) GROUP BY rt0.c0, v0.c4, v0.c0, rt0.c2, rt0.c1;
---- cardinality: 6
---- SELECT rt0.c0, v0.c4, v0.c0, rt0.c2, rt0.c1 FROM v0 LEFT OUTER JOIN rt0 ON LOWER(((v0.c1)/(v0.c4))) WHERE (((((v0.c0)%(rt0.c1))) BETWEEN (NULLIF(v0.c4, v0.c3)) AND (rt0.c0 COLLATE NOCASE))) GROUP BY rt0.c0, v0.c4, v0.c0, rt0.c2, rt0.c1 UNION SELECT rt0.c0, v0.c4, v0.c0, rt0.c2, rt0.c1 FROM v0 LEFT OUTER JOIN rt0 ON LOWER(((v0.c1)/(v0.c4))) WHERE ((NOT (((((v0.c0)%(rt0.c1))) BETWEEN (NULLIF(v0.c4, v0.c3)) AND (rt0.c0 COLLATE NOCASE))))) GROUP BY rt0.c0, v0.c4, v0.c0, rt0.c2, rt0.c1 UNION SELECT ALL rt0.c0, v0.c4, v0.c0, rt0.c2, rt0.c1 FROM v0 LEFT OUTER JOIN rt0 ON LOWER(((v0.c1)/(v0.c4))) WHERE (((((((v0.c0)%(rt0.c1))) BETWEEN (NULLIF(v0.c4, v0.c3)) AND (rt0.c0 COLLATE NOCASE))) ISNULL)) GROUP BY rt0.c0, v0.c4, v0.c0, rt0.c2, rt0.c1;
---- cardinality: 5
--	at sqlancer.ComparatorHelper.assumeResultSetsAreEqual(ComparatorHelper.java:97)
--	at sqlancer.sqlite3.oracle.tlp.SQLite3TLPGroupByOracle.check(SQLite3TLPGroupByOracle.java:41)
--	at sqlancer.common.oracle.CompositeTestOracle.check(CompositeTestOracle.java:22)
--	at sqlancer.ProviderAdapter.generateAndTestDatabase(ProviderAdapter.java:61)
--	at sqlancer.Main$DBMSExecutor.run(Main.java:364)
--	at sqlancer.Main$2.run(Main.java:559)
--	at sqlancer.Main$2.runThread(Main.java:541)
--	at sqlancer.Main$2.run(Main.java:532)
--	at java.base/java.util.concurrent.ThreadPoolExecutor.runWorker(ThreadPoolExecutor.java:1144)
--	at java.base/java.util.concurrent.ThreadPoolExecutor$Worker.run(ThreadPoolExecutor.java:642)
--	at java.base/java.lang.Thread.run(Thread.java:1623)
---- Time: 2023/05/28 05:46:57
-- Database: database22
-- Database version: 3.40.0
-- seed value: 1685214884984
PRAGMA cache_size = 50000;
PRAGMA temp_store=MEMORY;
PRAGMA synchronous=off;
PRAGMA case_sensitive_like=ON;
PRAGMA encoding = 'UTF-16be';
CREATE VIRTUAL TABLE rt0 USING rtree_i32(c0, c1, c2);
COMMIT;
INSERT OR IGNORE INTO rt0(c1) VALUES ('-568852200');
UPDATE rt0 SET (c0)=(0.8761989693295618) WHERE (((rt0.c1, 0.7630994945647431, rt0.c2)) NOT BETWEEN ((CAST(rt0.c1 AS REAL), CASE WHEN rt0.c0 THEN rt0.c0 WHEN rt0.c2 THEN rt0.c2 WHEN rt0.c2 THEN rt0.c0 ELSE rt0.c1 END, LIKELY(NULL))) AND ((((rt0.c2) BETWEEN (rt0.c0) AND (rt0.c2)), ((rt0.c1) NOT BETWEEN (rt0.c2) AND (rt0.c2)), soundex(rt0.c1))));
UPDATE rt0 SET (c1, c1, c1)=(0.16830746692025889, '1377113351', '0.16830746692025889');
VACUUM main;
INSERT OR ABORT INTO rt0(c1) VALUES ('1910663699');
INSERT OR IGNORE INTO rt0(c0) VALUES (x'');
INSERT OR ABORT INTO rt0(c1) VALUES (NULL), (x''), ('1282321977');
INSERT OR FAIL INTO rt0(c1, c0, c2) VALUES (NULL, 0.7630994945647431, 0.3008453693391917), ('', x'', x''), ('-568852200', 0.4307717842976512, NULL);
INSERT OR IGNORE INTO rt0(c0, c2, c1) VALUES (1.910663699E9, '1910663699', NULL), (NULL, NULL, '0.7630994945647431'), (x'cb9a', (((NULL)) BETWEEN ((LIKELY(''))) AND (((+ (NULL))))), x'');
PRAGMA optimize;
BEGIN  TRANSACTION;
UPDATE OR IGNORE rt0 SET (c1)=('');
UPDATE OR ROLLBACK rt0 SET c1=x'' WHERE rt0.c0;
VACUUM;
VACUUM main;
VACUUM temp;
END TRANSACTION;
PRAGMA main.cell_size_check = false;
ROLLBACK TRANSACTION;
UPDATE OR ROLLBACK rt0 SET (c0)=(0.8600229493775);
UPDATE OR IGNORE rt0 SET c1=-1441303128;
UPDATE OR IGNORE rt0 SET c2='', c1=NULL;
PRAGMA shrink_memory;
PRAGMA main.ignore_check_constraints = false;
CREATE TEMP VIEW v0(c0, c1, c2, c3, c4) AS SELECT DISTINCT COUNT(((rt0.c0)<=(rt0.c2))) OVER ( ORDER BY ((CASE rt0.c1  WHEN rt0.c2 THEN rt0.c1 END)*('Eu>')) ASC, (+ (0.4978685732986188)) DESC), ((((((((((((((rt0.c0)||(rt0.c2)))OR(CASE WHEN rt0.c0 THEN rt0.c1 ELSE rt0.c0 END)))AND(TOTAL(rt0.c2))))AND(((rt0.c0)GLOB(rt0.c0)))))OR(COUNT(rt0.c1))))OR((rt0.c2 IN ()))))AND(((rt0.c1) NOT BETWEEN (rt0.c0) AND (rt0.c0)))), CAST(COUNT(*) AS REAL), UPPER(((rt0.c1) NOT BETWEEN (rt0.c0) AND (rt0.c1))), CAST(TOTAL(rt0.c0) AS NUMERIC) FROM rt0;
UPDATE OR IGNORE rt0 SET (c0)=(x'f0b3') WHERE (rt0.c1 IN ()) COLLATE RTRIM;
COMMIT TRANSACTION;
PRAGMA foreign_keys = false;
UPDATE OR ROLLBACK rt0 SET (c0)=(x'4c26') WHERE ((((rt0.c2) BETWEEN (rt0.c2) AND ('-1441303128'))) NOT BETWEEN ((NOT (rt0.c0))) AND (rt0.c2));
SELECT rtreecheck('rt0');
INSERT OR IGNORE INTO sqlite_stat1 VALUES('v0', 'null', '-568852200 0');
DELETE FROM sqlite_stat1;
DELETE FROM sqlite_stat1;
INSERT OR IGNORE INTO sqlite_stat1 VALUES('rt0', 'null', ' noskipscan');
INSERT OR IGNORE INTO sqlite_stat1 VALUES('v0', 'v0', ' sz=1400692258 unordered');
INSERT OR IGNORE INTO sqlite_stat1 VALUES('rt0', 'null', '');
DELETE FROM sqlite_stat1;
DELETE FROM sqlite_stat1;
INSERT OR IGNORE INTO sqlite_stat1 VALUES('v0', 'rt0', ' sz=1910663699 noskipscan');
DELETE FROM sqlite_stat1 WHERE ((((json_insert(0.4104907927933439, 0.125646302581078, 0x48e1f9e))AND(((((0.22978453825003564)AND(0.7065667115493205)))AND('-705532982')))))OR(((((NULL)OR(x'')))AND(0.5937754206954743))));
INSERT OR IGNORE INTO sqlite_stat1 VALUES('rt0', 'v0', '');
INSERT OR IGNORE INTO sqlite_stat1 VALUES('rt0', 'rt0', '76423070 sz=-705532982 noskipscan');
DELETE FROM sqlite_stat1;
INSERT OR IGNORE INTO sqlite_stat1 VALUES('v0', 'rt0', '');
DELETE FROM sqlite_stat1;
DELETE FROM sqlite_stat1 WHERE (((((0.38457768743173937)) NOT BETWEEN ((x'')) AND (('0.3008453693391917')))) ISNULL);
INSERT OR IGNORE INTO sqlite_stat1 VALUES('v0', 'rt0', '0 unordered noskipscan');
INSERT OR IGNORE INTO sqlite_stat1 VALUES('v0', 'v0', '0 noskipscan');
DELETE FROM sqlite_stat1 WHERE (+ ((('-705532982')<<(-1529109746))));
INSERT OR IGNORE INTO sqlite_stat1 VALUES('rt0', 'null', ' unordered noskipscan');
DELETE FROM sqlite_stat1 WHERE (- (CASE NULL  WHEN 0.8600229493775 THEN NULL ELSE NULL END));
INSERT OR IGNORE INTO sqlite_stat1 VALUES('v0', 'rt0', ' sz=1517617652');
INSERT OR IGNORE INTO sqlite_stat1 VALUES('v0', 'rt0', '');
INSERT OR IGNORE INTO sqlite_stat1 VALUES('v0', 'v0', ' unordered noskipscan');
INSERT OR IGNORE INTO sqlite_stat1 VALUES('rt0', 'null', ' unordered noskipscan');
DELETE FROM sqlite_stat1;
DELETE FROM sqlite_stat1;
INSERT OR IGNORE INTO sqlite_stat1 VALUES('rt0', 'null', ' noskipscan');
INSERT OR IGNORE INTO sqlite_stat1 VALUES('v0', 'null', '1783790034 sz=-568852200 noskipscan');
INSERT OR IGNORE INTO sqlite_stat1 VALUES('v0', 'null', '1400692258 2 unordered noskipscan');
DELETE FROM sqlite_stat1;
DELETE FROM sqlite_stat1;
INSERT OR IGNORE INTO sqlite_stat1 VALUES('rt0', 'null', ' sz=-1343432746 unordered noskipscan');
INSERT OR IGNORE INTO sqlite_stat1 VALUES('v0', 'null', ' sz=200479073 unordered');
INSERT OR IGNORE INTO sqlite_stat1 VALUES('rt0', 'rt0', '');
DELETE FROM sqlite_stat1;
DELETE FROM sqlite_stat1;
DELETE FROM sqlite_stat1;
DELETE FROM sqlite_stat1 WHERE CAST((NOT ('1335106053')) AS REAL);
INSERT OR IGNORE INTO sqlite_stat1 VALUES('rt0', 'null', ' sz=-1291979996');
DELETE FROM sqlite_stat1;
INSERT OR IGNORE INTO sqlite_stat1 VALUES('v0', 'v0', '1783790034 unordered noskipscan');
DELETE FROM sqlite_stat1 WHERE (((('eu>')AND(-702520572)))OR(x'eee3')) COLLATE BINARY COLLATE NOCASE;
INSERT OR IGNORE INTO sqlite_stat1 VALUES('rt0', 'rt0', ' sz=1517617652 unordered noskipscan');
DELETE FROM sqlite_stat1 WHERE (+ ((((NULL, NULL, 0X2c99c43a))>((x'8e32', x'', '200479073')))));
DELETE FROM sqlite_stat1;
DELETE FROM sqlite_stat1 WHERE NULL;
DELETE FROM sqlite_stat1 WHERE (- ((('748274746')OR(NULL))));
DELETE FROM sqlite_stat1 WHERE IFNULL(DISTINCT (- (0.7171320072571988)), NULL);
INSERT OR IGNORE INTO sqlite_stat1 VALUES('v0', 'v0', '');
INSERT OR IGNORE INTO sqlite_stat1 VALUES('v0', 'rt0', '');
DELETE FROM sqlite_stat1 WHERE ((((((((((((NULL)OR(NULL)))AND('0.7630994945647431')))OR(json_array_length(x'', NULL))))AND('')))AND(((NULL)|(x'')))))OR(UPPER(DISTINCT 1335106053)));
DELETE FROM sqlite_stat1;
DELETE FROM sqlite_stat1 WHERE ((((((((CAST('-568852200' AS TEXT))OR(COALESCE('ᔇ', NULL))))OR(((NULL)IS NOT('-495492687')))))AND(((((((((x'')AND('8#\ynowPd|')))AND(x'')))OR('Eu>')))OR(NULL)))))AND(((x'632a7c56')/('A&挄p롩[xQ'))));
INSERT OR IGNORE INTO sqlite_stat1 VALUES('v0', 'null', ' sz=1400692258 unordered');
DELETE FROM sqlite_stat1;
DELETE FROM sqlite_stat1;
INSERT OR IGNORE INTO sqlite_stat1 VALUES('rt0', 'v0', '-1343432746 unordered');
DELETE FROM sqlite_stat1;
INSERT OR IGNORE INTO sqlite_stat1 VALUES('rt0', 'null', ' sz=955562279 noskipscan');
INSERT OR IGNORE INTO sqlite_stat1 VALUES('v0', 'v0', '211818593 sz=1020325725 unordered');
DELETE FROM sqlite_stat1 WHERE CASE ((0.4304021868786069) BETWEEN (x'') AND (NULL))  WHEN NULL THEN (- (NULL)) ELSE ((-568852200)<=(x'')) END;
INSERT OR IGNORE INTO sqlite_stat1 VALUES('rt0', 'rt0', '2 1335106053 sz=-43990130 unordered');
DELETE FROM sqlite_stat1 WHERE LIKELIHOOD('628052320' COLLATE RTRIM, 0.08419931204448228);
DELETE FROM sqlite_stat1 WHERE ((((((((CAST(0x3d16e8a AS TEXT))AND(CAST(x'' AS BLOB))))OR((0.6828841009125717 IN ()))))OR((+ ('-2054830792')))))OR(((1952367381)OR(1.335106053E9))));
DELETE FROM sqlite_stat1;
INSERT OR IGNORE INTO sqlite_stat1 VALUES('v0', 'null', '-1619174952 sz=150646765 noskipscan');
INSERT OR IGNORE INTO sqlite_stat1 VALUES('rt0', 'null', '');
INSERT OR IGNORE INTO sqlite_stat1 VALUES('v0', 'v0', '750240207 noskipscan');
DELETE FROM sqlite_stat1;
DELETE FROM sqlite_stat1 WHERE ((((((((((0.760083682304177)AND('-378775788')))OR(0Xffffffffb9fbf652)))AND(NULL)))AND('')))>=(((((x'')AND('')))AND(0.6484577758873334))));
DELETE FROM sqlite_stat1;
INSERT OR IGNORE INTO sqlite_stat1 VALUES('v0', 'null', '');
DELETE FROM sqlite_stat1 WHERE CAST((+ ('ᔇ')) AS BLOB);
DELETE FROM sqlite_stat1;
INSERT OR IGNORE INTO sqlite_stat1 VALUES('v0', 'v0', '750240207 0 sz=-1442663019 unordered noskipscan');
DELETE FROM sqlite_stat1 WHERE INSTR((~ ('-378775788')), (0x15fe1356 IN ()));
INSERT OR IGNORE INTO sqlite_stat1 VALUES('rt0', 'null', ' sz=344175067 noskipscan');
INSERT OR IGNORE INTO sqlite_stat1 VALUES('v0', 'null', ' noskipscan');
DELETE FROM sqlite_stat1 WHERE (((((x'')AND('mtgb[rQ')))OR(0Xffffffffafecd7d6)) IN ());
DELETE FROM sqlite_stat1;
DELETE FROM sqlite_stat1;
INSERT OR IGNORE INTO sqlite_stat1 VALUES('rt0', 'null', '');
DELETE FROM sqlite_stat1;
DELETE FROM sqlite_stat1 WHERE 0.4304021868786069;
DELETE FROM sqlite_stat1 WHERE (((x'')) NOT BETWEEN ((('' IN ()))) AND (((('-434825215') NOT NULL))));
INSERT OR IGNORE INTO sqlite_stat1 VALUES('v0', 'v0', '0 -1388268200 unordered');
DELETE FROM sqlite_stat1;
DELETE FROM sqlite_stat1;
INSERT OR IGNORE INTO sqlite_stat1 VALUES('v0', 'null', '');
DELETE FROM sqlite_stat1;
INSERT OR IGNORE INTO sqlite_stat1 VALUES('v0', 'rt0', ' sz=211818593 unordered');
DELETE FROM sqlite_stat1 WHERE (((((('Dk'))=(('-378775788')))))>=((NULL)));
INSERT OR IGNORE INTO sqlite_stat1 VALUES('v0', 'null', '');
INSERT OR IGNORE INTO sqlite_stat1 VALUES('v0', 'null', '');
INSERT OR IGNORE INTO sqlite_stat1 VALUES('rt0', 'null', ' unordered noskipscan');
INSERT OR IGNORE INTO sqlite_stat1 VALUES('v0', 'rt0', '1020325725 unordered');
DELETE FROM sqlite_stat1 WHERE UNLIKELY(DISTINCT UNLIKELY(DISTINCT '1335106053'));
INSERT OR IGNORE INTO sqlite_stat1 VALUES('rt0', 'v0', '0 sz=-1441303128 noskipscan');
INSERT OR IGNORE INTO sqlite_stat1 VALUES('v0', 'null', '2 unordered');
DELETE FROM sqlite_stat1 WHERE ((- (0.6385842506541654)) IN (((0.11829058425926753)IS NOT('-1529109746'))));
INSERT OR IGNORE INTO sqlite_stat1 VALUES('rt0', 'rt0', '-1663941214 0 sz=-1655169978 noskipscan');
INSERT OR IGNORE INTO sqlite_stat1 VALUES('rt0', 'null', '748274746 0 sz=2110565350 unordered');
DELETE FROM sqlite_stat1 WHERE CAST(-1241646841 COLLATE BINARY AS REAL);
INSERT OR IGNORE INTO sqlite_stat1 VALUES('rt0', 'rt0', '-1388268200 sz=-434825215');
DELETE FROM sqlite_stat1;
DELETE FROM sqlite_stat1;
DELETE FROM sqlite_stat1 WHERE CASE (('') NOT NULL)  WHEN ((((0.7408487366232788)AND(0Xffffffffe96c5714)))OR('391169200')) THEN x'' COLLATE RTRIM WHEN NULL THEN UPPER('391169200') WHEN (((((((('H?')OR(x'')))AND(x'')))OR(x'')))OR('y')) THEN (('1936389293') BETWEEN ('G!') AND (0Xffffffffb489b240)) END;
INSERT OR IGNORE INTO sqlite_stat1 VALUES('v0', 'null', ' unordered');
INSERT OR IGNORE INTO sqlite_stat1 VALUES('rt0', 'null', ' noskipscan');
DELETE FROM sqlite_stat1 WHERE LENGTH(0.4691653368811425 COLLATE NOCASE);
INSERT OR IGNORE INTO sqlite_stat1 VALUES('v0', 'v0', ' noskipscan');
INSERT OR IGNORE INTO sqlite_stat1 VALUES('v0', 'null', ' unordered noskipscan');
DELETE FROM sqlite_stat1;
DELETE FROM sqlite_stat1;
INSERT OR IGNORE INTO sqlite_stat1 VALUES('v0', 'v0', ' sz=-1529109746');
INSERT OR IGNORE INTO sqlite_stat1 VALUES('v0', 'null', '568260384 sz=-1663941214 unordered noskipscan');
DELETE FROM sqlite_stat1;
INSERT OR IGNORE INTO sqlite_stat1 VALUES('rt0', 'v0', '225622810 sz=1786433491');
INSERT OR IGNORE INTO sqlite_stat1 VALUES('v0', 'null', ' unordered noskipscan');
DELETE FROM sqlite_stat1 WHERE (- (CAST(0.949301110998779 AS REAL)));
INSERT OR IGNORE INTO sqlite_stat1 VALUES('rt0', 'null', '2 sz=-1500254237 unordered noskipscan');
INSERT OR IGNORE INTO sqlite_stat1 VALUES('v0', 'rt0', '');
DELETE FROM sqlite_stat1;
DELETE FROM sqlite_stat1;
INSERT OR IGNORE INTO sqlite_stat1 VALUES('v0', 'rt0', ' unordered');
INSERT OR IGNORE INTO sqlite_stat1 VALUES('rt0', 'null', ' sz=970610743 noskipscan');
INSERT OR IGNORE INTO sqlite_stat1 VALUES('v0', 'null', '');
DELETE FROM sqlite_stat1;
INSERT OR IGNORE INTO sqlite_stat1 VALUES('v0', 'null', '0 -634035563 sz=64056970 unordered');
INSERT OR IGNORE INTO sqlite_stat1 VALUES('rt0', 'v0', '-1144572991 sz=750240207');
INSERT OR IGNORE INTO sqlite_stat1 VALUES('rt0', 'v0', ' sz=-1144572991 noskipscan');
DELETE FROM sqlite_stat1 WHERE ((((((((((((x'')AND('M~')))OR(x'')))OR((0.32673088501424274 IN ()))))OR(LOWER(0X883bb75))))OR((NULL IN (0Xd72bb1a, 0X4f76d2eb)))))OR(0xffffffffafecd7d6 COLLATE BINARY));
DELETE FROM sqlite_stat1 WHERE (('-796338183') NOT BETWEEN ('') AND (0Xffffffffb4a43517)) COLLATE RTRIM;
DELETE FROM sqlite_stat1 WHERE (((('bHHO*zCm')AND(0Xffffffffe3afea66 COLLATE BINARY)))OR((((''))<((x'')))));
DELETE FROM sqlite_stat1 WHERE ((((NULL)GLOB('1282321977'))) NOTNULL);
DELETE FROM sqlite_stat1;
DELETE FROM sqlite_stat1;
DELETE FROM sqlite_stat1 WHERE COALESCE(((('Xl4DHHG7'))>((NULL))), (((x'', 1.400692258E9, 0.7489385675347648)) NOT BETWEEN ((x'b1f3', NULL, '')) AND ((0.860016696721814, NULL, 'bhho*zcm'))));
INSERT OR IGNORE INTO sqlite_stat1 VALUES('rt0', 'null', '1030480004 sz=-1532985430');
DELETE FROM sqlite_stat1 WHERE CASE PRINTF(x'', NULL, -2119237380, -1066105525, 'OKxW>\r')  WHEN CAST(NULL AS NUMERIC) THEN (- (NULL)) WHEN ((((NULL)AND('-127548709')))AND('0.38457768743173937')) THEN (((0.38134493813662373))<>((0.43820482226795887))) WHEN CASE x''  WHEN 1992352177 THEN 0Xfffffffff347bdcf END THEN (~ (x'')) END;
INSERT OR IGNORE INTO sqlite_stat1 VALUES('v0', 'null', ' sz=1601300962');
DELETE FROM sqlite_stat1;
DELETE FROM sqlite_stat1 WHERE CAST((('-376260256')!=(NULL)) AS TEXT);
INSERT OR IGNORE INTO sqlite_stat1 VALUES('v0', 'null', ' sz=200479073 noskipscan');
INSERT OR IGNORE INTO sqlite_stat1 VALUES('rt0', 'null', '0 -1740788176 unordered');
DELETE FROM sqlite_stat1;
INSERT OR IGNORE INTO sqlite_stat1 VALUES('rt0', 'null', ' sz=-1066105525 unordered noskipscan');
INSERT OR IGNORE INTO sqlite_stat1 VALUES('v0', 'rt0', '');
DELETE FROM sqlite_stat1;
DELETE FROM sqlite_stat1 WHERE LIKELIHOOD(x'' COLLATE NOCASE, 0.3838868901735747);
INSERT OR IGNORE INTO sqlite_stat1 VALUES('rt0', 'rt0', ' sz=-213402161 unordered noskipscan');
DELETE FROM sqlite_stat1;
DELETE FROM sqlite_stat1 WHERE json_patch(CAST('25032296' AS INTEGER), (~ (NULL)));
INSERT OR IGNORE INTO sqlite_stat1 VALUES('v0', 'null', '');
DELETE FROM sqlite_stat1;
INSERT OR IGNORE INTO sqlite_stat1 VALUES('rt0', 'null', ' sz=1771071776 unordered');
DELETE FROM sqlite_stat1;
DELETE FROM sqlite_stat1;
DELETE FROM sqlite_stat1;
INSERT OR IGNORE INTO sqlite_stat1 VALUES('rt0', 'v0', ' sz=-1175865106 unordered noskipscan');
DELETE FROM sqlite_stat1 WHERE (('Y') BETWEEN (x'bfc6') AND (x'a8bd')) COLLATE NOCASE;
INSERT OR IGNORE INTO sqlite_stat1 VALUES('v0', 'rt0', ' sz=1654232920 unordered');
DELETE FROM sqlite_stat1 WHERE ('-1264306921' COLLATE NOCASE IN ((('vZAnBY')||(NULL)), ((('a&挄p롩[xq'))>=((-4.399013E7)))));
INSERT OR IGNORE INTO sqlite_stat1 VALUES('v0', 'null', ' noskipscan');
DELETE FROM sqlite_stat1;
DELETE FROM sqlite_stat1 WHERE NULL;
INSERT OR IGNORE INTO sqlite_stat1 VALUES('rt0', 'v0', ' sz=-702520572');
DELETE FROM sqlite_stat1 WHERE ((('1e500', NULL, NULL)) BETWEEN ((((0.21561375565983765)+('-1086539677')), (('Uy')OR(NULL)), '225622810' COLLATE RTRIM)) AND ((((NULL) NOT BETWEEN (0.7289084087966803) AND (-2.054830792E9)), ((((((((NULL)OR(NULL)))OR(x'8002')))AND(NULL)))OR(NULL)), (('''Cᅡ,x^') NOT BETWEEN (NULL) AND ('e')))));
INSERT OR IGNORE INTO sqlite_stat1 VALUES('rt0', 'null', '0 unordered');
INSERT OR IGNORE INTO sqlite_stat1 VALUES('rt0', 'null', ' sz=13080006 noskipscan');
DELETE FROM sqlite_stat1 WHERE CASE '-336626096'  WHEN ((0.9753758024622519) IS FALSE) THEN (((NULL, 0.5102539249347195, 0.5471621004155232)) NOT BETWEEN ((NULL, NULL, x'c641')) AND ((NULL, '3CXO_9^uA', 0.7421480794042725))) WHEN CASE WHEN 0.8040802502092551 THEN 0.12170666491375559 ELSE 0x7cdb23f0 END THEN '' COLLATE BINARY WHEN (x'5beb' IN ()) THEN (('300973914')IS NOT(NULL)) END;
DELETE FROM sqlite_stat1;
DELETE FROM sqlite_stat1;
DELETE FROM sqlite_stat1 WHERE CASE CASE 0.30724206896924  WHEN 0.7489385675347648 THEN 'N,E' WHEN x'' THEN '1227429801' WHEN NULL THEN 0.7402914408251045 ELSE 0.21534561710343114 END  WHEN CAST(0xffffffff95547ead AS TEXT) THEN (('76423070') IS FALSE) ELSE ((NULL) IS TRUE) END;
INSERT OR IGNORE INTO sqlite_stat1 VALUES('v0', 'null', '');
INSERT OR IGNORE INTO sqlite_stat1 VALUES('v0', 'v0', ' noskipscan');
DELETE FROM sqlite_stat1 WHERE (- ((~ (0.6385842506541654))));
INSERT OR IGNORE INTO sqlite_stat1 VALUES('v0', 'null', ' noskipscan');
DELETE FROM sqlite_stat1;
DELETE FROM sqlite_stat1 WHERE (((x'', 0.6619753721319944, x'')) BETWEEN ((x'', x'9c2b', '1451793385')) AND ((0.5471621004155232, NULL, '1407196372'))) COLLATE RTRIM;
INSERT OR IGNORE INTO sqlite_stat1 VALUES('v0', 'null', '');
DELETE FROM sqlite_stat1;
INSERT OR IGNORE INTO sqlite_stat1 VALUES('v0', 'null', ' unordered');
INSERT OR IGNORE INTO sqlite_stat1 VALUES('v0', 'null', ' noskipscan');
INSERT OR IGNORE INTO sqlite_stat1 VALUES('v0', 'null', '0 0 sz=2086421420 noskipscan');
INSERT OR IGNORE INTO sqlite_stat1 VALUES('rt0', 'null', ' noskipscan');
DELETE FROM sqlite_stat1 WHERE (((((0.38062112860829955)<<(x''))))=((((((((((x'')AND(0.6621330728255173)))OR(NULL)))OR(0x5aa53a1a)))OR(0Xffffffff96897243)))));
INSERT OR IGNORE INTO sqlite_stat1 VALUES('v0', 'null', ' unordered');
INSERT OR IGNORE INTO sqlite_stat1 VALUES('v0', 'rt0', ' sz=-1649656177');
DELETE FROM sqlite_stat1 WHERE (((- (-86412041)))GLOB(TYPEOF(x'a5ef')));
DELETE FROM sqlite_stat1 WHERE ((((x'e3a6') NOTNULL)) NOT NULL);
INSERT OR IGNORE INTO sqlite_stat1 VALUES('rt0', 'rt0', ' noskipscan');
INSERT OR IGNORE INTO sqlite_stat1 VALUES('v0', 'null', '');
INSERT OR IGNORE INTO sqlite_stat1 VALUES('v0', 'rt0', ' sz=790464505 unordered');
INSERT OR IGNORE INTO sqlite_stat1 VALUES('v0', 'null', ' sz=-1663941214 unordered');
INSERT OR IGNORE INTO sqlite_stat1 VALUES('v0', 'rt0', '-1323211275 0 sz=-1663941214 noskipscan');
INSERT OR IGNORE INTO sqlite_stat1 VALUES('v0', 'null', ' sz=1091608509 noskipscan');
DELETE FROM sqlite_stat1;
INSERT OR IGNORE INTO sqlite_stat1 VALUES('rt0', 'null', ' sz=-249582973 noskipscan');
DELETE FROM sqlite_stat1;
INSERT OR IGNORE INTO sqlite_stat1 VALUES('rt0', 'rt0', ' sz=748274746');
INSERT OR IGNORE INTO sqlite_stat1 VALUES('rt0', 'null', ' sz=568260384 noskipscan');
DELETE FROM sqlite_stat1 WHERE (((NULLIF(DISTINCT 0xffffffffaf9501a6, NULL)))=(((((0.4249227753645287)) BETWEEN (('_h')) AND ((-1086539677))))));
DELETE FROM sqlite_stat1 WHERE CASE (225622810 IN (NULL))  WHEN CASE WHEN 742386903 THEN x'' ELSE x'' END THEN ((0xbf31161) ISNULL) END;
DELETE FROM sqlite_stat1 WHERE ((((((NULL)AND(NULL)))OR('-116116868')))/((('0.22978453825003564')<=(0.47337185779032287))));
DELETE FROM sqlite_stat1 WHERE TYPEOF(((0X2ee2987d) NOT BETWEEN ('1517617652') AND (x'')));
DELETE FROM sqlite_stat1 WHERE ((((((((CAST(x'89bc' AS INTEGER))OR((('0.8600229493775') IS TRUE))))OR(((0Xffffffff9ab3ab37) IS FALSE))))OR('-1174669742' COLLATE RTRIM)))OR('a&挄p롩[xq' COLLATE RTRIM));
DELETE FROM sqlite_stat1;
DELETE FROM sqlite_stat1 WHERE (((('200479073')LIKE(''))) BETWEEN (((NULL) NOT BETWEEN (0.9371921358710568) AND (''))) AND (((NULL) ISNULL)));
DELETE FROM sqlite_stat1 WHERE 0.8471072011259996;
INSERT OR IGNORE INTO sqlite_stat1 VALUES('rt0', 'v0', ' unordered');
DELETE FROM sqlite_stat1 WHERE UNLIKELY(((NULL) BETWEEN ('415419012') AND (0.9620109853545084)));
INSERT OR IGNORE INTO sqlite_stat1 VALUES('rt0', 'null', '');
DELETE FROM sqlite_stat1 WHERE ((CASE 0.05550055041688562  WHEN NULL THEN NULL ELSE '921663857' END) BETWEEN ('') AND ('*K'));
INSERT OR IGNORE INTO sqlite_stat1 VALUES('v0', 'null', '0 0 sz=628758077 noskipscan');
DELETE FROM sqlite_stat1;
INSERT OR IGNORE INTO sqlite_stat1 VALUES('rt0', 'v0', ' sz=1514933629');
DELETE FROM sqlite_stat1;
INSERT OR IGNORE INTO sqlite_stat1 VALUES('rt0', 'null', ' sz=1377113351 unordered noskipscan');
INSERT OR IGNORE INTO sqlite_stat1 VALUES('rt0', 'null', ' sz=1266650208 unordered noskipscan');
DELETE FROM sqlite_stat1 WHERE IFNULL((('PA-AR顽')>(NULL)), CASE WHEN 0x69382ca THEN NULL ELSE NULL END);
INSERT OR IGNORE INTO sqlite_stat1 VALUES('v0', 'null', '0 unordered noskipscan');
DELETE FROM sqlite_stat1 WHERE CASE NULL COLLATE BINARY  WHEN (('-313342675')LIKE(x'')) THEN CAST(x'' AS NUMERIC) ELSE CAST(-1388268200 AS REAL) END;
INSERT OR IGNORE INTO sqlite_stat1 VALUES('v0', 'null', '0 sz=-313342675 unordered');
DELETE FROM sqlite_stat1;
INSERT OR IGNORE INTO sqlite_stat1 VALUES('rt0', 'null', '-1374289915 0 unordered');
INSERT OR IGNORE INTO sqlite_stat1 VALUES('v0', 'v0', ' sz=-2002432540 noskipscan');
INSERT OR IGNORE INTO sqlite_stat1 VALUES('rt0', 'null', ' unordered noskipscan');
DELETE FROM sqlite_stat1 WHERE CHANGES();
INSERT OR IGNORE INTO sqlite_stat1 VALUES('v0', 'null', '-1144572991');
INSERT OR IGNORE INTO sqlite_stat1 VALUES('v0', 'null', ' sz=-1699501257 noskipscan');
INSERT OR IGNORE INTO sqlite_stat1 VALUES('rt0', 'v0', '-1176218411 -1634450602 sz=142850933');
INSERT OR IGNORE INTO sqlite_stat1 VALUES('v0', 'null', ' sz=835483823 noskipscan');
INSERT OR IGNORE INTO sqlite_stat1 VALUES('v0', 'null', ' sz=722357706 noskipscan');
INSERT OR IGNORE INTO sqlite_stat1 VALUES('rt0', 'v0', ' sz=-1040849969 noskipscan');
DELETE FROM sqlite_stat1;
DELETE FROM sqlite_stat1;
DELETE FROM sqlite_stat1 WHERE (((((0x62999758, '1910663699', NULL))<=(('1366208855', x'', '1')))) NOT BETWEEN (soundex('F-3080041434464668783-8713421144659965532:1165 1541T336T1210-1074714473109514969:o')) AND ('bHHO*zCm' COLLATE BINARY));
DELETE FROM sqlite_stat1 WHERE 'A&挄p롩[xQ';
INSERT OR IGNORE INTO sqlite_stat1 VALUES('v0', 'null', '-364066213 -1667021325 sz=1771071776 unordered');
DELETE FROM sqlite_stat1;
INSERT OR IGNORE INTO sqlite_stat1 VALUES('v0', 'null', ' unordered noskipscan');
DELETE FROM sqlite_stat1 WHERE (((((((((('')OR('0H~*')))AND(NULL)))AND('842453125')))OR(0X7c5c43ac)))AND(CASE WHEN x'' THEN x'' ELSE x'ccb8c3a1' END));
DELETE FROM sqlite_stat1;
DELETE FROM sqlite_stat1 WHERE ((('') BETWEEN (x'') AND (NULL)) IN ());
INSERT OR IGNORE INTO sqlite_stat1 VALUES('v0', 'rt0', ' sz=300973914');
INSERT OR IGNORE INTO sqlite_stat1 VALUES('rt0', 'null', '');
DELETE FROM sqlite_stat1 WHERE CASE WHEN ((1952367381) NOT BETWEEN ('') AND (0.4636312769900398)) THEN ((NULL)<>(x'')) ELSE CAST(-59602431 AS REAL) END;
INSERT OR IGNORE INTO sqlite_stat1 VALUES('rt0', 'null', '0 0');
INSERT OR IGNORE INTO sqlite_stat1 VALUES('rt0', 'v0', '2 0 sz=-1497832103 unordered noskipscan');
INSERT OR IGNORE INTO sqlite_stat1 VALUES('rt0', 'v0', '1520777754 sz=-1441303128 unordered');
INSERT OR IGNORE INTO sqlite_stat1 VALUES('rt0', 'null', '0 2');
DELETE FROM sqlite_stat1 WHERE ((((0.6076256926024032)OR(x'')))OR(0x9613fcc)) COLLATE BINARY;
INSERT OR IGNORE INTO sqlite_stat1 VALUES('rt0', 'null', '247167846 unordered');
INSERT OR IGNORE INTO sqlite_stat1 VALUES('v0', 'rt0', ' sz=-1637107607');
INSERT OR IGNORE INTO sqlite_stat1 VALUES('rt0', 'null', '');
INSERT OR IGNORE INTO sqlite_stat1 VALUES('v0', 'v0', '368972630 sz=-1532985430 unordered noskipscan');
DELETE FROM sqlite_stat1;
INSERT OR IGNORE INTO sqlite_stat1 VALUES('rt0', 'null', '2 0 sz=-1655169978 unordered noskipscan');
INSERT OR IGNORE INTO sqlite_stat1 VALUES('v0', 'null', ' sz=300973914');
INSERT OR IGNORE INTO sqlite_stat1 VALUES('rt0', 'v0', ' sz=22199578');
DELETE FROM sqlite_stat1;
INSERT OR IGNORE INTO sqlite_stat1 VALUES('rt0', 'null', ' sz=-1375902672 unordered');
DELETE FROM sqlite_stat1;
INSERT OR IGNORE INTO sqlite_stat1 VALUES('rt0', 'null', ' sz=-116116868');
INSERT OR IGNORE INTO sqlite_stat1 VALUES('v0', 'rt0', ' sz=-313342675 unordered noskipscan');
DELETE FROM sqlite_stat1;
DELETE FROM sqlite_stat1;
DELETE FROM sqlite_stat1;
INSERT OR IGNORE INTO sqlite_stat1 VALUES('v0', 'null', ' unordered noskipscan');
INSERT OR IGNORE INTO sqlite_stat1 VALUES('rt0', 'null', '2');
INSERT OR IGNORE INTO sqlite_stat1 VALUES('rt0', 'v0', ' sz=-1806098840 unordered noskipscan');
DELETE FROM sqlite_stat1 WHERE CASE (('300973914')<<(0.1547730321426487))  WHEN ((x'1134')&('vZAnBY')) THEN ((((3.911692E8)OR('')))AND(x'')) WHEN (+ ('')) THEN ((((x'')AND(x'1dfb')))AND(-448337745)) WHEN '1738489526' COLLATE RTRIM THEN ABS(x'513a') END;
INSERT OR IGNORE INTO sqlite_stat1 VALUES('v0', 'v0', ' sz=-475010458 noskipscan');
INSERT OR IGNORE INTO sqlite_stat1 VALUES('rt0', 'rt0', ' noskipscan');
INSERT OR IGNORE INTO sqlite_stat1 VALUES('v0', 'null', ' sz=-1923592051');
INSERT OR IGNORE INTO sqlite_stat1 VALUES('rt0', 'rt0', '-1663941214 1418638668 unordered');
DELETE FROM sqlite_stat1;
INSERT OR IGNORE INTO sqlite_stat1 VALUES('rt0', 'v0', ' unordered');
DELETE FROM sqlite_stat1 WHERE (-1.7976931348623157E308 IN (-3.13342675E8, 0.14470683377647742)) COLLATE BINARY;
DELETE FROM sqlite_stat1;
INSERT OR IGNORE INTO sqlite_stat1 VALUES('v0', 'null', '2047572687 noskipscan');
DELETE FROM sqlite_stat1;
INSERT OR IGNORE INTO sqlite_stat1 VALUES('rt0', 'null', '0');
INSERT OR IGNORE INTO sqlite_stat1 VALUES('rt0', 'null', ' sz=25032296 unordered noskipscan');
INSERT OR IGNORE INTO sqlite_stat1 VALUES('rt0', 'null', '-1262986465 0 noskipscan');
DELETE FROM sqlite_stat1 WHERE ((((((NULL) BETWEEN (x'') AND (88847217)))AND(((NULL) IS FALSE))))AND((('-243203566')>('ፖi*WHQ7Y!'))));
INSERT OR IGNORE INTO sqlite_stat1 VALUES('v0', 'v0', ' unordered');
INSERT OR IGNORE INTO sqlite_stat1 VALUES('v0', 'v0', ' sz=-1841431795');
DELETE FROM sqlite_stat1;
DELETE FROM sqlite_stat1 WHERE (((((+ ('n*')))AND(CAST('-1482213956' AS NUMERIC))))AND('n*' COLLATE NOCASE));
INSERT OR IGNORE INTO sqlite_stat1 VALUES('v0', 'null', '0 unordered noskipscan');
INSERT OR IGNORE INTO sqlite_stat1 VALUES('rt0', 'v0', ' sz=-1148963842');
INSERT OR IGNORE INTO sqlite_stat1 VALUES('rt0', 'null', ' sz=-544675731 noskipscan');
DELETE FROM sqlite_stat1 WHERE ((((0.7716217571810875)LIKE('')))+(((NULL) ISNULL)));
DELETE FROM sqlite_stat1 WHERE ((((((((HEX(0xffffffffd088d7f9))OR(((1.407196372E9) NOT NULL))))AND(0.29967964788878454 COLLATE NOCASE)))OR(((742386903)&(0.29967964788878454)))))AND(((('{_펉N'))>(('u>')))));
DELETE FROM sqlite_stat1 WHERE (((('') NOT NULL)) ISNULL);
DELETE FROM sqlite_stat1;
INSERT OR IGNORE INTO sqlite_stat1 VALUES('v0', 'null', ' noskipscan');
INSERT OR IGNORE INTO sqlite_stat1 VALUES('rt0', 'null', ' noskipscan');
DELETE FROM sqlite_stat1 WHERE ((('N', x'', '1734631706')) NOT BETWEEN ((NULL, (((NULL, 0xffffffff9f7d59d8, 'K^k#z㟱<iM', -377347576, '1335106053')) NOT BETWEEN ((x'', '-1492189053', '-862306632', '', x'eb66')) AND (('醚{', '1118283292', '1490983351', ']2	gZ_X{V', 0.4104907927933439))), SQLITE_VERSION())) AND (((((0.4636312769900398, '921663857', '(now灕'))<=((0Xffffffffc5e4eeef, '-1086539677', 0.37179657755628237))), (- ('1034524540')), ('-705532982' IN (-1.291979996E9, '-1769377213')))));
INSERT OR IGNORE INTO sqlite_stat1 VALUES('v0', 'null', ' sz=-895674035 unordered');
DELETE FROM sqlite_stat1;
INSERT OR IGNORE INTO sqlite_stat1 VALUES('v0', 'null', ' sz=1827478084 noskipscan');
DELETE FROM sqlite_stat1 WHERE (((((((((('P')AND('|')))OR(NULL)))AND(0.7994138590328462)))AND(0.4249227753645287)))-((x'' IN ())));
DELETE FROM sqlite_stat1;
INSERT OR IGNORE INTO sqlite_stat1 VALUES('v0', 'null', '2 sz=-1175865106 unordered');
INSERT OR IGNORE INTO sqlite_stat1 VALUES('v0', 'rt0', ' sz=1417679629 noskipscan');
DELETE FROM sqlite_stat1;
DELETE FROM sqlite_stat1;
DELETE FROM sqlite_stat1;
INSERT OR IGNORE INTO sqlite_stat1 VALUES('rt0', 'null', '');
DELETE FROM sqlite_stat1;
INSERT OR IGNORE INTO sqlite_stat1 VALUES('rt0', 'rt0', ' sz=-1637107607');
INSERT OR IGNORE INTO sqlite_stat1 VALUES('rt0', 'rt0', '1091608509 sz=-792850936 unordered noskipscan');
INSERT OR IGNORE INTO sqlite_stat1 VALUES('v0', 'null', '2 sz=-1592024556 noskipscan');
DELETE FROM sqlite_stat1 WHERE CASE WHEN CAST(0.5102539249347195 AS REAL) THEN ABS(NULL) WHEN CAST(NULL AS REAL) THEN ((NULL)|('')) WHEN ((0.32213551452378997)%('')) THEN CAST(0X797acf63 AS TEXT) END;
INSERT OR IGNORE INTO sqlite_stat1 VALUES('rt0', 'null', ' sz=-774928374 unordered');
INSERT OR IGNORE INTO sqlite_stat1 VALUES('rt0', 'null', ' sz=1992352177 unordered');
DELETE FROM sqlite_stat1;
INSERT OR IGNORE INTO sqlite_stat1 VALUES('v0', 'null', '1703188066 -1309145305 sz=-86412041 unordered');
DELETE FROM sqlite_stat1 WHERE CASE CAST(0.75789675602935 AS BLOB)  WHEN ((NULL)=(x'5551')) THEN ((0.22869907754243657)+(x'')) WHEN (- ('lbW40')) THEN x'' WHEN CASE WHEN 0.12170666491375559 THEN -1e500 WHEN NULL THEN '즛゘.%' WHEN '-1266044352' THEN '-102181076' ELSE 0x4fbfd727 END THEN 0X15fe1356 COLLATE BINARY WHEN ((x'f1cd') NOT BETWEEN ('lm]lz\ndn') AND ('1743314700')) THEN (((x'', 0.31363486278879493, '1786433491')) NOT BETWEEN ((0x1820761f, '|堡', '-249582973')) AND (('-634035563', 0.07319733225379288, '*?u!T7H'))) WHEN ((((0.26918506495443495)AND(0.8083931057072068)))AND(x'6ed0')) THEN (~ (1.1033057E8)) WHEN ((((-4.34825215E8)AND(0.5767388030113126)))OR(0.4217846041630946)) THEN (((x'', 0.16830746692025889, x'')) NOT BETWEEN (('2021584780', x'', x'af5a')) AND ((x'', NULL, 0.12170666491375559))) WHEN ((-2139597828) NOT BETWEEN ('') AND (x'')) THEN ((0.8297237917346222) ISNULL) END;
INSERT OR IGNORE INTO sqlite_stat1 VALUES('v0', 'null', '');
INSERT OR IGNORE INTO sqlite_stat1 VALUES('rt0', 'null', ' unordered noskipscan');
INSERT OR IGNORE INTO sqlite_stat1 VALUES('v0', 'v0', ' noskipscan');
INSERT OR IGNORE INTO sqlite_stat1 VALUES('v0', 'v0', ' unordered noskipscan');
DELETE FROM sqlite_stat1 WHERE ((NULL IN (x'')) IN ());
DELETE FROM sqlite_stat1;
INSERT OR IGNORE INTO sqlite_stat1 VALUES('v0', 'null', ' unordered noskipscan');
INSERT OR IGNORE INTO sqlite_stat1 VALUES('v0', 'v0', ' noskipscan');
DELETE FROM sqlite_stat1 WHERE ((('0.8471072011259996')) BETWEEN ((IFNULL(NULL, NULL))) AND (((('S.뻧Xh.') ISNULL))));
INSERT OR IGNORE INTO sqlite_stat1 VALUES('v0', 'null', ' unordered noskipscan');
DELETE FROM sqlite_stat1;
DELETE FROM sqlite_stat1 WHERE ((((((0X52151507)OR('0.7171320072571988')))OR(0Xffffffffaa02b595))) NOT NULL);
DELETE FROM sqlite_stat1 WHERE (x'10de' IN ());
INSERT OR IGNORE INTO sqlite_stat1 VALUES('v0', 'rt0', '0 sz=-1054350787 unordered');
INSERT OR IGNORE INTO sqlite_stat1 VALUES('rt0', 'v0', '0 -684237182 sz=-374123900 noskipscan');
DELETE FROM sqlite_stat1 WHERE (('-759226589' COLLATE BINARY)/((-4.34825215E8 IN ())));
DELETE FROM sqlite_stat1;
DELETE FROM sqlite_stat1;
DELETE FROM sqlite_stat1;
INSERT OR IGNORE INTO sqlite_stat1 VALUES('v0', 'rt0', ' sz=1269660641');
DELETE FROM sqlite_stat1 WHERE ABS(((NULL)<(x'')));
DELETE FROM sqlite_stat1 WHERE (((((0.40230840028263337)&('')), CAST(x'' AS NUMERIC), (- (''))))>=((NULL, '-702520572', (((((((('-1166539054')AND(NULL)))AND(NULL)))OR('C7\-Ck-')))OR(x'8c18')))));
INSERT OR IGNORE INTO sqlite_stat1 VALUES('rt0', 'null', '0 sz=36335420 unordered');
DELETE FROM sqlite_stat1;
INSERT OR IGNORE INTO sqlite_stat1 VALUES('rt0', 'rt0', '1609270369 noskipscan');
DELETE FROM sqlite_stat1;
DELETE FROM sqlite_stat1 WHERE ((((((((((0.9148738965828982)>(x'')))OR(((NULL)OR(-1.16116868E8)))))AND(((((((((NULL)AND('-1843761402')))OR(NULL)))AND(NULL)))OR(NULL)))))AND(8.485334792576182E-4 COLLATE NOCASE)))OR(((NULL) ISNULL)));
INSERT OR IGNORE INTO sqlite_stat1 VALUES('rt0', 'null', ' unordered noskipscan');
DELETE FROM sqlite_stat1 WHERE (+ (CAST(0Xffffffffc8b70d2d AS TEXT)));
DELETE FROM sqlite_stat1 WHERE (NOT (CAST(1.910663699E9 AS INTEGER)));
DELETE FROM sqlite_stat1 WHERE ((((0Xffffffffed52c52d)IS('싛nec+'))) NOT BETWEEN (((NULL) BETWEEN (0.42144388335832994) AND (NULL))) AND (UNLIKELY(NULL)));
DELETE FROM sqlite_stat1 WHERE (x'7a35' IN ());
INSERT OR IGNORE INTO sqlite_stat1 VALUES('v0', 'v0', ' sz=454884775 unordered noskipscan');
DELETE FROM sqlite_stat1;
DELETE FROM sqlite_stat1;
DELETE FROM sqlite_stat1;
INSERT OR IGNORE INTO sqlite_stat1 VALUES('v0', 'v0', '0 392402259 sz=1621936883 unordered noskipscan');
DELETE FROM sqlite_stat1 WHERE ((x'') BETWEEN (0.14916643139575037) AND (NULL)) COLLATE BINARY;
DELETE FROM sqlite_stat1 WHERE ((CASE x'6794'  WHEN x'' THEN NULL END)%((((('묚')OR('JqR''')))OR(x''))));
DELETE FROM sqlite_stat1 WHERE HEX(DISTINCT highlight(x'', x'', 1266650208, '-1175865106'));
DELETE FROM sqlite_stat1;
INSERT OR IGNORE INTO sqlite_stat1 VALUES('rt0', 'null', '0');
DELETE FROM sqlite_stat1;
DELETE FROM sqlite_stat1 WHERE ((0.37924651700834844 COLLATE NOCASE) NOT BETWEEN ((('-1808010494')GLOB(NULL))) AND ((((('t9ꎻKa')OR(x'd25a')))AND(0.9421558680291583))));
INSERT OR IGNORE INTO sqlite_stat1 VALUES('v0', 'rt0', '');
INSERT OR IGNORE INTO sqlite_stat1 VALUES('rt0', 'v0', ' noskipscan');
DELETE FROM sqlite_stat1;
DELETE FROM sqlite_stat1 WHERE CAST((+ ('vZAnBY')) AS TEXT);
INSERT OR IGNORE INTO sqlite_stat1 VALUES('rt0', 'v0', '-2066046666 0 unordered');
INSERT OR IGNORE INTO sqlite_stat1 VALUES('v0', 'null', ' unordered noskipscan');
DELETE FROM sqlite_stat1;
DELETE FROM sqlite_stat1 WHERE ((((('-1442663019' IN ()))AND(0X34af96f2)))AND(NULL));
DELETE FROM sqlite_stat1;
DELETE FROM sqlite_stat1 WHERE CASE WHEN (~ (NULL)) THEN CAST(0.08866680625121803 AS INTEGER) ELSE ((((0.6076256926024032)OR(1509887164)))OR(0.5615950892699463)) END;
DELETE FROM sqlite_stat1 WHERE '335678806';
DELETE FROM sqlite_stat1;
DELETE FROM sqlite_stat1;
DELETE FROM sqlite_stat1 WHERE ((((0x7669d0a6) NOT NULL))IS NOT((+ (NULL))));
DELETE FROM sqlite_stat1;
INSERT OR IGNORE INTO sqlite_stat1 VALUES('v0', 'null', ' noskipscan');
INSERT OR IGNORE INTO sqlite_stat1 VALUES('rt0', 'rt0', ' sz=-506748577 noskipscan');
INSERT OR IGNORE INTO sqlite_stat1 VALUES('rt0', 'null', ' sz=1586235552 unordered noskipscan');
DELETE FROM sqlite_stat1;
INSERT OR IGNORE INTO sqlite_stat1 VALUES('rt0', 'v0', '');
DELETE FROM sqlite_stat1 WHERE CAST('t' COLLATE RTRIM AS BLOB);
DELETE FROM sqlite_stat1 WHERE TRIM(((0.4124095943710354)<(x'')));
DELETE FROM sqlite_stat1;
INSERT OR IGNORE INTO sqlite_stat1 VALUES('v0', 'v0', ' sz=415419012 unordered noskipscan');
DELETE FROM sqlite_stat1 WHERE '' COLLATE NOCASE;
DELETE FROM sqlite_stat1;
DELETE FROM sqlite_stat1 WHERE ((((CAST(NULL AS INTEGER))OR(CAST(0.7402914408251045 AS NUMERIC))))AND('pkS4'));
INSERT OR IGNORE INTO sqlite_stat1 VALUES('v0', 'v0', ' sz=790464505');
INSERT OR IGNORE INTO sqlite_stat1 VALUES('rt0', 'rt0', '391169200 noskipscan');
DELETE FROM sqlite_stat1 WHERE CAST(CASE NULL  WHEN '-2097401786' THEN x'' ELSE NULL END AS REAL);
DELETE FROM sqlite_stat1 WHERE ((((0.6929274710265321) NOT NULL)) NOTNULL);
INSERT OR IGNORE INTO sqlite_stat1 VALUES('rt0', 'null', '1670927386 0 sz=-1769377213 unordered');
DELETE FROM sqlite_stat1 WHERE IFNULL(DISTINCT x'', (('?C/Qj')-(0.7236270830688248)));
INSERT OR IGNORE INTO sqlite_stat1 VALUES('v0', 'rt0', '2 sz=-378775788 unordered noskipscan');
INSERT OR IGNORE INTO sqlite_stat1 VALUES('rt0', 'null', '1811352673 0 noskipscan');
INSERT OR IGNORE INTO sqlite_stat1 VALUES('rt0', 'null', ' sz=-1704531199');
DELETE FROM sqlite_stat1;
INSERT OR IGNORE INTO sqlite_stat1 VALUES('v0', 'v0', ' unordered');
INSERT OR IGNORE INTO sqlite_stat1 VALUES('v0', 'rt0', '-1323211275 noskipscan');
DELETE FROM sqlite_stat1;
INSERT OR IGNORE INTO sqlite_stat1 VALUES('rt0', 'v0', ' sz=628052320 unordered');
INSERT OR IGNORE INTO sqlite_stat1 VALUES('v0', 'null', ' sz=1016856088 noskipscan');
DELETE FROM sqlite_stat1 WHERE PRINTF(((NULL)IS NOT('475130638')));
INSERT OR IGNORE INTO sqlite_stat1 VALUES('rt0', 'null', ' sz=-312088824 noskipscan');
DELETE FROM sqlite_stat1 WHERE ((((750240207) NOT BETWEEN ('-967451094') AND (0.14470683377647742))) NOTNULL);
DELETE FROM sqlite_stat1;
INSERT OR IGNORE INTO sqlite_stat1 VALUES('rt0', 'v0', ' sz=-1374989047');
DELETE FROM sqlite_stat1 WHERE (((((NULL, '-475131986', 0.1469134905648184)) NOT BETWEEN ((0.6180209777082427, '1096102342', 1191422255)) AND ((x'', x'', NULL)))) NOT BETWEEN ((((x'2cb2')) NOT BETWEEN ((x'fc5b')) AND ((NULL)))) AND ((('-151413371') IS TRUE)));
INSERT OR IGNORE INTO sqlite_stat1 VALUES('v0', 'null', ' sz=-1658376357 unordered noskipscan');
INSERT OR IGNORE INTO sqlite_stat1 VALUES('v0', 'v0', '1990954136 unordered');
INSERT OR IGNORE INTO sqlite_stat1 VALUES('rt0', 'rt0', '1407196372 sz=-1353929304 unordered');
INSERT OR IGNORE INTO sqlite_stat1 VALUES('v0', 'rt0', ' unordered noskipscan');
DELETE FROM sqlite_stat1;
DELETE FROM sqlite_stat1;
DELETE FROM sqlite_stat1 WHERE (((((((x'1154', x'', 0.11829058425926753)) NOT BETWEEN ((0.007620753202047803, x'8685', 0.125646302581078)) AND (('150646765', '', x''))))AND((((((((('PA-AR顽')OR(1240581166)))AND('-2054830792')))OR(NULL)))AND(x'b155')))))OR((x'b7585e81' IN ())));
DELETE FROM sqlite_stat1 WHERE CHAR((0.09601574690438708 IN ()), NULL, NULL);
INSERT OR IGNORE INTO sqlite_stat1 VALUES('rt0', 'null', '-72696100 sz=1711903740');
DELETE FROM sqlite_stat1;
INSERT OR IGNORE INTO sqlite_stat1 VALUES('rt0', 'null', ' sz=-1254275875 unordered noskipscan');
INSERT OR IGNORE INTO sqlite_stat1 VALUES('v0', 'null', ' sz=225622810');
INSERT OR IGNORE INTO sqlite_stat1 VALUES('rt0', 'null', ' noskipscan');
DELETE FROM sqlite_stat1 WHERE ((('' IN ())) BETWEEN (CAST(NULL AS REAL)) AND (CASE 0xffffffff836014c5  WHEN '' THEN -1.500254237E9 ELSE 0.47493867124232403 END));
DELETE FROM sqlite_stat1 WHERE (((((NULL)) NOT BETWEEN (('0.7421480794042725')) AND ((x'')))) NOTNULL);
INSERT OR IGNORE INTO sqlite_stat1 VALUES('rt0', 'null', '-258096084 sz=64056970 unordered noskipscan');
DELETE FROM sqlite_stat1;
INSERT OR IGNORE INTO sqlite_stat1 VALUES('rt0', 'v0', ' sz=-874416043 unordered');
DELETE FROM sqlite_stat1 WHERE (- (((0.04069508140375433) NOT BETWEEN (NULL) AND (x''))));
DELETE FROM sqlite_stat1;
INSERT OR IGNORE INTO sqlite_stat1 VALUES('rt0', 'null', ' sz=976792709 unordered noskipscan');
INSERT OR IGNORE INTO sqlite_stat1 VALUES('v0', 'rt0', '490674801 -1830399941 unordered noskipscan');
INSERT OR IGNORE INTO sqlite_stat1 VALUES('v0', 'rt0', '0 0 sz=9622104 unordered noskipscan');
INSERT OR IGNORE INTO sqlite_stat1 VALUES('rt0', 'rt0', ' unordered');
INSERT OR IGNORE INTO sqlite_stat1 VALUES('rt0', 'null', '-634035563 unordered');
DELETE FROM sqlite_stat1 WHERE (((CASE -1480422729  WHEN NULL THEN '-1095935312' END))<=(((('') BETWEEN (NULL) AND (NULL)))));
INSERT OR IGNORE INTO sqlite_stat1 VALUES('v0', 'v0', '720014099 sz=-1261710670 unordered');
DELETE FROM sqlite_stat1 WHERE CAST('' AS BLOB);
INSERT OR IGNORE INTO sqlite_stat1 VALUES('v0', 'rt0', ' sz=1030480004 noskipscan');
INSERT OR IGNORE INTO sqlite_stat1 VALUES('rt0', 'null', '0 noskipscan');
DELETE FROM sqlite_stat1 WHERE (((-1.53298543E9) NOT NULL) IN ());
DELETE FROM sqlite_stat1;
DELETE FROM sqlite_stat1;
INSERT OR IGNORE INTO sqlite_stat1 VALUES('v0', 'v0', ' sz=1020325725 noskipscan');
DELETE FROM sqlite_stat1;
DELETE FROM sqlite_stat1;
INSERT OR IGNORE INTO sqlite_stat1 VALUES('v0', 'null', ' unordered noskipscan');
INSERT OR IGNORE INTO sqlite_stat1 VALUES('rt0', 'null', ' unordered noskipscan');
INSERT OR IGNORE INTO sqlite_stat1 VALUES('v0', 'null', ' unordered noskipscan');
INSERT OR IGNORE INTO sqlite_stat1 VALUES('rt0', 'v0', ' sz=-1456883004 noskipscan');
INSERT OR IGNORE INTO sqlite_stat1 VALUES('rt0', 'null', '1020325725 noskipscan');
INSERT OR IGNORE INTO sqlite_stat1 VALUES('rt0', 'v0', ' sz=-967284756 unordered noskipscan');
DELETE FROM sqlite_stat1 WHERE (((((((((((('-174578738')OR(-497999394)))AND(x'')))AND('1921163452')))AND(x'')))OR((('') NOT NULL))))OR(CASE '-1529109746'  WHEN 0x5b716306 THEN NULL ELSE x'' END));
INSERT OR IGNORE INTO sqlite_stat1 VALUES('v0', 'null', ' unordered noskipscan');
INSERT OR IGNORE INTO sqlite_stat1 VALUES('rt0', 'null', '-702520572 noskipscan');
DELETE FROM sqlite_stat1 WHERE ((x'')%(CAST(NULL AS TEXT)));
INSERT OR IGNORE INTO sqlite_stat1 VALUES('v0', 'null', ' sz=1517617652 noskipscan');
INSERT OR IGNORE INTO sqlite_stat1 VALUES('rt0', 'v0', ' noskipscan');
DELETE FROM sqlite_stat1;
INSERT OR IGNORE INTO sqlite_stat1 VALUES('v0', 'null', ' unordered noskipscan');
INSERT OR IGNORE INTO sqlite_stat1 VALUES('v0', 'rt0', ' unordered');
INSERT OR IGNORE INTO sqlite_stat1 VALUES('rt0', 'null', ' noskipscan');
DELETE FROM sqlite_stat1;
DELETE FROM sqlite_stat1 WHERE ((((0x1691ed64) NOT NULL)) IS FALSE);
DELETE FROM sqlite_stat1;
INSERT OR IGNORE INTO sqlite_stat1 VALUES('rt0', 'v0', ' unordered noskipscan');
INSERT OR IGNORE INTO sqlite_stat1 VALUES('v0', 'null', ' noskipscan');
INSERT OR IGNORE INTO sqlite_stat1 VALUES('v0', 'null', ' sz=200479073 unordered noskipscan');
DELETE FROM sqlite_stat1 WHERE (((('260398626') BETWEEN ('Y') AND (1.936389293E9)))=(((x'') NOT BETWEEN (NULL) AND (x''))));
DELETE FROM sqlite_stat1 WHERE ((((x'e9d3')<(''))) NOTNULL);
DELETE FROM sqlite_stat1 WHERE (((json_patch(NULL, NULL), (((-1.066105525E9, 0X5e89fece, 2123679252))<=((7.86602109E8, x'325a', 1298080772))), CASE WHEN x'' THEN x'4ca3' ELSE '142850933' END))=(('-1442663019' COLLATE NOCASE, ((NULL)<=(NULL)), TRIM(NULL))));
INSERT OR IGNORE INTO sqlite_stat1 VALUES('rt0', 'v0', ' sz=549562954');
INSERT OR IGNORE INTO sqlite_stat1 VALUES('rt0', 'null', '716909094 0 2 sz=-1699501257 unordered noskipscan');
DELETE FROM sqlite_stat1 WHERE (((((1992352177)) BETWEEN ((-115010149)) AND ((NULL))))%(CAST(0.9421558680291583 AS TEXT)));
DELETE FROM sqlite_stat1;
INSERT OR IGNORE INTO sqlite_stat1 VALUES('rt0', 'rt0', ' sz=-212006758 unordered noskipscan');
INSERT OR IGNORE INTO sqlite_stat1 VALUES('rt0', 'null', '953448916');
INSERT OR IGNORE INTO sqlite_stat1 VALUES('rt0', 'rt0', ' sz=-31631865');
INSERT OR IGNORE INTO sqlite_stat1 VALUES('v0', 'null', '-1442833696 -772891642 unordered');
DELETE FROM sqlite_stat1 WHERE ((NULL COLLATE NOCASE) NOT NULL);
DELETE FROM sqlite_stat1 WHERE ((((((((((0.7994138590328462)LIKE(0.7909927206117382)))OR(((x'904d')IS('303941868')))))OR(((((((((NULL)OR(x'cebb')))AND(0.8728447226941408)))OR('jK')))OR(x'')))))OR(STRFTIME('gW', x'', 0.09433676188371298))))OR(((((1.783790034E9)OR(NULL)))OR(''))));
DELETE FROM sqlite_stat1 WHERE ((((COALESCE('', x'', '0.05550055041688562', NULL))OR(((x'25a5') BETWEEN (x'7405') AND (NULL)))))AND(TRIM(0.9102978836339121, 'u>')));
INSERT OR IGNORE INTO sqlite_stat1 VALUES('rt0', 'null', '0 0');
DELETE FROM sqlite_stat1 WHERE CAST(((0X765da848)IS('-1655169978')) AS REAL);
DELETE FROM sqlite_stat1;
DELETE FROM sqlite_stat1;
INSERT OR IGNORE INTO sqlite_stat1 VALUES('rt0', 'v0', ' unordered noskipscan');
DELETE FROM sqlite_stat1;
DELETE FROM sqlite_stat1;
INSERT OR IGNORE INTO sqlite_stat1 VALUES('v0', 'rt0', '125007681 sz=-847288474');
DELETE FROM sqlite_stat1 WHERE CAST((~ ('C0og[&')) AS BLOB);
DELETE FROM sqlite_stat1;
DELETE FROM sqlite_stat1;
INSERT OR IGNORE INTO sqlite_stat1 VALUES('v0', 'null', '0');
DELETE FROM sqlite_stat1 WHERE (((0.20988843092507803 IN ()))<=((('76423070')%(NULL))));
DELETE FROM sqlite_stat1 WHERE ((LIKELIHOOD(NULL, 0.6799419787902837)) BETWEEN ((((('-11714342')AND(NULL)))OR('1377113351'))) AND (x'' COLLATE NOCASE));
INSERT OR IGNORE INTO sqlite_stat1 VALUES('rt0', 'null', ' unordered');
DELETE FROM sqlite_stat1 WHERE ((x'6719' COLLATE BINARY)<(CAST(x'' AS NUMERIC)));
DELETE FROM sqlite_stat1;
INSERT OR IGNORE INTO sqlite_stat1 VALUES('v0', 'v0', '');
INSERT OR IGNORE INTO sqlite_stat1 VALUES('v0', 'v0', ' sz=-267458497 unordered noskipscan');
DELETE FROM sqlite_stat1;
DELETE FROM sqlite_stat1;
DELETE FROM sqlite_stat1 WHERE (('-1637107607') NOT NULL) COLLATE NOCASE;
INSERT OR IGNORE INTO sqlite_stat1 VALUES('v0', 'null', ' noskipscan');
DELETE FROM sqlite_stat1;
INSERT OR IGNORE INTO sqlite_stat1 VALUES('v0', 'rt0', '0 sz=-1752010358 unordered noskipscan');
DELETE FROM sqlite_stat1 WHERE ((((CASE WHEN -1699501257 THEN -1.144572991E9 ELSE NULL END)AND(LENGTH(1.42850933E8))))OR(NULL));
DELETE FROM sqlite_stat1 WHERE ((((x'')==('!侘!+p)iở[')))OR((NOT ('G傕(8u'))));
INSERT OR IGNORE INTO sqlite_stat1 VALUES('rt0', 'null', ' sz=-116116868 unordered');
DELETE FROM sqlite_stat1 WHERE ((SQLITE_VERSION())=(-2.13402161E8 COLLATE BINARY));
DELETE FROM sqlite_stat1;
INSERT OR IGNORE INTO sqlite_stat1 VALUES('rt0', 'rt0', ' sz=-701524422 noskipscan');
INSERT OR IGNORE INTO sqlite_stat1 VALUES('v0', 'rt0', '-2051275744 noskipscan');
INSERT OR IGNORE INTO sqlite_stat1 VALUES('v0', 'null', ' unordered');
DELETE FROM sqlite_stat1 WHERE ((((790464505)%('1468209053'))) BETWEEN (0X52ec0259) AND (x'' COLLATE NOCASE));
DELETE FROM sqlite_stat1 WHERE '1960380013';
DELETE FROM sqlite_stat1 WHERE ((('', 0.2079358916957239, '_h')) BETWEEN ((((((0.10037059904941315)AND('1291276498')))AND(0.0808413733611606)), 0.8205463904489583, (NULL IN ('1338325293', '-1144572991')))) AND ((CASE WHEN x'' THEN '628052320' END, (((0.6021402570675191, 0.4031126266995444, x'')) NOT BETWEEN ((NULL, 0.3311458379917964, '-1066105525')) AND ((x'', 0.14916643139575037, 0.9941814830528586))), NULL COLLATE RTRIM)));
DELETE FROM sqlite_stat1 WHERE (((x'ec51' IN ())) BETWEEN ('547446165' COLLATE RTRIM) AND ((NULL IN ())));
DELETE FROM sqlite_stat1 WHERE x'';
INSERT OR IGNORE INTO sqlite_stat1 VALUES('v0', 'rt0', '0 unordered');
DELETE FROM sqlite_stat1 WHERE CAST((- (0.9875907146334211)) AS INTEGER);
INSERT OR IGNORE INTO sqlite_stat1 VALUES('v0', 'rt0', ' unordered');
DELETE FROM sqlite_stat1;
INSERT OR IGNORE INTO sqlite_stat1 VALUES('rt0', 'v0', '-1349189210 sz=-1430315955 unordered');
INSERT OR IGNORE INTO sqlite_stat1 VALUES('v0', 'rt0', ' unordered noskipscan');
DELETE FROM sqlite_stat1 WHERE (('1776268255')IS NOT(((0.8159094399040749)=(''))));
DELETE FROM sqlite_stat1;
INSERT OR IGNORE INTO sqlite_stat1 VALUES('rt0', 'null', ' sz=-495492687 unordered noskipscan');
DELETE FROM sqlite_stat1 WHERE ((((((x'')) NOT BETWEEN (('1936389293')) AND (('187722186')))))<((((NULL) IS TRUE))));
DELETE FROM sqlite_stat1;
INSERT OR IGNORE INTO sqlite_stat1 VALUES('rt0', 'rt0', '');
INSERT OR IGNORE INTO sqlite_stat1 VALUES('v0', 'null', '299539362 -2146291670 sz=-1662368282 unordered');
DELETE FROM sqlite_stat1;
INSERT OR IGNORE INTO sqlite_stat1 VALUES('v0', 'rt0', ' sz=-2055679949 unordered');
DELETE FROM sqlite_stat1 WHERE NULLIF(((0.7876261106217469) NOT NULL), (('1786433491')<<('Q+')));
DELETE FROM sqlite_stat1 WHERE CASE ((NULL)|(NULL))  WHEN json_array_length(0.09065554809661536, '-86412041') THEN '-1362330101' WHEN '770010807' THEN (((0Xffffffffc5018f8f, 0.12513075342989877, x'')) NOT BETWEEN ((x'', '쇏g', NULL)) AND ((1.333187307E9, NULL, 0xffffffffedaa3d40))) WHEN (((0.14916643139575037)) NOT BETWEEN (('Y6K')) AND ((0.4217846041630946))) THEN (- (x'e53e')) ELSE ((0.9287483831725486)*(0.5538136853284845)) END;
DELETE FROM sqlite_stat1 WHERE (((((('M~')OR(0.8781592825531763)))AND(-1296585327)))>>(((((((((x'')AND('ꢩ{')))OR('')))OR('-1740788176')))AND(x'c3d7'))));
INSERT OR IGNORE INTO sqlite_stat1 VALUES('v0', 'v0', '-14231399 2 unordered noskipscan');
DELETE FROM sqlite_stat1 WHERE (NOT (((0.042403442260607216)<(-28890568))));
DELETE FROM sqlite_stat1 WHERE (((NOT (0.03273510352484388)))GLOB(NULL COLLATE NOCASE));
INSERT OR IGNORE INTO sqlite_stat1 VALUES('rt0', 'null', ' sz=-856148771');
INSERT OR IGNORE INTO sqlite_stat1 VALUES('v0', 'v0', '0 sz=870339885 unordered');
INSERT OR IGNORE INTO sqlite_stat1 VALUES('v0', 'rt0', '0 sz=1449753495 noskipscan');
DELETE FROM sqlite_stat1 WHERE (((((NULL)) BETWEEN ((970610743)) AND ((0Xffffffffd46168ff)))) BETWEEN (('-1210759395' IN ('逞#1 a'))) AND (((0.5102766810584117)<=(x''))));
DELETE FROM sqlite_stat1;
DELETE FROM sqlite_stat1;
DELETE FROM sqlite_stat1 WHERE ((('0.2079358916957239') NOT NULL) IN ());
INSERT OR IGNORE INTO sqlite_stat1 VALUES('v0', 'null', '2 sz=-1388268200 unordered');
DELETE FROM sqlite_stat1 WHERE json_insert(TRIM('-1647507131'), ((0.8594882350121581)>>('510704882')), (('')OR(3.911692E8)), (~ (NULL)), ((((1517617652)OR(NULL)))OR(x'95e2')), ((x'') NOT BETWEEN ('Rt') AND (NULL)), ((2048404599)<(0.3792986784870134)));
DELETE FROM sqlite_stat1 WHERE CASE WHEN ((NULL) BETWEEN (NULL) AND (NULL)) THEN LTRIM('1129117227', x'e264') WHEN MAX('-1264306921', NULL) THEN 2.2562281E8 WHEN (~ (0.6023922525564862)) THEN '' COLLATE RTRIM END;
DELETE FROM sqlite_stat1;
DELETE FROM sqlite_stat1;
DELETE FROM sqlite_stat1 WHERE ((((((((((x'')OR(x'')))OR(NULL)))OR(x'')))OR(1.335106053E9)))>>(((0x6d0060d7)%(x''))));
DELETE FROM sqlite_stat1;
INSERT OR IGNORE INTO sqlite_stat1 VALUES('rt0', 'null', ' sz=955562279 noskipscan');
INSERT OR IGNORE INTO sqlite_stat1 VALUES('v0', 'v0', '0 unordered');
INSERT OR IGNORE INTO sqlite_stat1 VALUES('rt0', 'rt0', ' noskipscan');
DELETE FROM sqlite_stat1 WHERE SUBSTR((('') BETWEEN (x'7768') AND (NULL)), ((0xffffffffa0847c2c) IS FALSE));
DELETE FROM sqlite_stat1;
INSERT OR IGNORE INTO sqlite_stat1 VALUES('rt0', 'rt0', ' unordered');
DELETE FROM sqlite_stat1 WHERE DATETIME(((((1.514933629E9)OR(NULL)))OR(0.46270968085080955)), '742386903', x'');
DELETE FROM sqlite_stat1;
INSERT OR IGNORE INTO sqlite_stat1 VALUES('v0', 'v0', ' noskipscan');
DELETE FROM sqlite_stat1 WHERE x'';
INSERT OR IGNORE INTO sqlite_stat1 VALUES('v0', 'null', ' unordered noskipscan');
INSERT OR IGNORE INTO sqlite_stat1 VALUES('rt0', 'null', ' unordered');
DELETE FROM sqlite_stat1;
INSERT OR IGNORE INTO sqlite_stat1 VALUES('v0', 'rt0', ' unordered noskipscan');
DELETE FROM sqlite_stat1;
DELETE FROM sqlite_stat1 WHERE ((((((((((x'496c67a9')AND('25032296')))AND(NULL)))AND(NULL)))AND('\n佑/决6H-A3'))) NOT BETWEEN (((((NULL)OR(NULL)))AND(x''))) AND (((0X36ef7971)GLOB(x''))));
INSERT OR IGNORE INTO sqlite_stat1 VALUES('rt0', 'v0', ' sz=1806461648');
DELETE FROM sqlite_stat1;
INSERT OR IGNORE INTO sqlite_stat1 VALUES('rt0', 'null', ' unordered noskipscan');
DELETE FROM sqlite_stat1 WHERE ((0.9875907146334211) BETWEEN ('-249582973') AND (0.24781937484890249)) COLLATE RTRIM;
INSERT OR IGNORE INTO sqlite_stat1 VALUES('rt0', 'rt0', '0 sz=-636398927');
INSERT OR IGNORE INTO sqlite_stat1 VALUES('rt0', 'rt0', '2 0 sz=685320563 unordered noskipscan');
DELETE FROM sqlite_stat1;
INSERT OR IGNORE INTO sqlite_stat1 VALUES('v0', 'rt0', ' unordered noskipscan');
DELETE FROM sqlite_stat1;
INSERT OR IGNORE INTO sqlite_stat1 VALUES('rt0', 'v0', '0 -253548601');
DELETE FROM sqlite_stat1;
INSERT OR IGNORE INTO sqlite_stat1 VALUES('v0', 'v0', ' sz=-1740788176 noskipscan');
INSERT OR IGNORE INTO sqlite_stat1 VALUES('rt0', 'rt0', ' sz=-1025498755 unordered noskipscan');
DELETE FROM sqlite_stat1;
DELETE FROM sqlite_stat1 WHERE TRIM(x'5874') COLLATE NOCASE;
DELETE FROM sqlite_stat1;
INSERT OR IGNORE INTO sqlite_stat1 VALUES('v0', 'null', '');
INSERT OR IGNORE INTO sqlite_stat1 VALUES('v0', 'null', '');
DELETE FROM sqlite_stat1 WHERE 1095946581;
INSERT OR IGNORE INTO sqlite_stat1 VALUES('v0', 'null', '');
INSERT OR IGNORE INTO sqlite_stat1 VALUES('v0', 'v0', '368972630 0 noskipscan');
INSERT OR IGNORE INTO sqlite_stat1 VALUES('v0', 'rt0', '0 unordered');
DELETE FROM sqlite_stat1 WHERE ((CAST(x'' AS BLOB))|((((0xffffffffd22a99ce)) BETWEEN (('G傕(8u')) AND (('ᨅ,Fe')))));
DELETE FROM sqlite_stat1 WHERE (~ (((955562279)==(NULL))));
DELETE FROM sqlite_stat1 WHERE (~ (CASE WHEN 0.3962526269163489 THEN '-336626096' ELSE '1021186276' END));
INSERT OR IGNORE INTO sqlite_stat1 VALUES('v0', 'null', '560551648 2 sz=-1344047548');
DELETE FROM sqlite_stat1 WHERE (((((0x1483b1db, '|I6䶼,', '2110565350', -3.36626096E8, 0.4841015135588217))<=(('750240207', '1099486822', NULL, x'f38ac1b1', '-1413315754'))))<<(CASE WHEN 'G傕(8u' THEN x'' WHEN NULL THEN '-434825215' WHEN 'o3' THEN 'P/' ELSE 'Z罚2T4.' END));
INSERT OR IGNORE INTO sqlite_stat1 VALUES('rt0', 'rt0', '-250995133 sz=-213402161');
INSERT OR IGNORE INTO sqlite_stat1 VALUES('rt0', 'rt0', ' unordered noskipscan');
INSERT OR IGNORE INTO sqlite_stat1 VALUES('v0', 'rt0', '0 0 sz=-1066105525 noskipscan');
DELETE FROM sqlite_stat1 WHERE ((((NULL)AND((('-796338183') ISNULL))))AND((('') NOT BETWEEN (NULL) AND (0.7433303474037953))));
INSERT OR IGNORE INTO sqlite_stat1 VALUES('rt0', 'null', ' sz=-704268709 unordered noskipscan');
INSERT OR IGNORE INTO sqlite_stat1 VALUES('v0', 'null', ' noskipscan');
DELETE FROM sqlite_stat1 WHERE (- (NULLIF(NULL, ']2	gZ_X{V')));
INSERT OR IGNORE INTO sqlite_stat1 VALUES('rt0', 'null', ' unordered');
INSERT OR IGNORE INTO sqlite_stat1 VALUES('rt0', 'null', '628052320 unordered');
DELETE FROM sqlite_stat1;
DELETE FROM sqlite_stat1 WHERE NULL;
DELETE FROM sqlite_stat1 WHERE CAST((1774454863 IN ()) AS INTEGER);
DELETE FROM sqlite_stat1 WHERE (((x'' IN ())) NOTNULL);
INSERT OR IGNORE INTO sqlite_stat1 VALUES('v0', 'rt0', '0 unordered');
INSERT OR IGNORE INTO sqlite_stat1 VALUES('rt0', 'null', ' unordered');
DELETE FROM sqlite_stat1 WHERE LTRIM('H?' COLLATE BINARY);
INSERT OR IGNORE INTO sqlite_stat1 VALUES('v0', 'v0', ' noskipscan');
INSERT OR IGNORE INTO sqlite_stat1 VALUES('rt0', 'rt0', '0 1249647867 noskipscan');
INSERT OR IGNORE INTO sqlite_stat1 VALUES('v0', 'v0', ' sz=344175067 unordered');
INSERT OR IGNORE INTO sqlite_stat1 VALUES('rt0', 'null', '2066382519 unordered');
DELETE FROM sqlite_stat1;
DELETE FROM sqlite_stat1 WHERE (('㔗''k')OR(((NULL) IS TRUE)));
INSERT OR IGNORE INTO sqlite_stat1 VALUES('v0', 'null', ' unordered noskipscan');
DELETE FROM sqlite_stat1 WHERE 0.0810537523316579;
INSERT OR IGNORE INTO sqlite_stat1 VALUES('rt0', 'null', '0 unordered noskipscan');
DELETE FROM sqlite_stat1 WHERE (((x'')AND(NULL)) IN ());
DELETE FROM sqlite_stat1;
INSERT OR IGNORE INTO sqlite_stat1 VALUES('rt0', 'rt0', ' unordered');
INSERT OR IGNORE INTO sqlite_stat1 VALUES('v0', 'null', '2 2 unordered noskipscan');
INSERT OR IGNORE INTO sqlite_stat1 VALUES('v0', 'null', ' sz=742386903 noskipscan');
INSERT OR IGNORE INTO sqlite_stat1 VALUES('rt0', 'null', ' unordered noskipscan');
INSERT OR IGNORE INTO sqlite_stat1 VALUES('rt0', 'null', '-108977466 4');
INSERT OR IGNORE INTO sqlite_stat1 VALUES('v0', 'v0', ' sz=-13008887 noskipscan');
INSERT OR IGNORE INTO sqlite_stat1 VALUES('v0', 'null', ' sz=211818593');
DELETE FROM sqlite_stat1;
DELETE FROM sqlite_stat1;
INSERT OR IGNORE INTO sqlite_stat1 VALUES('rt0', 'null', ' sz=628758077 noskipscan');
DELETE FROM sqlite_stat1 WHERE ((((((((CAST(x'' AS TEXT))AND(x'cab6' COLLATE BINARY)))OR((x'64f7' IN ()))))OR((((('76423070')OR('.k')))OR(0Xfffffffffad974f7)))))OR(CASE 0.7668538006823699  WHEN x'ab6c' THEN NULL ELSE NULL END));
INSERT OR IGNORE INTO sqlite_stat1 VALUES('rt0', 'null', ' sz=642739170 noskipscan');
INSERT OR IGNORE INTO sqlite_stat1 VALUES('rt0', 'v0', '-434825215 unordered noskipscan');
INSERT OR IGNORE INTO sqlite_stat1 VALUES('v0', 'null', ' sz=80947414 noskipscan');
INSERT OR IGNORE INTO sqlite_stat1 VALUES('v0', 'null', ' unordered');
DELETE FROM sqlite_stat1;
DELETE FROM sqlite_stat1;
DELETE FROM sqlite_stat1;
INSERT OR IGNORE INTO sqlite_stat1 VALUES('rt0', 'null', ' sz=1404207800');
INSERT OR IGNORE INTO sqlite_stat1 VALUES('rt0', 'null', '0 noskipscan');
INSERT OR IGNORE INTO sqlite_stat1 VALUES('v0', 'rt0', '1808830550 unordered');
DELETE FROM sqlite_stat1 WHERE ((- (x'')) IN ());
INSERT OR IGNORE INTO sqlite_stat1 VALUES('v0', 'null', ' sz=-1355615871 noskipscan');
DELETE FROM sqlite_stat1;
INSERT OR IGNORE INTO sqlite_stat1 VALUES('v0', 'v0', '703747037 sz=1448554588 unordered');
INSERT OR IGNORE INTO sqlite_stat1 VALUES('v0', 'rt0', '0 sz=1539580619 noskipscan');
INSERT OR IGNORE INTO sqlite_stat1 VALUES('v0', 'v0', '0 unordered');
DELETE FROM sqlite_stat1;
DELETE FROM sqlite_stat1 WHERE CASE ((-1941838060) NOT NULL)  WHEN (('1282321977') IS TRUE) THEN ((((0.95923206375296)AND(0.19797956899836466)))OR('1021619460')) END;
INSERT OR IGNORE INTO sqlite_stat1 VALUES('rt0', 'rt0', '0 4 noskipscan');
DELETE FROM sqlite_stat1;
DELETE FROM sqlite_stat1;
INSERT OR IGNORE INTO sqlite_stat1 VALUES('v0', 'rt0', '368972630');
DELETE FROM sqlite_stat1 WHERE (~ (('-757891023' IN (NULL))));
INSERT OR IGNORE INTO sqlite_stat1 VALUES('rt0', 'null', '-343967991 -1332690868 unordered');
INSERT OR IGNORE INTO sqlite_stat1 VALUES('v0', 'null', '');
DELETE FROM sqlite_stat1;
INSERT OR IGNORE INTO sqlite_stat1 VALUES('v0', 'v0', ' sz=1454891102 noskipscan');
INSERT OR IGNORE INTO sqlite_stat1 VALUES('rt0', 'null', ' sz=-1343432746 unordered');
INSERT OR IGNORE INTO sqlite_stat1 VALUES('v0', 'rt0', '-778482180 sz=110330570 unordered');
INSERT OR IGNORE INTO sqlite_stat1 VALUES('v0', 'rt0', '0 noskipscan');
DELETE FROM sqlite_stat1;
DELETE FROM sqlite_stat1 WHERE ABS(DISTINCT ' l');
DELETE FROM sqlite_stat1;
DELETE FROM sqlite_stat1 WHERE ((x'0513') NOT BETWEEN ((((0.38379333112658)) NOT BETWEEN ((0.882150856456512)) AND ((x'48e7')))) AND (CASE WHEN 'jK' THEN x'c144' WHEN '-1441303128' THEN '-1649656177' WHEN 't' THEN 0.9155897628164691 ELSE NULL END));
INSERT OR IGNORE INTO sqlite_stat1 VALUES('v0', 'v0', ' unordered');
INSERT OR IGNORE INTO sqlite_stat1 VALUES('v0', 'null', ' unordered');
DELETE FROM sqlite_stat1;
DELETE FROM sqlite_stat1 WHERE ((LOWER(2.11056535E9)) NOT BETWEEN (((((((((x'')OR(x'7519e877')))AND(NULL)))AND(x'')))AND(0.7994138590328462))) AND ((((',⥇>fZ', NULL, x'', 0.1018198026249032, 0.4774373473216411, '-1441303128', NULL)) BETWEEN ((x'', NULL, 0xffffffffce1c4ecb, x'', 0.03168493212857959, '&4', x'')) AND ((NULL, 0xc2e15f3, x'', '4⪺', '', '哵UW\n㳮}c', '642968146')))));
DELETE FROM sqlite_stat1;
DELETE FROM sqlite_stat1 WHERE CASE (~ (0x6a6c70d9))  WHEN (((NULL))>((1.520777754E9))) THEN (('1227429801') IS TRUE) ELSE ((x'') NOT NULL) END;
INSERT OR IGNORE INTO sqlite_stat1 VALUES('rt0', 'null', ' sz=628758077 noskipscan');
INSERT OR IGNORE INTO sqlite_stat1 VALUES('rt0', 'null', ' sz=-1137035407');
INSERT OR IGNORE INTO sqlite_stat1 VALUES('rt0', 'rt0', '0 921663857 noskipscan');
DELETE FROM sqlite_stat1 WHERE LIKELIHOOD(CASE WHEN NULL THEN x'7d7755bc' WHEN 0.21003455347538946 THEN 0.9506308016861266 WHEN NULL THEN x'' ELSE '150646765' END, 0.13618594949967955);
INSERT OR IGNORE INTO sqlite_stat1 VALUES('v0', 'null', '754275443 noskipscan');
DELETE FROM sqlite_stat1;
DELETE FROM sqlite_stat1;
INSERT OR IGNORE INTO sqlite_stat1 VALUES('rt0', 'rt0', ' sz=-60129402 noskipscan');
DELETE FROM sqlite_stat1;
DELETE FROM sqlite_stat1;
INSERT OR IGNORE INTO sqlite_stat1 VALUES('rt0', 'rt0', '0 unordered');
INSERT OR IGNORE INTO sqlite_stat1 VALUES('v0', 'null', ' sz=-1529109746 noskipscan');
DELETE FROM sqlite_stat1 WHERE ((0.7566976441833351) BETWEEN (NULL) AND (x'21ef')) COLLATE BINARY;
DELETE FROM sqlite_stat1;
INSERT OR IGNORE INTO sqlite_stat1 VALUES('v0', 'v0', '-2054830792');
INSERT OR IGNORE INTO sqlite_stat1 VALUES('rt0', 'v0', ' unordered');
INSERT OR IGNORE INTO sqlite_stat1 VALUES('rt0', 'null', '872361735 sz=-1766987402');
INSERT OR IGNORE INTO sqlite_stat1 VALUES('v0', 'null', ' unordered');
INSERT OR IGNORE INTO sqlite_stat1 VALUES('rt0', 'v0', ' unordered');
INSERT OR IGNORE INTO sqlite_stat1 VALUES('rt0', 'null', ' sz=-476761501');
DELETE FROM sqlite_stat1;
DELETE FROM sqlite_stat1;
INSERT OR IGNORE INTO sqlite_stat1 VALUES('v0', 'null', '-532044460 noskipscan');
INSERT OR IGNORE INTO sqlite_stat1 VALUES('v0', 'null', ' sz=101680705 noskipscan');
INSERT OR IGNORE INTO sqlite_stat1 VALUES('rt0', 'v0', ' unordered noskipscan');
DELETE FROM sqlite_stat1;
INSERT OR IGNORE INTO sqlite_stat1 VALUES('rt0', 'null', '0 sz=532713386 unordered');
DELETE FROM sqlite_stat1 WHERE CAST(((NULL)OR(0x5a7501f4)) AS REAL);
DELETE FROM sqlite_stat1;
INSERT OR IGNORE INTO sqlite_stat1 VALUES('v0', 'rt0', '2130564029 unordered noskipscan');
DELETE FROM sqlite_stat1 WHERE (((((x'' IN ()))AND((('-1359499345') NOT BETWEEN ('') AND (x'27b8')))))AND(((0Xffffffffd088d7f9)|(NULL))));
DELETE FROM sqlite_stat1;
DELETE FROM sqlite_stat1 WHERE SQLITE_VERSION();
INSERT OR IGNORE INTO sqlite_stat1 VALUES('v0', 'null', '');
INSERT OR IGNORE INTO sqlite_stat1 VALUES('v0', 'null', '');
INSERT OR IGNORE INTO sqlite_stat1 VALUES('v0', 'null', ' unordered noskipscan');
DELETE FROM sqlite_stat1;
INSERT OR IGNORE INTO sqlite_stat1 VALUES('rt0', 'v0', '2 sz=266439882 noskipscan');
DELETE FROM sqlite_stat1 WHERE CAST(UPPER(DISTINCT '') AS BLOB);
DELETE FROM sqlite_stat1 WHERE CAST('1700035811' AS TEXT);
INSERT OR IGNORE INTO sqlite_stat1 VALUES('v0', 'rt0', '');
INSERT OR IGNORE INTO sqlite_stat1 VALUES('rt0', 'v0', '');
DELETE FROM sqlite_stat1;
DELETE FROM sqlite_stat1;
INSERT OR IGNORE INTO sqlite_stat1 VALUES('rt0', 'null', ' unordered');
DELETE FROM sqlite_stat1 WHERE (((NULL)) NOT BETWEEN ((x'')) AND ((CAST(NULL AS INTEGER))));
INSERT OR IGNORE INTO sqlite_stat1 VALUES('rt0', 'null', '0 noskipscan');
INSERT OR IGNORE INTO sqlite_stat1 VALUES('rt0', 'rt0', ' sz=-2127544099 unordered noskipscan');
INSERT OR IGNORE INTO sqlite_stat1 VALUES('v0', 'null', ' sz=-533204488');
DELETE FROM sqlite_stat1;
DELETE FROM sqlite_stat1;
INSERT OR IGNORE INTO sqlite_stat1 VALUES('v0', 'v0', ' sz=-1216177571 unordered noskipscan');
DELETE FROM sqlite_stat1 WHERE (((~ (x''))) IS FALSE);
DELETE FROM sqlite_stat1;
DELETE FROM sqlite_stat1 WHERE CASE ('' IN ())  WHEN ((0.14773624117078266) BETWEEN (0.6805146966362311) AND (NULL)) THEN (((277412444))>((NULL))) ELSE ((0.243446048552866) BETWEEN (0.9062875901262015) AND (NULL)) END;
DELETE FROM sqlite_stat1 WHERE ((((CASE 'sux]D'  WHEN x'67b62d27' THEN 0.42279193016160443 ELSE '3\rI尕' END)AND((NULL IN ()))))AND(ABS(0.9327478748338991)));
DELETE FROM sqlite_stat1;
DELETE FROM sqlite_stat1;
DELETE FROM sqlite_stat1;
DELETE FROM sqlite_stat1 WHERE (('1627467193' COLLATE RTRIM) NOT BETWEEN (('142850933' IN ())) AND (((7.642307E7) ISNULL)));
INSERT OR IGNORE INTO sqlite_stat1 VALUES('v0', 'rt0', ' sz=-40016391 noskipscan');
INSERT OR IGNORE INTO sqlite_stat1 VALUES('rt0', 'null', '');
DELETE FROM sqlite_stat1;
INSERT OR IGNORE INTO sqlite_stat1 VALUES('rt0', 'null', '2 sz=-1418311651 unordered noskipscan');
DELETE FROM sqlite_stat1 WHERE ((('	l0Dnw쳋,', NULL, x'')) BETWEEN ((SQLITE_VERSION(), ((x'3fac') ISNULL), CAST(NULL AS TEXT))) AND (((('')>>(0.778972242053124)), CAST('-1343432746' AS TEXT), (~ ('0.75789675602935')))));
INSERT OR IGNORE INTO sqlite_stat1 VALUES('rt0', 'null', '1952367381 sz=1952367381 unordered noskipscan');
INSERT OR IGNORE INTO sqlite_stat1 VALUES('rt0', 'rt0', '0 noskipscan');
INSERT OR IGNORE INTO sqlite_stat1 VALUES('rt0', 'null', ' sz=-2119433352 unordered');
DELETE FROM sqlite_stat1;
INSERT OR IGNORE INTO sqlite_stat1 VALUES('rt0', 'rt0', ' unordered');
DELETE FROM sqlite_stat1;
DELETE FROM sqlite_stat1 WHERE CAST(0.5330857869028395 AS NUMERIC) COLLATE RTRIM;
INSERT OR IGNORE INTO sqlite_stat1 VALUES('v0', 'rt0', ' sz=1407196372 noskipscan');
INSERT OR IGNORE INTO sqlite_stat1 VALUES('v0', 'null', '2094736368 noskipscan');
DELETE FROM sqlite_stat1;
DELETE FROM sqlite_stat1;
DELETE FROM sqlite_stat1 WHERE (+ (((x'') NOT BETWEEN ('-1291979996') AND (NULL))));
INSERT OR IGNORE INTO sqlite_stat1 VALUES('rt0', 'null', ' unordered');
INSERT OR IGNORE INTO sqlite_stat1 VALUES('rt0', 'null', ' sz=-1893314157 noskipscan');
INSERT OR IGNORE INTO sqlite_stat1 VALUES('v0', 'rt0', '0 -634035563 sz=-1174669742 unordered');
DELETE FROM sqlite_stat1;
INSERT OR IGNORE INTO sqlite_stat1 VALUES('rt0', 'rt0', ' sz=-1700149698 noskipscan');
INSERT OR IGNORE INTO sqlite_stat1 VALUES('v0', 'v0', ' unordered noskipscan');
DELETE FROM sqlite_stat1 WHERE ((('') ISNULL) IN ());
INSERT OR IGNORE INTO sqlite_stat1 VALUES('rt0', 'v0', ' sz=1921257898');
DELETE FROM sqlite_stat1 WHERE TRIM(DISTINCT ((0.3415253363177244)|('jK')), (-1.637107607E9 IN ('')));
DELETE FROM sqlite_stat1;
INSERT OR IGNORE INTO sqlite_stat1 VALUES('rt0', 'null', '1751055272 noskipscan');
INSERT OR IGNORE INTO sqlite_stat1 VALUES('rt0', 'null', '0 -1769377213 unordered noskipscan');
DELETE FROM sqlite_stat1;
DELETE FROM sqlite_stat1;
INSERT OR IGNORE INTO sqlite_stat1 VALUES('v0', 'null', '');
DELETE FROM sqlite_stat1;
INSERT OR IGNORE INTO sqlite_stat1 VALUES('rt0', 'rt0', ' unordered noskipscan');
INSERT OR IGNORE INTO sqlite_stat1 VALUES('v0', 'null', ' sz=1786433491 unordered');
DELETE FROM sqlite_stat1;
INSERT OR IGNORE INTO sqlite_stat1 VALUES('v0', 'null', '2 unordered noskipscan');
INSERT OR IGNORE INTO sqlite_stat1 VALUES('v0', 'null', ' sz=-1243182408 unordered noskipscan');
INSERT OR IGNORE INTO sqlite_stat1 VALUES('v0', 'null', ' sz=-401813927');
INSERT OR IGNORE INTO sqlite_stat1 VALUES('rt0', 'null', ' unordered noskipscan');
INSERT OR IGNORE INTO sqlite_stat1 VALUES('v0', 'rt0', ' sz=-2140529594');
DELETE FROM sqlite_stat1 WHERE ((x'' IN ()) IN ());
INSERT OR IGNORE INTO sqlite_stat1 VALUES('v0', 'rt0', ' sz=-102968415');
INSERT OR IGNORE INTO sqlite_stat1 VALUES('v0', 'null', ' unordered');
DELETE FROM sqlite_stat1 WHERE CAST(CASE WHEN 0.3813405226233182 THEN 'vn' END AS BLOB);
INSERT OR IGNORE INTO sqlite_stat1 VALUES('rt0', 'null', ' sz=-185981849 unordered noskipscan');
INSERT OR IGNORE INTO sqlite_stat1 VALUES('rt0', 'null', ' noskipscan');
INSERT OR IGNORE INTO sqlite_stat1 VALUES('v0', 'null', '2 sz=1377113351 unordered');
INSERT OR IGNORE INTO sqlite_stat1 VALUES('v0', 'rt0', '2 sz=-827172774');
INSERT OR IGNORE INTO sqlite_stat1 VALUES('rt0', 'null', '0 unordered');
INSERT OR IGNORE INTO sqlite_stat1 VALUES('v0', 'null', ' sz=786602109 unordered noskipscan');
DELETE FROM sqlite_stat1 WHERE CASE WHEN CASE '-1655169978'  WHEN NULL THEN x'' ELSE x'' END THEN 0.33586523828321035 ELSE ((NULL) IS TRUE) END;
DELETE FROM sqlite_stat1;
INSERT OR IGNORE INTO sqlite_stat1 VALUES('rt0', 'v0', ' sz=-162766012');
DELETE FROM sqlite_stat1;
INSERT OR IGNORE INTO sqlite_stat1 VALUES('rt0', 'v0', ' sz=1494374774 noskipscan');
INSERT OR IGNORE INTO sqlite_stat1 VALUES('v0', 'null', ' noskipscan');
DELETE FROM sqlite_stat1 WHERE (('R%x') NOT BETWEEN ((((-1.144572991E9, -1.34918921E9, NULL, '0.47493867124232403', 0.9973804205935985))<(('-1611731436', 0.9994826652560966, -1359981470, 'i41*', '')))) AND (CAST('波2|흿p㏁X(' AS REAL)));
DELETE FROM sqlite_stat1 WHERE (~ ((- (NULL))));
DELETE FROM sqlite_stat1 WHERE (((((x'', '1335106053', NULL))<>(('-698629089', x'', 0.3040024127826908))))<=(CAST('ᮼy{dV' AS REAL)));
INSERT OR IGNORE INTO sqlite_stat1 VALUES('v0', 'rt0', '2 sz=-1080017438 unordered');
INSERT OR IGNORE INTO sqlite_stat1 VALUES('v0', 'rt0', ' sz=-710647002 noskipscan');
DELETE FROM sqlite_stat1 WHERE (+ (((('u>'))!=(('-1513687889')))));
INSERT OR IGNORE INTO sqlite_stat1 VALUES('v0', 'null', '');
DELETE FROM sqlite_stat1 WHERE ((((((x'')OR(NULL)))AND('-1367455836')))OR((((NULL)) BETWEEN (('-608391584')) AND ((NULL)))));
DELETE FROM sqlite_stat1;
DELETE FROM sqlite_stat1;
DELETE FROM sqlite_stat1;
INSERT OR IGNORE INTO sqlite_stat1 VALUES('v0', 'null', '');
DELETE FROM sqlite_stat1;
INSERT OR IGNORE INTO sqlite_stat1 VALUES('v0', 'null', ' sz=-86412041 unordered noskipscan');
INSERT OR IGNORE INTO sqlite_stat1 VALUES('rt0', 'null', ' noskipscan');
INSERT OR IGNORE INTO sqlite_stat1 VALUES('v0', 'null', ' sz=2007322235 unordered noskipscan');
DELETE FROM sqlite_stat1 WHERE ((CAST(x'' AS REAL)) BETWEEN ((NOT ('cmH1'))) AND (NULLIF('逞#1 a', '')));
DELETE FROM sqlite_stat1 WHERE CASE WHEN CAST('1227429801' AS NUMERIC) THEN ((NULL) BETWEEN ('㹶zk耒Xj(nR') AND (x'')) END;
DELETE FROM sqlite_stat1;
DELETE FROM sqlite_stat1;
DELETE FROM sqlite_stat1;
DELETE FROM sqlite_stat1 WHERE (((((x'')AND(0.16106465423906302)))OR(x'')) IN ());
INSERT OR IGNORE INTO sqlite_stat1 VALUES('v0', 'v0', ' sz=-816469732 unordered');
INSERT OR IGNORE INTO sqlite_stat1 VALUES('rt0', 'null', '-2101028441');
DELETE FROM sqlite_stat1;
DELETE FROM sqlite_stat1;
INSERT OR IGNORE INTO sqlite_stat1 VALUES('v0', 'null', ' noskipscan');
INSERT OR IGNORE INTO sqlite_stat1 VALUES('rt0', 'null', ' sz=70680613 unordered');
INSERT OR IGNORE INTO sqlite_stat1 VALUES('rt0', 'rt0', ' unordered noskipscan');
DELETE FROM sqlite_stat1 WHERE (((((((((('RU')<>('')))OR(json_insert(x'c040', '', NULL))))OR((('1856105627')=(x'0009')))))OR((((NULL)) BETWEEN (('-1441303128')) AND ((NULL))))))OR((NULL IN ())));
DELETE FROM sqlite_stat1;
DELETE FROM sqlite_stat1;
INSERT OR IGNORE INTO sqlite_stat1 VALUES('rt0', 'null', '0 464873721 sz=-1582098868 unordered noskipscan');
INSERT OR IGNORE INTO sqlite_stat1 VALUES('rt0', 'rt0', ' sz=415419012 noskipscan');
INSERT OR IGNORE INTO sqlite_stat1 VALUES('v0', 'null', ' unordered');
DELETE FROM sqlite_stat1;
DELETE FROM sqlite_stat1 WHERE (((((x'1e16')) NOT BETWEEN ((NULL)) AND ((x'')))) NOT NULL);
DELETE FROM sqlite_stat1 WHERE (((((0Xffffffffd5698ee5)) BETWEEN ((x'')) AND ((NULL))))%(((0X51d8aa0)>(0.8600229493775))));
INSERT OR IGNORE INTO sqlite_stat1 VALUES('v0', 'rt0', ' sz=422225761 unordered noskipscan');
DELETE FROM sqlite_stat1 WHERE (((((0Xffffffffbd944fd4)) BETWEEN ((NULL)) AND ((0.08287549810994888))))<=(((('Ky')) NOT BETWEEN ((x'18b5')) AND ((NULL)))));
DELETE FROM sqlite_stat1 WHERE ((CASE WHEN NULL THEN '1654232920' ELSE NULL END)IS NOT(((('rz', '-1879306307', 0X2f1d87f9, NULL, x'')) NOT BETWEEN (('1335106053', x'', x'', '', x'')) AND ((NULL, '-1323211275', 0.49855994489769406, '-531599140', 0x18c2ca84)))));
INSERT OR IGNORE INTO sqlite_stat1 VALUES('v0', 'v0', ' noskipscan');
DELETE FROM sqlite_stat1 WHERE ((('f-3080041434464668783-8713421144659965532:1165 1541t336t1210-1074714473109514969:o')) BETWEEN (((('0.0808413733611606')GLOB(0X25105a65)))) AND ((((x'6c41201e')IS NOT(NULL)))));
DELETE FROM sqlite_stat1;
INSERT OR IGNORE INTO sqlite_stat1 VALUES('rt0', 'null', ' unordered');
DELETE FROM sqlite_stat1 WHERE ((NULL) IS TRUE);
INSERT OR IGNORE INTO sqlite_stat1 VALUES('rt0', 'rt0', '21421551 sz=-1086539677 unordered noskipscan');
INSERT OR IGNORE INTO sqlite_stat1 VALUES('v0', 'rt0', ' unordered noskipscan');
DELETE FROM sqlite_stat1;
INSERT OR IGNORE INTO sqlite_stat1 VALUES('v0', 'rt0', ' sz=-956433831 unordered');
DELETE FROM sqlite_stat1;
DELETE FROM sqlite_stat1 WHERE (((((x'')) NOT BETWEEN (('9VSt1맠')) AND ((x''))))*(CASE WHEN x'929555cf' THEN x'' END));
DELETE FROM sqlite_stat1;
INSERT OR IGNORE INTO sqlite_stat1 VALUES('rt0', 'rt0', ' sz=-1129678795 noskipscan');
DELETE FROM sqlite_stat1 WHERE (~ (NULL)) COLLATE RTRIM;
INSERT OR IGNORE INTO sqlite_stat1 VALUES('v0', 'rt0', ' sz=-1782165093 unordered noskipscan');
DELETE FROM sqlite_stat1 WHERE (((0.6142075410125267, '', 549998345)) NOT BETWEEN (((('')*('1632712018')), (('1771071776')AND(NULL)), CASE WHEN NULL THEN '-1130242893' WHEN 0.4383393728832887 THEN 919735008 WHEN -1384465133 THEN '470776100' END)) AND ((((x'')AND(NULL)), (x'' IN ()), '-1562230514')));
INSERT OR IGNORE INTO sqlite_stat1 VALUES('v0', 'null', '');
DELETE FROM sqlite_stat1 WHERE ((CASE WHEN 1517617652 THEN '132358479' ELSE 0X72d8a114 END) NOT BETWEEN (CAST(0.3599638796923148 AS INTEGER)) AND (x'' COLLATE NOCASE));
DELETE FROM sqlite_stat1 WHERE (+ (((NULL) IS FALSE)));
DELETE FROM sqlite_stat1;
INSERT OR IGNORE INTO sqlite_stat1 VALUES('v0', 'rt0', '0 sz=1154197603 noskipscan');
DELETE FROM sqlite_stat1 WHERE ((((-1751642954)*('?둹UA'))) NOTNULL);
INSERT OR IGNORE INTO sqlite_stat1 VALUES('v0', 'v0', '');
INSERT OR IGNORE INTO sqlite_stat1 VALUES('v0', 'rt0', '571252734');
DELETE FROM sqlite_stat1;
DELETE FROM sqlite_stat1 WHERE CAST((((NULL)) BETWEEN (('-475010458')) AND ((NULL))) AS NUMERIC);
DELETE FROM sqlite_stat1 WHERE (((0xffffffff85e14441) IS TRUE) IN ((('') BETWEEN (NULL) AND ('-1529109746')), (+ (NULL))));
INSERT OR IGNORE INTO sqlite_stat1 VALUES('rt0', 'rt0', ' sz=359130913 unordered');
DELETE FROM sqlite_stat1 WHERE (((0Xffffffffa312c7cf)) BETWEEN (((('1601300962')<(-2048889349)))) AND (((+ ('-249582973')))));
DELETE FROM sqlite_stat1 WHERE 'l8iv퐇';
INSERT OR IGNORE INTO sqlite_stat1 VALUES('rt0', 'null', '2 sz=-1744234975 unordered');
INSERT OR IGNORE INTO sqlite_stat1 VALUES('rt0', 'null', '250499785');
DELETE FROM sqlite_stat1 WHERE (~ (x'' COLLATE NOCASE));
INSERT OR IGNORE INTO sqlite_stat1 VALUES('rt0', 'v0', '');
INSERT OR IGNORE INTO sqlite_stat1 VALUES('v0', 'rt0', '');
INSERT OR IGNORE INTO sqlite_stat1 VALUES('rt0', 'rt0', '0 748274746 sz=1379764272 unordered');
INSERT OR IGNORE INTO sqlite_stat1 VALUES('v0', 'null', ' unordered');
INSERT OR IGNORE INTO sqlite_stat1 VALUES('v0', 'null', '758207103 sz=-693738329 noskipscan');
INSERT OR IGNORE INTO sqlite_stat1 VALUES('rt0', 'null', '0 -1395269232 unordered');
DELETE FROM sqlite_stat1 WHERE (~ (0.8027827348045631)) COLLATE BINARY;
INSERT OR IGNORE INTO sqlite_stat1 VALUES('rt0', 'null', ' noskipscan');
DELETE FROM sqlite_stat1 WHERE ((CAST(x'a811' AS NUMERIC)) IS FALSE);
DELETE FROM sqlite_stat1;
DELETE FROM sqlite_stat1 WHERE ((((0.9023769330546407)-('8*揘(*%1'))) NOT BETWEEN (LIKELIHOOD(DISTINCT NULL, 0.34166745731730064)) AND (((((x'fcd1')AND(x'')))OR(NULL))));
INSERT OR IGNORE INTO sqlite_stat1 VALUES('v0', 'null', ' sz=1520777754');
DELETE FROM sqlite_stat1;
DELETE FROM sqlite_stat1;
INSERT OR IGNORE INTO sqlite_stat1 VALUES('rt0', 'v0', '-1039543881 sz=-1532985430');
INSERT OR IGNORE INTO sqlite_stat1 VALUES('v0', 'v0', ' unordered noskipscan');
DELETE FROM sqlite_stat1 WHERE ((INSTR(0.21287088111719732, 0.55985514997628)) NOT BETWEEN (((-1.066105525E9) NOT BETWEEN (0.8141438561506738) AND ('bHHO*zCm'))) AND (((x'a98f')!=(x'c003'))));
DELETE FROM sqlite_stat1 WHERE ((x'' IN ()) IN ());
DELETE FROM sqlite_stat1;
DELETE FROM sqlite_stat1 WHERE (NULLIF(1936389293, 0.28559019289633447) IN ('568260384'));
DELETE FROM sqlite_stat1;
DELETE FROM sqlite_stat1;
DELETE FROM sqlite_stat1;
INSERT OR IGNORE INTO sqlite_stat1 VALUES('rt0', 'v0', '-1818015511 1762776805 noskipscan');
INSERT OR IGNORE INTO sqlite_stat1 VALUES('rt0', 'null', '');
DELETE FROM sqlite_stat1 WHERE (('zjDp\nᙝ#8^')<=(0.7943635961213876)) COLLATE NOCASE;
INSERT OR IGNORE INTO sqlite_stat1 VALUES('rt0', 'null', '2 0 sz=-668137782 unordered');
DELETE FROM sqlite_stat1 WHERE (((0xffffffffbf3cb863, 0.2678773187531218, json_insert('CQ', '0.4978685732986188', x'35a6')))<=((x'', (((((((('-217045788')OR(0.788116762053819)))AND('憱	')))AND(1.50646765E8)))OR('1335106053')), ((((((((NULL)OR('-955675342')))OR('13080006')))OR(x'')))OR(x'4847')))));
INSERT OR IGNORE INTO sqlite_stat1 VALUES('rt0', 'rt0', ' noskipscan');
DELETE FROM sqlite_stat1;
INSERT OR IGNORE INTO sqlite_stat1 VALUES('v0', 'v0', '1282321977 sz=-376260256 unordered');
INSERT OR IGNORE INTO sqlite_stat1 VALUES('v0', 'null', ' sz=1952367381');
INSERT OR IGNORE INTO sqlite_stat1 VALUES('rt0', 'null', '755510413 sz=955562279 unordered noskipscan');
DELETE FROM sqlite_stat1 WHERE CASE WHEN '0.21534561710343114' THEN (((''))>=((''))) WHEN SQLITE_VERSION() THEN (((-5.688522E8, x'', 0.867273559832328)) BETWEEN ((0.42144388335832994, '472952782', NULL)) AND ((NULL, x'241c', NULL))) WHEN (('748274746') IS FALSE) THEN '757992188' COLLATE BINARY END;
DELETE FROM sqlite_stat1 WHERE ((((((((((((NULL COLLATE RTRIM)AND('z5' COLLATE RTRIM)))OR(('v#' IN (0.12702747300514328)))))AND(((((-2.054830792E9)OR(NULL)))OR(x'')))))OR(UNLIKELY(DISTINCT NULL))))OR((((''))=(('1841186934'))))))OR(((x'')-(x''))));
INSERT OR IGNORE INTO sqlite_stat1 VALUES('rt0', 'v0', ' noskipscan');
DELETE FROM sqlite_stat1 WHERE (((x'')) NOT BETWEEN ((x'' COLLATE NOCASE)) AND ((((NULL)|('')))));
DELETE FROM sqlite_stat1;
DELETE FROM sqlite_stat1;
INSERT OR IGNORE INTO sqlite_stat1 VALUES('v0', 'rt0', '579020929 unordered noskipscan');
DELETE FROM sqlite_stat1;
DELETE FROM sqlite_stat1 WHERE ((((('1385421255'))=((0.20557076848226563))))/((((x''))>=(('')))));
DELETE FROM sqlite_stat1 WHERE ((-1.343432746E9)/(NULL)) COLLATE NOCASE COLLATE RTRIM;
DELETE FROM sqlite_stat1;
DELETE FROM sqlite_stat1 WHERE (NOT ('' COLLATE NOCASE));
INSERT OR IGNORE INTO sqlite_stat1 VALUES('v0', 'null', ' sz=-634035563');
DELETE FROM sqlite_stat1 WHERE ((((((x'')AND(x'')))OR(-1541231942))) NOT BETWEEN (((x'ba2c')==('1451793385'))) AND (((0.4320275060550117)*(0x2c99c43a))));
DELETE FROM sqlite_stat1 WHERE ((STRFTIME(x'', x'', '-1801001839'))<=(CASE 3.911692E8  WHEN 'Y' THEN 0.4124095943710354 WHEN x'' THEN '' WHEN 0.7242233519782615 THEN '0.47493867124232403' ELSE 872485491 END));
INSERT OR IGNORE INTO sqlite_stat1 VALUES('rt0', 'v0', '0 -1994649191 sz=1186264844');
INSERT OR IGNORE INTO sqlite_stat1 VALUES('v0', 'v0', ' sz=-1347541422');
DELETE FROM sqlite_stat1;
INSERT OR IGNORE INTO sqlite_stat1 VALUES('v0', 'v0', '0 sz=-1529109746 unordered noskipscan');
DELETE FROM sqlite_stat1 WHERE ((NULL)>=((('702429337')GLOB(NULL))));
INSERT OR IGNORE INTO sqlite_stat1 VALUES('rt0', 'v0', ' sz=-1523394654 noskipscan');
INSERT OR IGNORE INTO sqlite_stat1 VALUES('v0', 'null', ' unordered');
DELETE FROM sqlite_stat1;
DELETE FROM sqlite_stat1;
DELETE FROM sqlite_stat1;
INSERT OR IGNORE INTO sqlite_stat1 VALUES('v0', 'null', '');
INSERT OR IGNORE INTO sqlite_stat1 VALUES('v0', 'null', ' sz=-1562922523 unordered noskipscan');
DELETE FROM sqlite_stat1;
DELETE FROM sqlite_stat1 WHERE (NOT ((((0.5990808450047845)) NOT BETWEEN ((x'')) AND ((0.32024863890276145)))));
DELETE FROM sqlite_stat1 WHERE (((('-1099948513' IN ())))!=((((((0.10275490869006243)OR('')))OR('?')))));
INSERT OR IGNORE INTO sqlite_stat1 VALUES('rt0', 'null', ' sz=150646765');
INSERT OR IGNORE INTO sqlite_stat1 VALUES('rt0', 'v0', ' unordered');
INSERT OR IGNORE INTO sqlite_stat1 VALUES('v0', 'null', ' sz=748274746');
DELETE FROM sqlite_stat1 WHERE (~ (((NULL)LIKE(x'329f'))));
INSERT OR IGNORE INTO sqlite_stat1 VALUES('v0', 'rt0', '');
INSERT OR IGNORE INTO sqlite_stat1 VALUES('rt0', 'null', ' noskipscan');
DELETE FROM sqlite_stat1;
INSERT OR IGNORE INTO sqlite_stat1 VALUES('v0', 'null', ' sz=-1803247324 noskipscan');
DELETE FROM sqlite_stat1 WHERE CASE (x'' IN ())  WHEN CAST('-1663941214' AS NUMERIC) THEN ((x'') NOT NULL) WHEN NULL THEN ((x'')IS NOT(NULL)) WHEN ((NULL)IS(NULL)) THEN ((-1343432746)IS NOT(x'0b05')) END;
INSERT OR IGNORE INTO sqlite_stat1 VALUES('rt0', 'rt0', ' sz=-1227751473 noskipscan');
INSERT OR IGNORE INTO sqlite_stat1 VALUES('v0', 'null', '');
DELETE FROM sqlite_stat1 WHERE LIKELY(DISTINCT CAST(0.5379987002278558 AS REAL));
DELETE FROM sqlite_stat1 WHERE ((((((x'')OR('-1719516441')))AND(0.8600229493775))) NOTNULL);
INSERT OR IGNORE INTO sqlite_stat1 VALUES('v0', 'rt0', ' unordered noskipscan');
DELETE FROM sqlite_stat1;
INSERT OR IGNORE INTO sqlite_stat1 VALUES('rt0', 'null', '4 sz=-507092976 unordered');
INSERT OR IGNORE INTO sqlite_stat1 VALUES('v0', 'null', ' unordered noskipscan');
INSERT OR IGNORE INTO sqlite_stat1 VALUES('rt0', 'v0', '2 0 sz=1267868670');
INSERT OR IGNORE INTO sqlite_stat1 VALUES('rt0', 'null', ' unordered noskipscan');
DELETE FROM sqlite_stat1 WHERE CASE 9.21663857E8  WHEN (~ (NULL)) THEN (x'' IN ()) ELSE ((x'') NOT BETWEEN (NULL) AND (NULL)) END;
DELETE FROM sqlite_stat1 WHERE ((((((((((((CAST('0.21534561710343114' AS TEXT))AND(CAST(x'' AS NUMERIC))))AND('F쎝o*0<k[' COLLATE RTRIM)))OR(x'' COLLATE RTRIM)))AND((('⽾2')|(1081894073)))))AND(CASE '쎎㿑'  WHEN x'9158' THEN '752483640' END)))AND(x'' COLLATE RTRIM));
DELETE FROM sqlite_stat1;
INSERT OR IGNORE INTO sqlite_stat1 VALUES('rt0', 'null', ' unordered noskipscan');
DELETE FROM sqlite_stat1 WHERE (((((3.911692E8)>>('2~-Gvq'))))<(((((x'')) BETWEEN ((NULL)) AND ((x''))))));
INSERT OR IGNORE INTO sqlite_stat1 VALUES('v0', 'rt0', ' unordered noskipscan');
DELETE FROM sqlite_stat1;
INSERT OR IGNORE INTO sqlite_stat1 VALUES('v0', 'null', '');
INSERT OR IGNORE INTO sqlite_stat1 VALUES('v0', 'v0', '-116116868 2091494560 sz=-207786750');
INSERT OR IGNORE INTO sqlite_stat1 VALUES('rt0', 'v0', ' unordered');
INSERT OR IGNORE INTO sqlite_stat1 VALUES('v0', 'null', ' unordered');
DELETE FROM sqlite_stat1 WHERE ((((((0.1934513905194467, 0.37589085673156286, NULL, x'7fe6', 0X2b8ceff4))==((x'', NULL, 'q93oW', '-86412041', 0.6133773441410099)))))<>(((((0.18201455230569397, x'', '^罚'))!=((NULL, 'rCm6&6L', 0.7823331927330764))))));
DELETE FROM sqlite_stat1;
INSERT OR IGNORE INTO sqlite_stat1 VALUES('rt0', 'v0', ' noskipscan');
DELETE FROM sqlite_stat1 WHERE (- (0.21561375565983765 COLLATE RTRIM));
DELETE FROM sqlite_stat1 WHERE (NOT (((-2.11923738E9) IS FALSE)));
INSERT OR IGNORE INTO sqlite_stat1 VALUES('rt0', 'v0', '');
DELETE FROM sqlite_stat1;
INSERT OR IGNORE INTO sqlite_stat1 VALUES('rt0', 'null', '1005799500 sz=-1669653667 unordered noskipscan');
INSERT OR IGNORE INTO sqlite_stat1 VALUES('v0', 'null', ' unordered noskipscan');
INSERT OR IGNORE INTO sqlite_stat1 VALUES('rt0', 'v0', ' sz=867563804 noskipscan');
INSERT OR IGNORE INTO sqlite_stat1 VALUES('v0', 'rt0', '');
INSERT OR IGNORE INTO sqlite_stat1 VALUES('v0', 'null', ' sz=-1408959204 noskipscan');
DELETE FROM sqlite_stat1 WHERE ((CASE x''  WHEN NULL THEN '-546815764' END)>(((x'48ee') NOT NULL)));
INSERT OR IGNORE INTO sqlite_stat1 VALUES('v0', 'null', ' unordered');
DELETE FROM sqlite_stat1 WHERE ((((0.9620109853545084 COLLATE NOCASE)AND(TRIM(NULL))))OR((((0Xffffffffbf3cb863))>=((0.7320182336508038)))));
DELETE FROM sqlite_stat1;
INSERT OR IGNORE INTO sqlite_stat1 VALUES('v0', 'null', ' noskipscan');
DELETE FROM sqlite_stat1;
INSERT OR IGNORE INTO sqlite_stat1 VALUES('rt0', 'v0', ' sz=-324722209 unordered');
DELETE FROM sqlite_stat1;
INSERT OR IGNORE INTO sqlite_stat1 VALUES('rt0', 'null', ' sz=-1943218291 unordered noskipscan');
DELETE FROM sqlite_stat1;
DELETE FROM sqlite_stat1 WHERE ((((((((-802704410)AND('300973914')))OR(NULL)))AND(CAST(NULL AS REAL))))AND(((0.22943704422567301) NOT BETWEEN (0.06845274691951198) AND (x''))));
DELETE FROM sqlite_stat1;
INSERT OR IGNORE INTO sqlite_stat1 VALUES('rt0', 'v0', ' sz=1795066253 unordered noskipscan');
DELETE FROM sqlite_stat1;
DELETE FROM sqlite_stat1;
DELETE FROM sqlite_stat1;
DELETE FROM sqlite_stat1 WHERE ((0.07954766585753592 COLLATE RTRIM)/(CASE x''  WHEN NULL THEN x'' END));
INSERT OR IGNORE INTO sqlite_stat1 VALUES('v0', 'rt0', '');
DELETE FROM sqlite_stat1;
INSERT OR IGNORE INTO sqlite_stat1 VALUES('rt0', 'null', ' noskipscan');
INSERT OR IGNORE INTO sqlite_stat1 VALUES('v0', 'rt0', ' sz=-1789624659 unordered');
DELETE FROM sqlite_stat1 WHERE (((('1890702887') ISNULL))AND(CAST(0.07775885911978264 AS REAL)));
DELETE FROM sqlite_stat1;
DELETE FROM sqlite_stat1 WHERE (CAST(NULL AS REAL) IN ());
END TRANSACTION;
PRAGMA mmap_size;
ANALYZE;
END TRANSACTION;
INSERT OR ABORT INTO rt0(c2) VALUES ('1451793385');
PRAGMA soft_heap_limit;
UPDATE OR IGNORE rt0 SET (c0)=(1.783790034E9) WHERE CASE rt0.c0  WHEN rt0.c0 THEN rt0.c2 WHEN rt0.c2 THEN rt0.c1 WHEN '' THEN rt0.c2 END COLLATE RTRIM;
UPDATE OR IGNORE rt0 SET c2=0.8417804353624254;
ANALYZE temp;
INSERT OR ABORT INTO rt0 VALUES ('256697811', 0Xffffffffffffffff, x'a1ac');
PRAGMA shrink_memory;
SELECT rtreecheck('rt0');
PRAGMA temp.automatic_index = false;
PRAGMA main.auto_vacuum = INCREMENTAL;
PRAGMA cell_size_check;
UPDATE OR IGNORE rt0 SET c2=NULL WHERE ((((rt0.c2) NOT BETWEEN (rt0.c2) AND (rt0.c1)))/((((rt0.c1))<((rt0.c2)))));
ANALYZE;
PRAGMA main.cache_spill = true;
ROLLBACK TRANSACTION;
UPDATE OR IGNORE rt0 SET (c2)=(x'') WHERE (rt0.c1 IN (rt0.c0, rt0.c1)) COLLATE BINARY;
UPDATE OR ROLLBACK rt0 SET (c1)=(0.984298370210694) WHERE ((((rt0.c2) BETWEEN (rt0.c0) AND (rt0.c0)))IS NOT((~ (rt0.c1))));
UPDATE OR REPLACE rt0 SET c0=NULL;
BEGIN IMMEDIATE TRANSACTION;
END TRANSACTION;
ROLLBACK TRANSACTION;
-- SELECT ALL rt0.c0, v0.c4, v0.c0, rt0.c2, rt0.c1 FROM v0 LEFT OUTER JOIN rt0 ON LOWER(((v0.c1)/(v0.c4))) GROUP BY rt0.c0, v0.c4, v0.c0, rt0.c2, rt0.c1;\n-- cardinality: 6\n-- SELECT rt0.c0, v0.c4, v0.c0, rt0.c2, rt0.c1 FROM v0 LEFT OUTER JOIN rt0 ON LOWER(((v0.c1)/(v0.c4))) WHERE (((((v0.c0)%(rt0.c1))) BETWEEN (NULLIF(v0.c4, v0.c3)) AND (rt0.c0 COLLATE NOCASE))) GROUP BY rt0.c0, v0.c4, v0.c0, rt0.c2, rt0.c1 UNION SELECT rt0.c0, v0.c4, v0.c0, rt0.c2, rt0.c1 FROM v0 LEFT OUTER JOIN rt0 ON LOWER(((v0.c1)/(v0.c4))) WHERE ((NOT (((((v0.c0)%(rt0.c1))) BETWEEN (NULLIF(v0.c4, v0.c3)) AND (rt0.c0 COLLATE NOCASE))))) GROUP BY rt0.c0, v0.c4, v0.c0, rt0.c2, rt0.c1 UNION SELECT ALL rt0.c0, v0.c4, v0.c0, rt0.c2, rt0.c1 FROM v0 LEFT OUTER JOIN rt0 ON LOWER(((v0.c1)/(v0.c4))) WHERE (((((((v0.c0)%(rt0.c1))) BETWEEN (NULLIF(v0.c4, v0.c3)) AND (rt0.c0 COLLATE NOCASE))) ISNULL)) GROUP BY rt0.c0, v0.c4, v0.c0, rt0.c2, rt0.c1;\n-- cardinality: 5;
