--java.lang.AssertionError: SELECT t0.c2 FROM t0 GROUP BY t0.c2;
--SELECT ALL t0.c2 FROM t0 NOT INDEXED GROUP BY t0.c2 HAVING (((~ (t0.c0))) BETWEEN (CASE AVG(t0.c0)  WHEN COUNT(t0.c2) THEN COUNT(*) END) AND (MAX(t0.c1))) UNION ALL SELECT ALL t0.c2 FROM t0 NOT INDEXED GROUP BY t0.c2 HAVING (NOT ((((~ (t0.c0))) BETWEEN (CASE AVG(t0.c0)  WHEN COUNT(t0.c2) THEN COUNT(*) END) AND (MAX(t0.c1))))) UNION ALL SELECT t0.c2 FROM t0 GROUP BY t0.c2 HAVING (((((~ (t0.c0))) BETWEEN (CASE AVG(t0.c0)  WHEN COUNT(t0.c2) THEN COUNT(*) END) AND (MAX(t0.c1)))) ISNULL);
--	at sqlancer.sqlite3.oracle.tlp.SQLite3TLPHavingOracle.check(SQLite3TLPHavingOracle.java:85)
--	at sqlancer.common.oracle.CompositeTestOracle.check(CompositeTestOracle.java:22)
--	at sqlancer.ProviderAdapter.generateAndTestDatabase(ProviderAdapter.java:61)
--	at sqlancer.Main$DBMSExecutor.run(Main.java:364)
--	at sqlancer.Main$2.run(Main.java:559)
--	at sqlancer.Main$2.runThread(Main.java:541)
--	at sqlancer.Main$2.run(Main.java:532)
--	at java.base/java.util.concurrent.ThreadPoolExecutor.runWorker(ThreadPoolExecutor.java:1144)
--	at java.base/java.util.concurrent.ThreadPoolExecutor$Worker.run(ThreadPoolExecutor.java:642)
--	at java.base/java.lang.Thread.run(Thread.java:1623)
---- Time: 2023/05/28 05:37:00
-- Database: database28
-- Database version: 3.40.0
-- seed value: 1685214884990
PRAGMA cache_size = 50000;
PRAGMA temp_store=MEMORY;
PRAGMA synchronous=off;
CREATE TABLE IF NOT EXISTS t0 (c0 INT , c1 INTEGER , c2 REAL );
VACUUM main;
PRAGMA main.journal_size_limit;
BEGIN EXCLUSIVE TRANSACTION;
ROLLBACK TRANSACTION;
REINDEX  t0;
PRAGMA temp.default_cache_size;
INSERT OR REPLACE INTO t0(c1, c2, c0) VALUES (x'', 0x4daba29f, '');
PRAGMA temp.application_id = 7686293239549549395;
INSERT OR IGNORE INTO t0(c2) VALUES (NULL);
INSERT OR IGNORE INTO t0(c1) VALUES (x'35325cbfed5f');
ANALYZE;
REINDEX NOCASE;
END TRANSACTION;
UPDATE t0 SET c1=1e500;
INSERT OR ROLLBACK INTO t0 VALUES ('-1129290667', '1303721190', 0.6496631933118288);
INSERT OR ABORT INTO t0(c2) VALUES (NULL);
REINDEX  t0;
COMMIT;
ROLLBACK TRANSACTION;
COMMIT TRANSACTION;
INSERT OR IGNORE INTO t0(c1, c2) VALUES (x'', 0.6496631933118288), (NULL, NULL), ('o', 0X4daba29f);
INSERT OR IGNORE INTO t0(c0, c2) VALUES ('1928479607', x''), ('-1759592504', NULL), ('1303721190', '0.6496631933118288');
ANALYZE main;
UPDATE OR IGNORE t0 SET c2=-1.129290667E9 WHERE ((CASE t0.c2  WHEN t0.c0 THEN t0.c2 WHEN t0.c0 THEN t0.c1 WHEN t0.c0 THEN t0.c0 WHEN t0.c1 THEN t0.c2 WHEN t0.c1 THEN t0.c2 END) NOT BETWEEN (t0.c1) AND (((t0.c1)=(t0.c1))));
INSERT OR IGNORE INTO t0(c0) VALUES (NULL);
PRAGMA main.application_id = -7332524033058145948;
COMMIT TRANSACTION;
PRAGMA locking_mode;
BEGIN IMMEDIATE TRANSACTION;
PRAGMA main.reverse_unordered_selects = true;
PRAGMA temp.ignore_check_constraints = true;
BEGIN  TRANSACTION;
INSERT OR ABORT INTO t0(c0, c2, c1) VALUES (x'', x'332e', '860940618'), (0xffffffff8d0ce76e, 1.30372119E9, 1.928479607E9), ('1071085827', 0.1588509428161814, 0X4db534e6), (((((('b', '', NULL)) NOT BETWEEN ((NULL, 0xffffffffd4e8a840, -1688226727)) AND ((0.16900617316620026, '-272349378', 0.1588509428161814))))|((((NULL, '-1928534162', ''))<=((NULL, 0.7298124564685949, 0.027217531606265166))))), 0X31e8a622, NULL), (x'', 0.8572100236831373, x''), ('鄓i', NULL, NULL), ('', 1e500, '1071085827');
INSERT OR IGNORE INTO t0(c0, c2) VALUES ('-1509495157', x'');
ANALYZE sqlite_master;
VACUUM;
VACUUM main;
VACUUM;
VACUUM main;
VACUUM main;
VACUUM;
VACUUM main;
VACUUM temp;
REINDEX;
INSERT OR IGNORE INTO t0(c0, c1) VALUES (0.2165090373734324, 0.19540433046565264);
CREATE UNIQUE INDEX i76 ON t0(c0 COLLATE RTRIM,(NOT (c0)),(((c1))>=((CAST(c0 AS BLOB)))) COLLATE NOCASE DESC);
CREATE UNIQUE INDEX i41 ON t0(CAST(c0 AS TEXT) COLLATE BINARY,(+ ((+ (c2)))) COLLATE NOCASE DESC,c2 COLLATE BINARY);
COMMIT;
ROLLBACK TRANSACTION;
ROLLBACK TRANSACTION;
PRAGMA journal_mode = MEMORY;
INSERT OR ROLLBACK INTO t0(c1, c0) VALUES ('-2143186669', 0.16549908724431972);
INSERT OR ROLLBACK INTO t0 VALUES ('0.6496631933118288', NULL, NULL);
UPDATE OR ROLLBACK t0 SET c0=0.9734163483252373;
UPDATE OR IGNORE t0 SET c1=0.8856042049374263;
END TRANSACTION;
INSERT OR IGNORE INTO t0(c2, c1) VALUES ('704992801', '');
INSERT OR IGNORE INTO t0(c2) VALUES (NULL);
INSERT OR IGNORE INTO t0(c1) VALUES (NULL), (NULL), ('');
INSERT OR ROLLBACK INTO t0 VALUES (0.7004954023693143, (((((('0.8856042049374263') BETWEEN ('嘡H+,') AND (1.303093919E9)))OR((NULL IN ('860940618')))))OR(CAST(0.026740010504733958 AS NUMERIC))), NULL);
ANALYZE main;
INSERT OR REPLACE INTO t0(c1) VALUES ('1071085827');
REINDEX i41;
REINDEX  t0;
ROLLBACK TRANSACTION;
INSERT OR IGNORE INTO t0(c2) VALUES ('-1435220709');
COMMIT TRANSACTION;
INSERT OR IGNORE INTO sqlite_stat1 VALUES('t0', 't0', ' unordered noskipscan');
REINDEX;
CREATE UNIQUE INDEX IF NOT EXISTS i73 ON t0((NOT (((c2)GLOB(c1)))) COLLATE BINARY DESC,((c0 COLLATE RTRIM)>=((c0 IN (c1, c0)))) ASC,((c0) IS TRUE) COLLATE RTRIM ASC) WHERE ((((((c1)AND(c0)))OR(c0)))==(((c1) IS FALSE)));
CREATE UNIQUE INDEX i73 ON t0((+ (((c0)&(c2)))) COLLATE BINARY,CASE WHEN ((((c2)OR(c2)))AND(c0)) THEN ((((((((c2)AND('0.16549908724431972')))OR(c2)))OR(c1)))AND(c1)) END,TRIM(soundex(c1)) DESC);
CREATE INDEX i4 ON t0((((~ (c1)))OR(((((c0)OR(c0)))AND(c1)))) DESC,(((((c0, c1, c2)) BETWEEN ((c2, c0, c2)) AND ((c2, x'', c0)))) ISNULL) COLLATE RTRIM DESC,((((((((json_object(c1, c1))AND((NOT (c0)))))OR((+ (c2)))))OR((c0 IN ()))))AND(c0 COLLATE NOCASE))) WHERE CAST(((c1) BETWEEN (c1) AND (c2)) AS INTEGER);
CREATE INDEX IF NOT EXISTS i18 ON t0((((((c2)OR(c1))))<((((c1) BETWEEN (c0) AND (c0))))),(((+ (c0)))AND((((c1))<=((c2))))) ASC,((c2 COLLATE RTRIM)/(((((c0)AND(c2)))AND(c2)))) DESC) WHERE (((((c2))<((c1)))) NOTNULL);
INSERT OR REPLACE INTO t0(c2, c1, c0) VALUES ('-70105859', 0.29304802087822335, NULL);
ROLLBACK TRANSACTION;
INSERT OR REPLACE INTO t0(c1, c2, c0) VALUES (-2146116685, -1.129290667E9, '');
INSERT OR IGNORE INTO t0 VALUES ('-70105859', 0.8392577301674663, NULL), (x'', '-272349378', 'b'), (x'', '704992801', NULL);
UPDATE t0 SET c1=0.3534745931330293;
REINDEX;
INSERT OR IGNORE INTO t0(c1, c0) VALUES ('<쑧b4fM>', ''), ('', NULL), (x'', NULL);
ANALYZE;
PRAGMA journal_size_limit = -3479336515551458770;
BEGIN IMMEDIATE TRANSACTION;
REINDEX;
ROLLBACK TRANSACTION;
INSERT OR IGNORE INTO sqlite_stat1 VALUES('t0', 't0', ' unordered noskipscan');
BEGIN  TRANSACTION;
PRAGMA recursive_triggers = false;
ROLLBACK TRANSACTION;
CREATE UNIQUE INDEX IF NOT EXISTS i13 ON t0((~ (CAST(c0 AS BLOB))) COLLATE NOCASE DESC,(- (CAST(c0 AS REAL))) COLLATE BINARY ASC,(((c1, NULL, c2)) BETWEEN ((((((((((c1)OR(c0)))AND(-1741780103)))OR(c2)))OR('')), ((((c1)OR(1928479607)))OR(c1)), '305031092' COLLATE RTRIM)) AND ((0.7144799371678091, LOWER(DISTINCT c2), '-1435220709')))) WHERE ROUND(c2, (((c2)) NOT BETWEEN ((c0)) AND ((c0))));
CREATE UNIQUE INDEX i40 ON t0((((c0 IN ()))+((((NULL, c1, c1)) NOT BETWEEN ((c2, '\[MUy8', c2)) AND ((c1, c0, c1))))) COLLATE NOCASE,(NULL IN ()) COLLATE NOCASE ASC,((((c1)|(c0)))-((c0 IN ()))) COLLATE NOCASE);
PRAGMA main.shrink_memory;
PRAGMA temp.checkpoint_fullfsync;
ROLLBACK TRANSACTION;
COMMIT TRANSACTION;
ROLLBACK TRANSACTION;
