--java.lang.AssertionError: SELECT ALL t0.c1 FROM t0 GROUP BY t0.c1;
--SELECT ALL t0.c1 FROM t0 NOT INDEXED GROUP BY t0.c1 HAVING GROUP_CONCAT(t0.c4) COLLATE NOCASE UNION ALL SELECT ALL t0.c1 FROM t0 GROUP BY t0.c1 HAVING (NOT (GROUP_CONCAT(t0.c4) COLLATE NOCASE)) UNION ALL SELECT ALL t0.c1 FROM t0 GROUP BY t0.c1 HAVING ((GROUP_CONCAT(t0.c4) COLLATE NOCASE) ISNULL);
--	at sqlancer.sqlite3.oracle.tlp.SQLite3TLPHavingOracle.check(SQLite3TLPHavingOracle.java:85)
--	at sqlancer.common.oracle.CompositeTestOracle.check(CompositeTestOracle.java:22)
--	at sqlancer.ProviderAdapter.generateAndTestDatabase(ProviderAdapter.java:61)
--	at sqlancer.Main$DBMSExecutor.run(Main.java:364)
--	at sqlancer.Main$2.run(Main.java:559)
--	at sqlancer.Main$2.runThread(Main.java:541)
--	at sqlancer.Main$2.run(Main.java:532)
--	at java.base/java.util.concurrent.ThreadPoolExecutor.runWorker(ThreadPoolExecutor.java:1144)
--	at java.base/java.util.concurrent.ThreadPoolExecutor$Worker.run(ThreadPoolExecutor.java:642)
--	at java.base/java.lang.Thread.run(Thread.java:1623)
---- Time: 2023/05/27 22:57:15
-- Database: database8
-- Database version: 3.40.0
-- seed value: 1685214884970
PRAGMA cache_size = 50000;
PRAGMA temp_store=MEMORY;
PRAGMA synchronous=off;
PRAGMA encoding = 'UTF-16le';
CREATE TABLE IF NOT EXISTS t0 (c0 REAL , c1 INT , c2 INT , c3 INTEGER , c4 INT );
CREATE VIRTUAL TABLE vt1 USING fts5(c0 UNINDEXED);
END;
INSERT INTO vt1(vt1, rank) VALUES('usermerge', 4);
INSERT INTO vt1(vt1, rank) VALUES('usermerge', 3);
PRAGMA main.checkpoint_fullfsync = false;
UPDATE OR IGNORE t0 SET (c1, c3)=(0.5772905135893256, x'') WHERE 0X1f3e5d1f;
INSERT OR IGNORE INTO sqlite_stat1 VALUES('vt1', 'vt1', ' sz=-175172013 unordered noskipscan');
INSERT OR IGNORE INTO sqlite_stat1 VALUES('vt1', 'vt1', '1098883445 sz=1098883445 unordered');
DELETE FROM sqlite_stat1;
DELETE FROM sqlite_stat1;
INSERT OR IGNORE INTO sqlite_stat1 VALUES('t0', 'null', ' unordered noskipscan');
INSERT OR IGNORE INTO sqlite_stat1 VALUES('vt1', 't0', '');
INSERT OR IGNORE INTO sqlite_stat1 VALUES('t0', 'null', ' sz=1098883445 noskipscan');
DELETE FROM sqlite_stat1 WHERE ((CAST(0.5928093427892787 AS TEXT)) BETWEEN (CASE WHEN x'' THEN 0x32aad7c9 ELSE 0.5772905135893256 END) AND (((0xffffffff95a90263) BETWEEN (0.6449700104252027) AND (NULL))));
INSERT OR IGNORE INTO sqlite_stat1 VALUES('vt1', 'vt1', ' unordered noskipscan');
DELETE FROM sqlite_stat1 WHERE ((CAST('#G' AS REAL))/(((x'ca96')>(NULL))));
INSERT OR IGNORE INTO sqlite_stat1 VALUES('t0', 'null', '990727947 sz=850057161 noskipscan');
INSERT OR IGNORE INTO sqlite_stat1 VALUES('t0', 'null', '990727947 unordered noskipscan');
DELETE FROM sqlite_stat1 WHERE (~ (CAST(0.6914725998042419 AS INTEGER)));
DELETE FROM sqlite_stat1;
DELETE FROM sqlite_stat1 WHERE (((((0.1079812718549168)/(-1.784085917E9))))>(((('C')-(NULL)))));
DELETE FROM sqlite_stat1 WHERE ROUND(((NULL) NOT NULL), NULL);
DELETE FROM sqlite_stat1 WHERE (((((('veCzxY')AND(x'a878')))OR('&*夼	1䵶'))) BETWEEN (((('788071417')) BETWEEN ((NULL)) AND ((NULL)))) AND (((((9.90727947E8)AND(x'')))OR(-1412767741))));
INSERT OR IGNORE INTO sqlite_stat1 VALUES('vt1', 'null', ' sz=524180767 unordered noskipscan');
DELETE FROM sqlite_stat1;
INSERT OR IGNORE INTO sqlite_stat1 VALUES('t0', 'null', '850057161 0 unordered noskipscan');
DELETE FROM sqlite_stat1 WHERE (((((0.5928093427892787, NULL, 1283998163)) NOT BETWEEN (('', NULL, 990727947)) AND ((NULL, 680946380, NULL))))*(ABS(0.20949283023762688)));
INSERT OR IGNORE INTO sqlite_stat1 VALUES('t0', 'null', ' noskipscan');
DELETE FROM sqlite_stat1;
INSERT OR IGNORE INTO sqlite_stat1 VALUES('t0', 'null', ' noskipscan');
DELETE FROM sqlite_stat1;
DELETE FROM sqlite_stat1;
INSERT OR IGNORE INTO sqlite_stat1 VALUES('vt1', 'null', ' sz=1671104230 unordered');
INSERT OR IGNORE INTO sqlite_stat1 VALUES('vt1', 'null', '1839056931 sz=61446109 unordered');
DELETE FROM sqlite_stat1;
DELETE FROM sqlite_stat1 WHERE ((CAST(NULL AS NUMERIC))IS NOT((((0xffffffffffffffff))=((NULL)))));
DELETE FROM sqlite_stat1;
DELETE FROM sqlite_stat1;
INSERT OR IGNORE INTO sqlite_stat1 VALUES('t0', 'null', ' sz=-1166469324 unordered');
DELETE FROM sqlite_stat1 WHERE CASE (-829224142 IN ())  WHEN CASE '-660024358'  WHEN '' THEN 0.1483486039232479 WHEN NULL THEN 0.32845266221045666 WHEN NULL THEN NULL END THEN CASE 0.9849402519318867  WHEN 'C' THEN NULL END WHEN (('cK')||('')) THEN CASE 0.053400881230043606  WHEN '0.6449700104252027' THEN '2026637504' WHEN NULL THEN '表+quY' WHEN '0.5928093427892787' THEN -1.166469324E9 ELSE -7.73420952E8 END WHEN CASE WHEN x'' THEN '' WHEN 't' THEN -104575589 WHEN '-625045642' THEN -1.412767741E9 END THEN json_object(x'', 0x4a5b3e88) END;
INSERT OR IGNORE INTO sqlite_stat1 VALUES('t0', 't0', ' sz=569937349 unordered noskipscan');
DELETE FROM sqlite_stat1 WHERE ((((x'') NOT BETWEEN (0.41924534923369194) AND (NULL)))>((- (x''))));
INSERT OR IGNORE INTO sqlite_stat1 VALUES('t0', 'null', ' unordered');
INSERT OR IGNORE INTO sqlite_stat1 VALUES('vt1', 'null', ' sz=1098883445 noskipscan');
DELETE FROM sqlite_stat1;
INSERT OR IGNORE INTO sqlite_stat1 VALUES('t0', 'null', ' unordered');
INSERT OR IGNORE INTO sqlite_stat1 VALUES('t0', 'vt1', '0 2 unordered noskipscan');
DELETE FROM sqlite_stat1;
DELETE FROM sqlite_stat1 WHERE ((((((0.32845266221045666)IS NOT('cK')))AND((((0Xfffffffff58f1653)) NOT BETWEEN ((0.6173442252533881)) AND ((NULL))))))AND(((0.4888688122974417)OR('-1166469324'))));
INSERT OR IGNORE INTO sqlite_stat1 VALUES('t0', 't0', ' unordered noskipscan');
INSERT OR IGNORE INTO sqlite_stat1 VALUES('t0', 'vt1', ' sz=-343789753 unordered noskipscan');
INSERT OR IGNORE INTO sqlite_stat1 VALUES('vt1', 'null', ' unordered');
DELETE FROM sqlite_stat1 WHERE CAST(CAST('NC>' AS REAL) AS BLOB);
DELETE FROM sqlite_stat1;
DELETE FROM sqlite_stat1 WHERE ((('r', NULL, 9.177023E7, x'', 'cK')) BETWEEN (((0Xffffffff937c7d7e IN ()), 0x13638d7f COLLATE RTRIM, (('1381956969') BETWEEN ('850057161') AND (x'')), CAST(0.4888688122974417 AS BLOB), CASE WHEN '' THEN 0.8729391507615798 WHEN NULL THEN 0.6303506467934114 WHEN 0.16828487154878713 THEN NULL END)) AND ((((((((((0Xffffffffea35b950)AND(0.053400881230043606)))AND('9{kf480]0')))AND(0.11453090926778131)))AND(NULL)), ((NULL) IS TRUE), HEX(x''), (- (NULL)), (NULL IN ('<F', -3.43789753E8)))));
DELETE FROM sqlite_stat1 WHERE rtreenode(0.7522831362925222 COLLATE NOCASE, LIKELY(x''));
INSERT OR IGNORE INTO sqlite_stat1 VALUES('t0', 't0', ' unordered');
INSERT OR IGNORE INTO sqlite_stat1 VALUES('t0', 'null', ' sz=954881126 noskipscan');
INSERT OR IGNORE INTO sqlite_stat1 VALUES('t0', 'vt1', ' sz=2064365664');
DELETE FROM sqlite_stat1 WHERE ((0.40867878438983185)IS(NULL)) COLLATE RTRIM;
INSERT OR IGNORE INTO sqlite_stat1 VALUES('vt1', 'null', '0 sz=-829224142 unordered');
INSERT OR IGNORE INTO sqlite_stat1 VALUES('t0', 't0', ' sz=-2043060603 unordered noskipscan');
DELETE FROM sqlite_stat1 WHERE (((((((((('-814682877')OR(NULL)))AND(0.40866567264312337)))AND(NULL)))OR(-1166469324))) BETWEEN (CASE 0X76ee31c0  WHEN 0.7704857321019728 THEN NULL WHEN -1595490987 THEN '0.7522831362925222' WHEN x'' THEN '' END) AND (((('435565615', -1.850517188E9, NULL)) BETWEEN (('', 0x78cc08c0, 'x|')) AND ((0.84435396279869, NULL, 0.33768254902583117)))));
DELETE FROM sqlite_stat1;
DELETE FROM sqlite_stat1 WHERE ((('-2043060603') NOT NULL) IN (((0.33768254902583117) NOT BETWEEN (0.27837853917785105) AND (0.023990697925087234))));
INSERT OR IGNORE INTO sqlite_stat1 VALUES('t0', 'null', '2064365664 -1982954692 sz=-104575589');
INSERT OR IGNORE INTO sqlite_stat1 VALUES('vt1', 'null', '-1704878976 unordered');
DELETE FROM sqlite_stat1 WHERE (((((((((('-660024358')AND('')))AND(x'58ca')))AND(NULL)))OR(0x33de4899)))LIKE(HEX(NULL)));
INSERT OR IGNORE INTO sqlite_stat1 VALUES('vt1', 'null', ' sz=376562122 unordered noskipscan');
INSERT OR IGNORE INTO sqlite_stat1 VALUES('vt1', 'null', ' sz=404507994 unordered noskipscan');
DELETE FROM sqlite_stat1;
INSERT OR IGNORE INTO sqlite_stat1 VALUES('t0', 'null', '459883629 2 sz=-1859149462 unordered noskipscan');
DELETE FROM sqlite_stat1;
INSERT OR IGNORE INTO sqlite_stat1 VALUES('vt1', 'null', ' sz=-773420952 unordered noskipscan');
INSERT OR IGNORE INTO sqlite_stat1 VALUES('vt1', 'null', ' sz=788071417 unordered');
DELETE FROM sqlite_stat1;
DELETE FROM sqlite_stat1;
INSERT OR IGNORE INTO sqlite_stat1 VALUES('t0', 'null', ' sz=325291391 noskipscan');
DELETE FROM sqlite_stat1 WHERE ((NULL)+(0.48235667798006443)) COLLATE NOCASE;
DELETE FROM sqlite_stat1 WHERE (+ (CAST(x'971a' AS INTEGER)));
INSERT OR IGNORE INTO sqlite_stat1 VALUES('vt1', 'vt1', ' sz=-1170393792 unordered noskipscan');
DELETE FROM sqlite_stat1;
INSERT OR IGNORE INTO sqlite_stat1 VALUES('vt1', 'null', '361900319');
INSERT OR IGNORE INTO sqlite_stat1 VALUES('t0', 't0', ' unordered');
INSERT OR IGNORE INTO sqlite_stat1 VALUES('t0', 'vt1', ' unordered noskipscan');
INSERT OR IGNORE INTO sqlite_stat1 VALUES('vt1', 'null', '0 sz=524180767 unordered noskipscan');
INSERT OR IGNORE INTO sqlite_stat1 VALUES('vt1', 'null', ' unordered');
DELETE FROM sqlite_stat1;
INSERT OR IGNORE INTO sqlite_stat1 VALUES('t0', 'null', '0 sz=88216491 noskipscan');
INSERT OR IGNORE INTO sqlite_stat1 VALUES('t0', 'vt1', '592247334 noskipscan');
INSERT OR IGNORE INTO sqlite_stat1 VALUES('vt1', 'null', ' sz=-471290490 noskipscan');
DELETE FROM sqlite_stat1;
INSERT OR IGNORE INTO sqlite_stat1 VALUES('t0', 'vt1', ' sz=1951069660');
DELETE FROM sqlite_stat1 WHERE (- ('N^QvB')) COLLATE RTRIM;
DELETE FROM sqlite_stat1;
DELETE FROM sqlite_stat1;
DELETE FROM sqlite_stat1;
DELETE FROM sqlite_stat1 WHERE 0.6914725998042419;
INSERT OR IGNORE INTO sqlite_stat1 VALUES('vt1', 'null', ' sz=-464952058 noskipscan');
INSERT OR IGNORE INTO sqlite_stat1 VALUES('vt1', 'vt1', ' sz=-1850517188');
DELETE FROM sqlite_stat1;
INSERT OR IGNORE INTO sqlite_stat1 VALUES('t0', 'vt1', ' unordered');
INSERT OR IGNORE INTO sqlite_stat1 VALUES('t0', 'vt1', ' sz=-1994641270 noskipscan');
INSERT OR IGNORE INTO sqlite_stat1 VALUES('t0', 'null', ' unordered');
INSERT OR IGNORE INTO sqlite_stat1 VALUES('t0', 't0', ' sz=1844095753');
DELETE FROM sqlite_stat1 WHERE DATE((((NULL)) BETWEEN ((x'')) AND ((x''))), TRIM('-268080789', '}p&'), CAST('C' AS NUMERIC));
DELETE FROM sqlite_stat1 WHERE ((CAST(NULL AS TEXT))|(((NULL)IS(-43227488))));
DELETE FROM sqlite_stat1;
DELETE FROM sqlite_stat1;
INSERT OR IGNORE INTO sqlite_stat1 VALUES('t0', 't0', ' sz=-2126675996 noskipscan');
DELETE FROM sqlite_stat1;
INSERT OR IGNORE INTO sqlite_stat1 VALUES('vt1', 't0', '0 noskipscan');
INSERT OR IGNORE INTO sqlite_stat1 VALUES('t0', 'vt1', '-1818646330 noskipscan');
DELETE FROM sqlite_stat1;
DELETE FROM sqlite_stat1 WHERE (((NULL)) BETWEEN (((NULL IN ()))) AND ((((('-881650039', '', 0.1483486039232479)) BETWEEN ((x'', '1995321792', 4.04507994E8)) AND ((0.27837853917785105, x'', '-1756965791'))))));
DELETE FROM sqlite_stat1 WHERE (+ (NULL COLLATE BINARY));
INSERT OR IGNORE INTO sqlite_stat1 VALUES('t0', 'vt1', ' unordered noskipscan');
INSERT OR IGNORE INTO sqlite_stat1 VALUES('t0', 'null', ' sz=-825951147 unordered noskipscan');
DELETE FROM sqlite_stat1;
INSERT OR IGNORE INTO sqlite_stat1 VALUES('vt1', 'null', ' sz=300715373 unordered');
DELETE FROM sqlite_stat1 WHERE CAST((('-660024358')/(NULL)) AS REAL);
INSERT OR IGNORE INTO sqlite_stat1 VALUES('t0', 't0', ' unordered noskipscan');
DELETE FROM sqlite_stat1 WHERE CASE WHEN NULL THEN 'N2E' WHEN 0.42419678017130624 THEN 0.6404591497108516 WHEN NULL THEN x'' ELSE '-2043060603' END COLLATE BINARY;
DELETE FROM sqlite_stat1 WHERE CASE (('')>(x'8065d4d6'))  WHEN x'f3ca' THEN (0xffffffffba791734 IN ()) END;
DELETE FROM sqlite_stat1 WHERE (((0.16844071669521243)) NOT BETWEEN (((((('Bq론%?')AND(x'3675')))OR('-343789753')))) AND ((CASE WHEN 9.90727947E8 THEN '-1865619485' END)));
INSERT OR IGNORE INTO sqlite_stat1 VALUES('vt1', 'vt1', ' sz=1873740163');
DELETE FROM sqlite_stat1 WHERE CAST((~ ('1844095753')) AS INTEGER);
INSERT OR IGNORE INTO sqlite_stat1 VALUES('t0', 'null', ' sz=435565615 unordered noskipscan');
INSERT OR IGNORE INTO sqlite_stat1 VALUES('t0', 'vt1', '0 sz=-482000427');
DELETE FROM sqlite_stat1;
INSERT OR IGNORE INTO sqlite_stat1 VALUES('vt1', 'vt1', '2 sz=-719006737 unordered noskipscan');
INSERT OR IGNORE INTO sqlite_stat1 VALUES('vt1', 't0', ' sz=-829224142 noskipscan');
INSERT OR IGNORE INTO sqlite_stat1 VALUES('vt1', 'vt1', ' sz=-9223372036854775808');
DELETE FROM sqlite_stat1 WHERE ((((x'')LIKE('\nje'))) BETWEEN (((-8.25951147E8)>>(0.18624729224902103))) AND (x'2050' COLLATE NOCASE));
DELETE FROM sqlite_stat1;
DELETE FROM sqlite_stat1;
INSERT OR IGNORE INTO sqlite_stat1 VALUES('vt1', 'vt1', '2 sz=569937349 unordered noskipscan');
INSERT OR IGNORE INTO sqlite_stat1 VALUES('vt1', 't0', '');
DELETE FROM sqlite_stat1 WHERE ((('')) BETWEEN (((~ (0.43762549840015286)))) AND (((-825951147 IN ()))));
INSERT OR IGNORE INTO sqlite_stat1 VALUES('t0', 'null', ' unordered');
INSERT OR IGNORE INTO sqlite_stat1 VALUES('t0', 'vt1', ' unordered');
DELETE FROM sqlite_stat1;
INSERT OR IGNORE INTO sqlite_stat1 VALUES('vt1', 'vt1', ' sz=-1453099478 unordered');
INSERT OR IGNORE INTO sqlite_stat1 VALUES('t0', 'null', ' unordered noskipscan');
INSERT OR IGNORE INTO sqlite_stat1 VALUES('t0', 'null', ' sz=524180767 noskipscan');
INSERT OR IGNORE INTO sqlite_stat1 VALUES('vt1', 'vt1', '0 unordered');
INSERT OR IGNORE INTO sqlite_stat1 VALUES('t0', 'vt1', '2 sz=-37273947');
DELETE FROM sqlite_stat1 WHERE ((((((((((0.7357836184036672)-('-1818646330')))OR(((('')) NOT BETWEEN ((-1850517188)) AND ((0X7b0bb860))))))OR(((((0.8040429286693569)AND(NULL)))AND(x'')))))AND(((((0.5568135933627354)OR(997310907)))AND('-43227488')))))OR(((((((((1671104230)AND(0.5189787870106366)))AND(0.5520175982989294)))AND('-2066128553')))OR('1349187340'))));
DELETE FROM sqlite_stat1 WHERE ((((NULL) BETWEEN (0.84435396279869) AND ('cK'))) IS FALSE);
INSERT OR IGNORE INTO sqlite_stat1 VALUES('vt1', 'null', '-16822004 noskipscan');
DELETE FROM sqlite_stat1 WHERE (((((~ (NULL)))AND(((0.5670940819538208) NOTNULL))))AND(-1818646330 COLLATE NOCASE));
DELETE FROM sqlite_stat1;
DELETE FROM sqlite_stat1 WHERE LTRIM(((((NULL)OR(x'')))AND(NULL)), TRIM(DISTINCT NULL));
INSERT OR IGNORE INTO sqlite_stat1 VALUES('vt1', 'vt1', ' sz=2133239029');
INSERT OR IGNORE INTO sqlite_stat1 VALUES('t0', 'null', '-171971181 sz=383310688 unordered noskipscan');
INSERT OR IGNORE INTO sqlite_stat1 VALUES('t0', 't0', ' sz=-1170393792 unordered');
INSERT OR IGNORE INTO sqlite_stat1 VALUES('t0', 'null', '0 239052866');
DELETE FROM sqlite_stat1;
DELETE FROM sqlite_stat1 WHERE (+ (-7.73420952E8));
INSERT OR IGNORE INTO sqlite_stat1 VALUES('t0', 'vt1', ' unordered');
INSERT OR IGNORE INTO sqlite_stat1 VALUES('t0', 'null', '0 0 noskipscan');
INSERT OR IGNORE INTO sqlite_stat1 VALUES('t0', 't0', ' sz=1796996821 noskipscan');
INSERT OR IGNORE INTO sqlite_stat1 VALUES('vt1', 'vt1', '1991710515 0');
DELETE FROM sqlite_stat1 WHERE CAST((((0.23967365648976036)) BETWEEN ((0.33768254902583117)) AND ((0.8460603316161978))) AS INTEGER);
DELETE FROM sqlite_stat1;
INSERT OR IGNORE INTO sqlite_stat1 VALUES('vt1', 'vt1', '');
INSERT OR IGNORE INTO sqlite_stat1 VALUES('vt1', 'null', '-365577904 sz=-768421308 noskipscan');
DELETE FROM sqlite_stat1 WHERE ABS(DISTINCT 't') COLLATE NOCASE;
DELETE FROM sqlite_stat1 WHERE (- (((('\nNN|A]rO', NULL, -1844601410))>=((0.7857957754643128, '0.6404591497108516', x'')))));
DELETE FROM sqlite_stat1;
DELETE FROM sqlite_stat1 WHERE (+ ('631393502')) COLLATE BINARY;
INSERT OR IGNORE INTO sqlite_stat1 VALUES('t0', 'vt1', ' sz=-1170393792 unordered noskipscan');
INSERT OR IGNORE INTO sqlite_stat1 VALUES('t0', 'vt1', ' sz=-482000427 unordered');
DELETE FROM sqlite_stat1;
INSERT OR IGNORE INTO sqlite_stat1 VALUES('vt1', 'null', '');
INSERT OR IGNORE INTO sqlite_stat1 VALUES('vt1', 'vt1', ' sz=-1633713816');
INSERT OR IGNORE INTO sqlite_stat1 VALUES('t0', 't0', '');
DELETE FROM sqlite_stat1 WHERE CAST(0.06242489283369912 COLLATE NOCASE AS REAL);
DELETE FROM sqlite_stat1 WHERE 0.7704857321019728;
DELETE FROM sqlite_stat1;
DELETE FROM sqlite_stat1 WHERE ((((((x'035b')AND(NULL)))AND(-2006536606)))IS((NOT (NULL))));
DELETE FROM sqlite_stat1 WHERE ((((((((((x'2a7b8720')OR(x'8838')))AND(0.5663502990030966)))OR(x'')))AND('-1818646330')))AND(((((765736559)AND(NULL)))OR(x''))));
INSERT OR IGNORE INTO sqlite_stat1 VALUES('t0', 'null', ' sz=1749673107 unordered');
DELETE FROM sqlite_stat1;
DELETE FROM sqlite_stat1 WHERE NULL COLLATE BINARY;
INSERT OR IGNORE INTO sqlite_stat1 VALUES('vt1', 'null', ' unordered noskipscan');
DELETE FROM sqlite_stat1 WHERE (((x''))<=((NULL))) COLLATE BINARY;
DELETE FROM sqlite_stat1;
DELETE FROM sqlite_stat1 WHERE (((('404507994')OR(x'8839')))%((('-1865619485')||(9.54881126E8))));
INSERT OR IGNORE INTO sqlite_stat1 VALUES('t0', 'null', '-343789753 sz=676533280');
INSERT OR IGNORE INTO sqlite_stat1 VALUES('t0', 'null', '');
DELETE FROM sqlite_stat1;
INSERT OR IGNORE INTO sqlite_stat1 VALUES('vt1', 'null', '2 sz=-1391514878 noskipscan');
INSERT OR IGNORE INTO sqlite_stat1 VALUES('t0', 'vt1', ' unordered');
INSERT OR IGNORE INTO sqlite_stat1 VALUES('vt1', 'vt1', '-1044204162 unordered noskipscan');
INSERT OR IGNORE INTO sqlite_stat1 VALUES('t0', 't0', '0 0 0');
DELETE FROM sqlite_stat1 WHERE ((((('1002695615'))==((NULL))))&('-1453099478'));
INSERT OR IGNORE INTO sqlite_stat1 VALUES('vt1', 'vt1', ' noskipscan');
INSERT OR IGNORE INTO sqlite_stat1 VALUES('vt1', 'vt1', ' sz=1381956969 unordered');
INSERT OR IGNORE INTO sqlite_stat1 VALUES('vt1', 'null', ' sz=569937349 noskipscan');
DELETE FROM sqlite_stat1 WHERE (((x'0129582c' IN ('&z^', 'veCzxY'))) NOT NULL);
INSERT OR IGNORE INTO sqlite_stat1 VALUES('vt1', 't0', '');
DELETE FROM sqlite_stat1;
DELETE FROM sqlite_stat1;
DELETE FROM sqlite_stat1;
DELETE FROM sqlite_stat1;
DELETE FROM sqlite_stat1 WHERE (((((((0.7363106828941756))>=((0xffffffff91b3593c))))AND(CHAR('&z^'))))OR((('-556630853') NOTNULL)));
DELETE FROM sqlite_stat1;
DELETE FROM sqlite_stat1;
DELETE FROM sqlite_stat1 WHERE (NOT (CAST(0.7778988380018466 AS REAL)));
INSERT OR IGNORE INTO sqlite_stat1 VALUES('t0', 'null', ' sz=-464952058 unordered');
INSERT OR IGNORE INTO sqlite_stat1 VALUES('vt1', 'null', ' unordered');
INSERT OR IGNORE INTO sqlite_stat1 VALUES('t0', 'vt1', ' sz=-342286001 unordered noskipscan');
DELETE FROM sqlite_stat1 WHERE (((((0.6974253723555247)%(NULL))))=(((- (NULL)))));
INSERT OR IGNORE INTO sqlite_stat1 VALUES('vt1', 'null', ' unordered');
INSERT OR IGNORE INTO sqlite_stat1 VALUES('vt1', 'null', ' noskipscan');
DELETE FROM sqlite_stat1 WHERE ((- (0X57392c78)) IN ());
INSERT OR IGNORE INTO sqlite_stat1 VALUES('vt1', 't0', ' sz=287174463 unordered noskipscan');
INSERT OR IGNORE INTO sqlite_stat1 VALUES('vt1', 't0', '0 sz=-1676741943 unordered noskipscan');
INSERT OR IGNORE INTO sqlite_stat1 VALUES('vt1', 'vt1', ' sz=-667100454 unordered noskipscan');
DELETE FROM sqlite_stat1;
INSERT OR IGNORE INTO sqlite_stat1 VALUES('t0', 'vt1', '2 sz=2141283216 noskipscan');
INSERT OR IGNORE INTO sqlite_stat1 VALUES('vt1', 'vt1', ' noskipscan');
DELETE FROM sqlite_stat1 WHERE (((CASE WHEN '-1783864812' THEN NULL WHEN 0xf564ca2 THEN 0.6442809475262338 WHEN x'' THEN '257313954' ELSE '0.8040429286693569' END))==((((((x'a109')AND(0.07345895793600721)))OR('{}bJ')))));
DELETE FROM sqlite_stat1 WHERE '738623848';
DELETE FROM sqlite_stat1 WHERE CAST((',V' IN ()) AS BLOB);
DELETE FROM sqlite_stat1 WHERE (((NULL)) BETWEEN ((((x'')LIKE(NULL)))) AND (((((('#c')OR('a驡')))AND(1.95106966E9)))));
DELETE FROM sqlite_stat1;
INSERT OR IGNORE INTO sqlite_stat1 VALUES('t0', 'vt1', '265070776 noskipscan');
DELETE FROM sqlite_stat1 WHERE ((((0.6867905654155133)OR(((((NULL)AND(NULL)))OR(-1162421543)))))AND((- (x'1ed0fa85'))));
INSERT OR IGNORE INTO sqlite_stat1 VALUES('t0', 'vt1', '2 -1176707819 sz=109280304 unordered');
INSERT OR IGNORE INTO sqlite_stat1 VALUES('t0', 'vt1', ' unordered');
INSERT OR IGNORE INTO sqlite_stat1 VALUES('vt1', 't0', ' unordered');
DELETE FROM sqlite_stat1 WHERE ((((((x'')AND('584434211')))OR(x''))) BETWEEN ((('-1818646330')%(x''))) AND (NULLIF('', '9{kf480]0')));
DELETE FROM sqlite_stat1 WHERE CAST((((('')OR('R{b*TO')))AND('|''[yndXhv')) AS TEXT);
INSERT OR IGNORE INTO sqlite_stat1 VALUES('t0', 'vt1', '829096530 unordered');
INSERT OR IGNORE INTO sqlite_stat1 VALUES('t0', 'null', '-1412767741 sz=-1547313835 noskipscan');
INSERT OR IGNORE INTO sqlite_stat1 VALUES('t0', 'null', '-1036344883 -1309094901 sz=-236589259 unordered noskipscan');
INSERT OR IGNORE INTO sqlite_stat1 VALUES('vt1', 'vt1', '0');
DELETE FROM sqlite_stat1;
DELETE FROM sqlite_stat1 WHERE CAST(((((((((NULL)OR('-851019047')))AND(x'')))AND(0.7827260058863905)))AND(NULL)) AS NUMERIC);
INSERT OR IGNORE INTO sqlite_stat1 VALUES('vt1', 'null', ' unordered');
INSERT OR IGNORE INTO sqlite_stat1 VALUES('vt1', 'null', ' sz=769973535');
INSERT OR IGNORE INTO sqlite_stat1 VALUES('t0', 'vt1', '1247493768 unordered');
INSERT OR IGNORE INTO sqlite_stat1 VALUES('vt1', 'null', ' noskipscan');
DELETE FROM sqlite_stat1 WHERE (((('1995321792')>>(''))) IS TRUE);
INSERT OR IGNORE INTO sqlite_stat1 VALUES('t0', 'null', '');
DELETE FROM sqlite_stat1 WHERE CAST((('1841148042')LIKE(0.10349410318548335)) AS NUMERIC);
INSERT OR IGNORE INTO sqlite_stat1 VALUES('vt1', 't0', ' sz=1705144568 unordered');
DELETE FROM sqlite_stat1 WHERE ((((RTRIM('-424005435'))AND((((NULL))=(('~+&Y6zN3'))))))OR(CAST(x'' AS NUMERIC)));
DELETE FROM sqlite_stat1;
DELETE FROM sqlite_stat1 WHERE (((x'') IS FALSE) IN ());
DELETE FROM sqlite_stat1 WHERE (((DATE(NULL, 0xffffffffe3e8ad86, '~9')))!=((((1979230315)<<(0.26170054671216814)))));
DELETE FROM sqlite_stat1 WHERE '9\rH㨓6_#U0';
INSERT OR IGNORE INTO sqlite_stat1 VALUES('vt1', 'null', ' sz=-929013060 unordered');
INSERT OR IGNORE INTO sqlite_stat1 VALUES('vt1', 't0', '-97523786 sz=-1044204162 unordered');
DELETE FROM sqlite_stat1 WHERE 0.9964904027185166;
DELETE FROM sqlite_stat1;
INSERT OR IGNORE INTO sqlite_stat1 VALUES('vt1', 'null', ' unordered noskipscan');
INSERT OR IGNORE INTO sqlite_stat1 VALUES('vt1', 'null', ' sz=1123774246');
INSERT OR IGNORE INTO sqlite_stat1 VALUES('t0', 'null', ' sz=-1184887522 unordered');
DELETE FROM sqlite_stat1 WHERE (('}u&')<=('뫭f')) COLLATE NOCASE COLLATE NOCASE;
INSERT OR IGNORE INTO sqlite_stat1 VALUES('t0', 'vt1', '178861336 -1676741943 sz=1373555193 unordered noskipscan');
INSERT OR IGNORE INTO sqlite_stat1 VALUES('vt1', 'vt1', ' sz=91770230 noskipscan');
DELETE FROM sqlite_stat1;
DELETE FROM sqlite_stat1 WHERE CASE WHEN ((((x'')OR(0.16894613447273288)))OR(x'')) THEN CASE WHEN '1381956969' THEN NULL WHEN NULL THEN -5.56630853E8 WHEN '' THEN -1940357755 WHEN NULL THEN -0.0 WHEN '[脏>Y⧌A' THEN 0X4a8e8e14 ELSE NULL END WHEN ((x'')LIKE('-719006737')) THEN COALESCE(NULL, 0.7778988380018466) WHEN ABS(DISTINCT NULL) THEN -1542707072 ELSE (((('&SNi\nkFs')OR(-8.81650039E8)))OR(NULL)) END;
INSERT OR IGNORE INTO sqlite_stat1 VALUES('vt1', 'null', ' unordered noskipscan');
INSERT OR IGNORE INTO sqlite_stat1 VALUES('vt1', 'vt1', '');
DELETE FROM sqlite_stat1;
INSERT OR IGNORE INTO sqlite_stat1 VALUES('vt1', 'null', ' sz=-1801676025 unordered');
INSERT OR IGNORE INTO sqlite_stat1 VALUES('t0', 'null', ' unordered noskipscan');
DELETE FROM sqlite_stat1 WHERE IFNULL(((NULL)<>(x'1024')), CASE 't'  WHEN x'' THEN 0.5876716805775064 END);
DELETE FROM sqlite_stat1 WHERE CASE ((((x'7383a399')OR(x'')))AND(NULL))  WHEN UNLIKELY(NULL) THEN CAST(NULL AS INTEGER) ELSE NULL END;
INSERT OR IGNORE INTO sqlite_stat1 VALUES('vt1', 'vt1', ' unordered noskipscan');
INSERT OR IGNORE INTO sqlite_stat1 VALUES('vt1', 't0', '');
INSERT OR IGNORE INTO sqlite_stat1 VALUES('vt1', 'vt1', '1247157094 unordered');
DELETE FROM sqlite_stat1;
DELETE FROM sqlite_stat1;
INSERT OR IGNORE INTO sqlite_stat1 VALUES('t0', 'null', '0 sz=1900564719 noskipscan');
INSERT OR IGNORE INTO sqlite_stat1 VALUES('vt1', 'null', ' unordered');
INSERT OR IGNORE INTO sqlite_stat1 VALUES('vt1', 't0', '0 sz=-1418440757');
INSERT OR IGNORE INTO sqlite_stat1 VALUES('vt1', 't0', '0 sz=954187956');
INSERT OR IGNORE INTO sqlite_stat1 VALUES('vt1', 'null', '1283998163 unordered noskipscan');
DELETE FROM sqlite_stat1;
INSERT OR IGNORE INTO sqlite_stat1 VALUES('t0', 'null', ' sz=-1160151433');
INSERT OR IGNORE INTO sqlite_stat1 VALUES('t0', 'null', ' sz=-2075524401 noskipscan');
INSERT OR IGNORE INTO sqlite_stat1 VALUES('t0', 'vt1', ' sz=-1844601410 noskipscan');
INSERT OR IGNORE INTO sqlite_stat1 VALUES('t0', 't0', '');
DELETE FROM sqlite_stat1 WHERE LOWER(DISTINCT ((x'')>(1.002695615E9)));
INSERT OR IGNORE INTO sqlite_stat1 VALUES('vt1', 't0', '-1527464079 sz=-1114645883 unordered');
DELETE FROM sqlite_stat1 WHERE (((3.25291391E8 IN ()))>>((0.5663502990030966 IN ())));
DELETE FROM sqlite_stat1;
DELETE FROM sqlite_stat1 WHERE CAST(0.13197147614085958 COLLATE BINARY AS REAL);
DELETE FROM sqlite_stat1;
INSERT OR IGNORE INTO sqlite_stat1 VALUES('t0', 'null', ' noskipscan');
INSERT OR IGNORE INTO sqlite_stat1 VALUES('vt1', 'vt1', '325291391 sz=1951069660 unordered noskipscan');
INSERT OR IGNORE INTO sqlite_stat1 VALUES('t0', 't0', '1098883445 sz=-684811380 noskipscan');
DELETE FROM sqlite_stat1 WHERE (((632814222) NOT BETWEEN ('-719006737') AND (NULL)) IN ());
DELETE FROM sqlite_stat1 WHERE ((('', '591202551', x'')) NOT BETWEEN ((((0.48235667798006443) NOT BETWEEN (NULL) AND (NULL)), CAST(x'' AS REAL), (((x'', '0.9849402519318867', 0.10872604920780926)) NOT BETWEEN ((NULL, NULL, x'')) AND (('?_AZ0d>', x'54f3', NULL))))) AND ((CASE x'6a52'  WHEN 0xffffffff95ac6214 THEN 0xffffffff95ac6214 END, ((x'') NOT NULL), ((x'') NOT BETWEEN ('z*') AND (NULL)))));
INSERT OR IGNORE INTO sqlite_stat1 VALUES('t0', 'null', ' sz=187169006 unordered noskipscan');
DELETE FROM sqlite_stat1 WHERE (((CAST(0.5095274837922639 AS INTEGER)))<>(((('0.9964904027185166')IS NOT(x'')))));
INSERT OR IGNORE INTO sqlite_stat1 VALUES('t0', 'null', ' unordered');
DELETE FROM sqlite_stat1 WHERE ('-620073020' IN ());
DELETE FROM sqlite_stat1;
DELETE FROM sqlite_stat1;
INSERT OR IGNORE INTO sqlite_stat1 VALUES('t0', 'vt1', ' sz=-2069566195 noskipscan');
INSERT OR IGNORE INTO sqlite_stat1 VALUES('t0', 't0', '733256323 0 0 sz=239052866 noskipscan');
INSERT OR IGNORE INTO sqlite_stat1 VALUES('t0', 'null', '2127872615 unordered');
DELETE FROM sqlite_stat1 WHERE ((((CAST('-1166469324' AS REAL))OR(((NULL)<=(x'b822')))))OR(CAST(0.2106509989294425 AS NUMERIC)));
DELETE FROM sqlite_stat1 WHERE 1951069660;
INSERT OR IGNORE INTO sqlite_stat1 VALUES('t0', 'null', '-382095806 0 sz=435565615 unordered');
INSERT OR IGNORE INTO sqlite_stat1 VALUES('vt1', 'vt1', '-1756965791 unordered');
DELETE FROM sqlite_stat1;
DELETE FROM sqlite_stat1 WHERE ((NULL COLLATE RTRIM) IS TRUE);
INSERT OR IGNORE INTO sqlite_stat1 VALUES('t0', 't0', ' unordered noskipscan');
DELETE FROM sqlite_stat1 WHERE ((SUBSTR(0.3723398765286636, 0.5189787870106366)) NOT BETWEEN (((NULL) BETWEEN ('-660024358') AND (0x6c2307d6))) AND (('-1747498388' IN ())));
DELETE FROM sqlite_stat1;
DELETE FROM sqlite_stat1;
DELETE FROM sqlite_stat1;
DELETE FROM sqlite_stat1 WHERE (NULL IN ());
INSERT OR IGNORE INTO sqlite_stat1 VALUES('vt1', 'null', ' unordered');
INSERT OR IGNORE INTO sqlite_stat1 VALUES('vt1', 'null', '');
INSERT OR IGNORE INTO sqlite_stat1 VALUES('t0', 'vt1', '4');
INSERT OR IGNORE INTO sqlite_stat1 VALUES('t0', 'vt1', ' noskipscan');
INSERT OR IGNORE INTO sqlite_stat1 VALUES('vt1', 'vt1', '1098883445');
DELETE FROM sqlite_stat1;
DELETE FROM sqlite_stat1 WHERE 'g';
INSERT OR IGNORE INTO sqlite_stat1 VALUES('t0', 'null', ' unordered');
DELETE FROM sqlite_stat1 WHERE (('')*('m')) COLLATE RTRIM;
INSERT OR IGNORE INTO sqlite_stat1 VALUES('t0', 't0', ' sz=2129280755 unordered');
DELETE FROM sqlite_stat1;
DELETE FROM sqlite_stat1 WHERE (('-1818646330' COLLATE BINARY) ISNULL);
DELETE FROM sqlite_stat1 WHERE (~ (((0.5487939708329955) NOTNULL)));
INSERT OR IGNORE INTO sqlite_stat1 VALUES('vt1', 'vt1', ' sz=-2126675996 unordered');
INSERT OR IGNORE INTO sqlite_stat1 VALUES('t0', 't0', ' sz=-694809242');
DELETE FROM sqlite_stat1;
DELETE FROM sqlite_stat1;
DELETE FROM sqlite_stat1;
INSERT OR IGNORE INTO sqlite_stat1 VALUES('vt1', 'null', '0 sz=788071417');
INSERT OR IGNORE INTO sqlite_stat1 VALUES('t0', 'null', ' noskipscan');
INSERT OR IGNORE INTO sqlite_stat1 VALUES('t0', 'vt1', ' unordered');
DELETE FROM sqlite_stat1;
INSERT OR IGNORE INTO sqlite_stat1 VALUES('vt1', 'null', '-895974831 0 765736559 sz=569937349 unordered');
DELETE FROM sqlite_stat1;
INSERT OR IGNORE INTO sqlite_stat1 VALUES('vt1', 'vt1', ' sz=-1533489806 unordered');
DELETE FROM sqlite_stat1;
INSERT OR IGNORE INTO sqlite_stat1 VALUES('vt1', 'null', ' sz=-1748513962 noskipscan');
INSERT OR IGNORE INTO sqlite_stat1 VALUES('t0', 'vt1', ' unordered');
DELETE FROM sqlite_stat1 WHERE CAST(CAST(x'' AS INTEGER) AS REAL);
DELETE FROM sqlite_stat1 WHERE (~ ((('376562122') NOT BETWEEN ('kA') AND (0.18027781366532802))));
DELETE FROM sqlite_stat1;
INSERT OR IGNORE INTO sqlite_stat1 VALUES('t0', 'vt1', ' sz=-1134895092 noskipscan');
DELETE FROM sqlite_stat1;
DELETE FROM sqlite_stat1 WHERE (((NULL))>((NULL))) COLLATE NOCASE;
DELETE FROM sqlite_stat1 WHERE CAST(NULL AS TEXT) COLLATE RTRIM;
DELETE FROM sqlite_stat1 WHERE HEX(DISTINCT (- ('')));
INSERT OR IGNORE INTO sqlite_stat1 VALUES('t0', 'null', ' unordered');
INSERT OR IGNORE INTO sqlite_stat1 VALUES('t0', 'null', ' sz=-294471147 unordered');
INSERT OR IGNORE INTO sqlite_stat1 VALUES('vt1', 'null', '788071417 0 sz=-1234230546 unordered noskipscan');
DELETE FROM sqlite_stat1;
DELETE FROM sqlite_stat1 WHERE (((((((((((NULL))==((x''))))AND(NULL COLLATE RTRIM)))AND((('-814682877')||(x'')))))OR(((x'')OR(0.5949870437403072)))))OR((((('3')AND(NULL)))AND(x''))));
DELETE FROM sqlite_stat1;
DELETE FROM sqlite_stat1 WHERE NULLIF((~ (0.19723538666648066)), (('0.43762549840015286')%(x'')));
DELETE FROM sqlite_stat1 WHERE LOWER(((NULL)IS NOT(x'')));
DELETE FROM sqlite_stat1 WHERE ((((('{}', x'', NULL, 0.18624729224902103, 0xffffffffffffffff, '-43227488', '353638164'))<>(('nh', x'', x'', 0.5616818372617214, '', x'bcb5', '1854202108'))))AND(CASE x'0ed5'  WHEN x'ef38' THEN NULL END));
INSERT OR IGNORE INTO sqlite_stat1 VALUES('t0', 't0', ' unordered noskipscan');
INSERT OR IGNORE INTO sqlite_stat1 VALUES('t0', 'null', '');
INSERT OR IGNORE INTO sqlite_stat1 VALUES('vt1', 't0', ' unordered noskipscan');
DELETE FROM sqlite_stat1;
DELETE FROM sqlite_stat1;
INSERT OR IGNORE INTO sqlite_stat1 VALUES('vt1', 't0', ' unordered noskipscan');
INSERT OR IGNORE INTO sqlite_stat1 VALUES('vt1', 'vt1', '954881126 sz=-825951147 unordered noskipscan');
DELETE FROM sqlite_stat1 WHERE (+ ('-342286001' COLLATE NOCASE));
INSERT OR IGNORE INTO sqlite_stat1 VALUES('vt1', 'null', ' sz=-660020728 noskipscan');
INSERT OR IGNORE INTO sqlite_stat1 VALUES('t0', 'null', ' sz=269683034 noskipscan');
DELETE FROM sqlite_stat1 WHERE CASE CASE -1339378707  WHEN 1.053530721E9 THEN 1.002695615E9 ELSE NULL END  WHEN ((x'')AND(863920887)) THEN (('376562122')>(NULL)) END;
DELETE FROM sqlite_stat1;
DELETE FROM sqlite_stat1 WHERE ((((0Xffffffffc6a50191)GLOB(0.6867905654155133))) NOTNULL);
INSERT OR IGNORE INTO sqlite_stat1 VALUES('vt1', 'null', ' sz=2089267509 noskipscan');
INSERT OR IGNORE INTO sqlite_stat1 VALUES('t0', 'null', ' sz=-1933677014 noskipscan');
INSERT OR IGNORE INTO sqlite_stat1 VALUES('t0', 'vt1', '0 sz=361900319 unordered');
INSERT OR IGNORE INTO sqlite_stat1 VALUES('vt1', 't0', '0 sz=-182204025 unordered');
DELETE FROM sqlite_stat1;
DELETE FROM sqlite_stat1 WHERE (- (((x'9b7f') BETWEEN ('-2043060603') AND ('0.42419678017130624'))));
INSERT OR IGNORE INTO sqlite_stat1 VALUES('vt1', 'vt1', '2 noskipscan');
DELETE FROM sqlite_stat1;
DELETE FROM sqlite_stat1 WHERE ((((((((((((0.9849402519318867)AND(x'')))OR(NULL)))OR(CASE NULL  WHEN 0.7882709079251509 THEN 0.25087641437605357 WHEN '뫭F' THEN 0.9586153398463622 WHEN '1818497591' THEN NULL ELSE '-464952058' END)))OR(((0.24010158228237832)>>(x'')))))OR((((NULL, 0.3125619363914681, '1379323634', x'efe9', -2.68080789E8)) NOT BETWEEN ((x'', x'', 0.4851944474402289, 2022151901, x'')) AND ((x'', 0.19896475097418942, x'', x'', 0.6104370350051979))))))AND(((-1382105823)AND(-1756965791))));
DELETE FROM sqlite_stat1 WHERE (((((NULL)AND('#eb Jv')))OR(0.5616613959338264)) IN (COALESCE(NULL, NULL), (((x'')) NOT BETWEEN ((0Xa13406e)) AND ((-1982954692))), x''));
INSERT OR IGNORE INTO sqlite_stat1 VALUES('t0', 'vt1', '0 unordered noskipscan');
INSERT OR IGNORE INTO sqlite_stat1 VALUES('vt1', 'null', '-1391514878 0');
INSERT OR IGNORE INTO sqlite_stat1 VALUES('t0', 't0', ' sz=1381956969');
INSERT OR IGNORE INTO sqlite_stat1 VALUES('t0', 'null', '2 -2006536606 2127959477 sz=-912557765');
DELETE FROM sqlite_stat1;
INSERT OR IGNORE INTO sqlite_stat1 VALUES('vt1', 'vt1', '');
INSERT OR IGNORE INTO sqlite_stat1 VALUES('t0', 'null', ' sz=850141280 noskipscan');
DELETE FROM sqlite_stat1 WHERE NULL;
INSERT OR IGNORE INTO sqlite_stat1 VALUES('t0', 'null', ' sz=747037721 unordered noskipscan');
DELETE FROM sqlite_stat1;
INSERT OR IGNORE INTO sqlite_stat1 VALUES('t0', 'vt1', ' unordered noskipscan');
DELETE FROM sqlite_stat1;
DELETE FROM sqlite_stat1 WHERE '{xW3,Y>c';
DELETE FROM sqlite_stat1 WHERE ((CASE x'5708'  WHEN NULL THEN NULL WHEN 0.21091264905901963 THEN NULL WHEN 0.483513360015412 THEN '澼m' ELSE '' END) NOTNULL);
DELETE FROM sqlite_stat1 WHERE '{S8~}';
DELETE FROM sqlite_stat1;
INSERT OR IGNORE INTO sqlite_stat1 VALUES('t0', 'null', '0 noskipscan');
INSERT OR IGNORE INTO sqlite_stat1 VALUES('t0', 't0', ' sz=-429329811 unordered noskipscan');
INSERT OR IGNORE INTO sqlite_stat1 VALUES('t0', 'vt1', ' sz=91770230 noskipscan');
INSERT OR IGNORE INTO sqlite_stat1 VALUES('vt1', 'null', ' noskipscan');
DELETE FROM sqlite_stat1 WHERE (CAST(NULL AS REAL) IN ((NOT (''))));
INSERT OR IGNORE INTO sqlite_stat1 VALUES('t0', 'null', '0 noskipscan');
INSERT OR IGNORE INTO sqlite_stat1 VALUES('vt1', 'vt1', ' sz=-597046916 unordered noskipscan');
DELETE FROM sqlite_stat1 WHERE ((((x'')<<(x''))) NOT NULL);
INSERT OR IGNORE INTO sqlite_stat1 VALUES('t0', 'vt1', '');
DELETE FROM sqlite_stat1;
DELETE FROM sqlite_stat1;
DELETE FROM sqlite_stat1 WHERE (((((8.50057161E8)) NOT BETWEEN ((0.5949870437403072)) AND ((x'')))) NOT NULL);
INSERT OR IGNORE INTO sqlite_stat1 VALUES('vt1', 'null', ' unordered');
INSERT OR IGNORE INTO sqlite_stat1 VALUES('t0', 'vt1', '88216491 unordered noskipscan');
DELETE FROM sqlite_stat1;
DELETE FROM sqlite_stat1 WHERE ((NULL)OR((NOT ('''z|cc'))));
DELETE FROM sqlite_stat1 WHERE (((NULL) NOT BETWEEN ('a驡') AND (0xffffffff91b3593c)) IN ());
DELETE FROM sqlite_stat1 WHERE (((('-106879168')AND('-1818646330')))AND('')) COLLATE NOCASE;
DELETE FROM sqlite_stat1;
DELETE FROM sqlite_stat1;
DELETE FROM sqlite_stat1;
INSERT OR IGNORE INTO sqlite_stat1 VALUES('t0', 'null', ' sz=-544535751 noskipscan');
DELETE FROM sqlite_stat1 WHERE SUBSTR(((0x417fa175) NOTNULL), (~ (x'')));
INSERT OR IGNORE INTO sqlite_stat1 VALUES('t0', 't0', '4 unordered noskipscan');
DELETE FROM sqlite_stat1;
DELETE FROM sqlite_stat1;
INSERT OR IGNORE INTO sqlite_stat1 VALUES('t0', 'null', '2 unordered');
DELETE FROM sqlite_stat1;
INSERT OR IGNORE INTO sqlite_stat1 VALUES('t0', 'null', ' unordered');
INSERT OR IGNORE INTO sqlite_stat1 VALUES('t0', 't0', ' sz=1721364491 noskipscan');
DELETE FROM sqlite_stat1 WHERE CAST((- (x'')) AS BLOB);
DELETE FROM sqlite_stat1 WHERE (('6|<Z') NOTNULL);
INSERT OR IGNORE INTO sqlite_stat1 VALUES('vt1', 'null', '473465598 -2127906262 sz=-634620760');
DELETE FROM sqlite_stat1 WHERE CAST(0x4aa4147a AS INTEGER);
INSERT OR IGNORE INTO sqlite_stat1 VALUES('t0', 'null', ' unordered noskipscan');
INSERT OR IGNORE INTO sqlite_stat1 VALUES('vt1', 'null', '');
INSERT OR IGNORE INTO sqlite_stat1 VALUES('t0', 'null', ' unordered');
DELETE FROM sqlite_stat1 WHERE (+ (((0.9644856482510764) NOTNULL)));
INSERT OR IGNORE INTO sqlite_stat1 VALUES('t0', 'vt1', ' sz=-1080880904 noskipscan');
INSERT OR IGNORE INTO sqlite_stat1 VALUES('vt1', 't0', ' sz=1436166266 noskipscan');
INSERT OR IGNORE INTO sqlite_stat1 VALUES('vt1', 'vt1', ' sz=435565615 unordered noskipscan');
INSERT OR IGNORE INTO sqlite_stat1 VALUES('vt1', 'vt1', ' noskipscan');
INSERT OR IGNORE INTO sqlite_stat1 VALUES('vt1', 't0', '0 2 sz=-1562022887 noskipscan');
DELETE FROM sqlite_stat1 WHERE ((((0.33768254902583117) NOT BETWEEN ('5') AND ('1363 1704--8336554960958387338-1954-886 2433957851531391684 -6622100111844567998-1985:Wo'))) BETWEEN ('') AND (((0.3723398765286636) BETWEEN (x'') AND (0.6652679623845411))));
DELETE FROM sqlite_stat1;
INSERT OR IGNORE INTO sqlite_stat1 VALUES('vt1', 'null', ' noskipscan');
DELETE FROM sqlite_stat1 WHERE TRIM(DISTINCT (((0.8592595058025193, 0.7188780545114384, '', -2043060603, '-1470356981'))==(('-1990000404', NULL, 0.38203398951615575, '0.5949870437403072', ''))));
INSERT OR IGNORE INTO sqlite_stat1 VALUES('t0', 'vt1', ' sz=-1784085917 unordered');
DELETE FROM sqlite_stat1 WHERE 0x5d0aed0d;
INSERT OR IGNORE INTO sqlite_stat1 VALUES('vt1', 't0', ' sz=2133239029');
DELETE FROM sqlite_stat1;
INSERT OR IGNORE INTO sqlite_stat1 VALUES('vt1', 't0', ' sz=-1391514878 unordered noskipscan');
INSERT OR IGNORE INTO sqlite_stat1 VALUES('t0', 'null', ' sz=2104999851 noskipscan');
DELETE FROM sqlite_stat1;
INSERT OR IGNORE INTO sqlite_stat1 VALUES('vt1', 't0', '0 unordered');
INSERT OR IGNORE INTO sqlite_stat1 VALUES('vt1', 'null', '2 noskipscan');
DELETE FROM sqlite_stat1 WHERE CAST(((NULL) BETWEEN (0.801803047675318) AND (x'')) AS REAL);
INSERT OR IGNORE INTO sqlite_stat1 VALUES('t0', 'null', '1571301815 unordered noskipscan');
INSERT OR IGNORE INTO sqlite_stat1 VALUES('t0', 'null', '-1170393792 0 sz=406114891 noskipscan');
DELETE FROM sqlite_stat1;
DELETE FROM sqlite_stat1 WHERE UPPER(DISTINCT ((((x'')OR('7}oBX~H')))AND('*v3Oh>')));
INSERT OR IGNORE INTO sqlite_stat1 VALUES('t0', 't0', ' sz=-1756965791 unordered');
DELETE FROM sqlite_stat1 WHERE TYPEOF((((x''))>=((x''))));
DELETE FROM sqlite_stat1;
INSERT OR IGNORE INTO sqlite_stat1 VALUES('vt1', 'null', ' sz=1247493768 noskipscan');
DELETE FROM sqlite_stat1;
INSERT OR IGNORE INTO sqlite_stat1 VALUES('vt1', 'vt1', '');
INSERT OR IGNORE INTO sqlite_stat1 VALUES('vt1', 'null', '0 -1994641270 sz=376629173 noskipscan');
DELETE FROM sqlite_stat1 WHERE (((('738623848')>(x''))) BETWEEN ((~ ('NP6S'))) AND (((459883629) NOT BETWEEN (x'') AND (NULL))));
DELETE FROM sqlite_stat1 WHERE (((((x'') IS TRUE)))>(((+ ('1247493768')))));
DELETE FROM sqlite_stat1 WHERE ((((-1719796483)IS('0a')))LIKE((((0.7852703942302033)) BETWEEN (('楫g')) AND (('')))));
INSERT OR IGNORE INTO sqlite_stat1 VALUES('t0', 'null', '0 -184698795 sz=-1894991839 unordered noskipscan');
INSERT OR IGNORE INTO sqlite_stat1 VALUES('t0', 't0', ' unordered noskipscan');
INSERT OR IGNORE INTO sqlite_stat1 VALUES('vt1', 'null', ' sz=-1284281711');
INSERT OR IGNORE INTO sqlite_stat1 VALUES('vt1', 'null', ' sz=652752932 unordered');
DELETE FROM sqlite_stat1;
INSERT OR IGNORE INTO sqlite_stat1 VALUES('vt1', 'null', '0 unordered noskipscan');
DELETE FROM sqlite_stat1 WHERE (((((('1989898272')OR('鍟*')))AND(x'febe')))-(((NULL)+(NULL))));
DELETE FROM sqlite_stat1;
DELETE FROM sqlite_stat1 WHERE (+ (NULL)) COLLATE NOCASE;
INSERT OR IGNORE INTO sqlite_stat1 VALUES('t0', 't0', '257313954 unordered');
DELETE FROM sqlite_stat1 WHERE (~ (((0.2697621497611038)+('f漓}'))));
INSERT OR IGNORE INTO sqlite_stat1 VALUES('vt1', 'null', '2 sz=598322971 noskipscan');
INSERT OR IGNORE INTO sqlite_stat1 VALUES('vt1', 'null', '');
DELETE FROM sqlite_stat1 WHERE (- (((0.8040429286693569) IS TRUE)));
DELETE FROM sqlite_stat1 WHERE '},7SF!H';
INSERT OR IGNORE INTO sqlite_stat1 VALUES('vt1', 't0', '1796996821 sz=2026637504 unordered');
DELETE FROM sqlite_stat1;
DELETE FROM sqlite_stat1 WHERE ((((((('')AND(-6.67100454E8)))AND(0.13226492607397122)), ((NULL) BETWEEN ('{1FiZ') AND (NULL)), (NULL IN ())))>((json_insert(NULL, 0.9231424930982244, NULL), (('91770230') NOT BETWEEN (x'') AND (0.8764097800037957)), ((x'c8d1')LIKE(NULL)))));
DELETE FROM sqlite_stat1;
INSERT OR IGNORE INTO sqlite_stat1 VALUES('t0', 't0', ' sz=1995321792 unordered noskipscan');
DELETE FROM sqlite_stat1 WHERE CASE WHEN ((0.6104370350051979) IS FALSE) THEN json_insert('9sk', NULL, 0.562747326201068, 0.37163552000287325, 0.37792628460950795, '88216491', NULL) WHEN (0.13197147614085958 IN ()) THEN (~ (NULL)) WHEN (0X3126753d IN ()) THEN '' ELSE 0.13226492607397122 END;
INSERT OR IGNORE INTO sqlite_stat1 VALUES('vt1', 't0', ' sz=-631760467 unordered');
INSERT OR IGNORE INTO sqlite_stat1 VALUES('vt1', 't0', ' sz=2038680681 noskipscan');
DELETE FROM sqlite_stat1;
DELETE FROM sqlite_stat1 WHERE LIKELY(DISTINCT -8.29224142E8);
INSERT OR IGNORE INTO sqlite_stat1 VALUES('vt1', 'vt1', '0 870205593 sz=2060405838 noskipscan');
DELETE FROM sqlite_stat1;
DELETE FROM sqlite_stat1;
DELETE FROM sqlite_stat1;
DELETE FROM sqlite_stat1 WHERE CASE WHEN CASE WHEN 0Xfffffffff55ec179 THEN NULL END THEN (((x'')) BETWEEN ((NULL)) AND ((NULL))) ELSE x'e6e2' COLLATE BINARY END;
DELETE FROM sqlite_stat1 WHERE (((0.3349211044668331)) BETWEEN (('1675601420' COLLATE BINARY)) AND (((('2088112849')>=(x'4bf1')))));
INSERT OR IGNORE INTO sqlite_stat1 VALUES('vt1', 't0', ' sz=-2021823244 unordered');
INSERT OR IGNORE INTO sqlite_stat1 VALUES('vt1', 'vt1', ' sz=738623848');
DELETE FROM sqlite_stat1 WHERE (((('-1075143371')LIKE('1e500'))) IS TRUE);
INSERT OR IGNORE INTO sqlite_stat1 VALUES('vt1', 'null', ' noskipscan');
INSERT OR IGNORE INTO sqlite_stat1 VALUES('t0', 'null', ' sz=676533280 noskipscan');
DELETE FROM sqlite_stat1 WHERE (IFNULL(x'', x'') IN (((NULL)AND('1053530721'))));
INSERT OR IGNORE INTO sqlite_stat1 VALUES('t0', 'null', ' unordered noskipscan');
INSERT OR IGNORE INTO sqlite_stat1 VALUES('t0', 'vt1', ' unordered');
INSERT OR IGNORE INTO sqlite_stat1 VALUES('t0', 'vt1', '680946380 noskipscan');
INSERT OR IGNORE INTO sqlite_stat1 VALUES('t0', 't0', '1349187340 0 sz=-333152986 unordered noskipscan');
INSERT OR IGNORE INTO sqlite_stat1 VALUES('vt1', 'null', '1774421332 -2012888412 sz=997310907 unordered noskipscan');
DELETE FROM sqlite_stat1;
INSERT OR IGNORE INTO sqlite_stat1 VALUES('t0', 'null', ' unordered');
DELETE FROM sqlite_stat1 WHERE (((0.19896475097418942 COLLATE BINARY))<((((('<')) BETWEEN ((NULL)) AND ((NULL))))));
INSERT OR IGNORE INTO sqlite_stat1 VALUES('t0', 't0', '');
DELETE FROM sqlite_stat1;
INSERT OR IGNORE INTO sqlite_stat1 VALUES('vt1', 't0', ' unordered');
DELETE FROM sqlite_stat1;
DELETE FROM sqlite_stat1;
DELETE FROM sqlite_stat1;
DELETE FROM sqlite_stat1;
INSERT OR IGNORE INTO sqlite_stat1 VALUES('t0', 't0', ' sz=-1595490987 unordered');
INSERT OR IGNORE INTO sqlite_stat1 VALUES('t0', 'vt1', ' unordered noskipscan');
INSERT OR IGNORE INTO sqlite_stat1 VALUES('vt1', 'null', '');
INSERT OR IGNORE INTO sqlite_stat1 VALUES('t0', 'vt1', ' sz=-1850517188 unordered');
DELETE FROM sqlite_stat1 WHERE CAST(HEX(0X44e22b82) AS TEXT);
DELETE FROM sqlite_stat1 WHERE NULL;
DELETE FROM sqlite_stat1 WHERE ((x'5dfa' IN ()) IN ());
DELETE FROM sqlite_stat1 WHERE ((('1480212961' IN ()))<<(((NULL) IS FALSE)));
DELETE FROM sqlite_stat1;
INSERT OR IGNORE INTO sqlite_stat1 VALUES('t0', 'vt1', '0 sz=-1391514878');
DELETE FROM sqlite_stat1 WHERE ((CASE WHEN 0.7947527789834055 THEN x'' END) BETWEEN ((('-1453099478')>>('459883629'))) AND (((('0.6404591497108516', x'', x''))>=((0.18365714558519164, NULL, '?_az0d>')))));
DELETE FROM sqlite_stat1 WHERE CAST((((0.7581605681078134)) NOT BETWEEN ((x'')) AND ((x'ccd5'))) AS NUMERIC);
INSERT OR IGNORE INTO sqlite_stat1 VALUES('t0', 'null', ' sz=878283911 noskipscan');
INSERT OR IGNORE INTO sqlite_stat1 VALUES('vt1', 'null', '0 sz=-1391514878 unordered');
DELETE FROM sqlite_stat1 WHERE CAST(((x'')|(x'b6ee')) AS INTEGER);
INSERT OR IGNORE INTO sqlite_stat1 VALUES('vt1', 't0', '2');
INSERT OR IGNORE INTO sqlite_stat1 VALUES('t0', 'null', ' noskipscan');
INSERT OR IGNORE INTO sqlite_stat1 VALUES('t0', 'vt1', '-336115840 sz=1197364345 unordered noskipscan');
INSERT OR IGNORE INTO sqlite_stat1 VALUES('vt1', 'null', '');
INSERT OR IGNORE INTO sqlite_stat1 VALUES('vt1', 't0', '0 sz=135902134 unordered noskipscan');
INSERT OR IGNORE INTO sqlite_stat1 VALUES('vt1', 't0', ' sz=-291104156');
DELETE FROM sqlite_stat1 WHERE json_array(376562122, 0xffffffff880c3a2d COLLATE BINARY, x'', (('-1485540059')/(0xffffffffbacb871e)));
INSERT OR IGNORE INTO sqlite_stat1 VALUES('t0', 't0', '865170033 1349187340 sz=0');
DELETE FROM sqlite_stat1;
INSERT OR IGNORE INTO sqlite_stat1 VALUES('vt1', 't0', ' noskipscan');
DELETE FROM sqlite_stat1 WHERE ((x'9391') BETWEEN (x'') AND ('\erTEc')) COLLATE BINARY;
DELETE FROM sqlite_stat1;
DELETE FROM sqlite_stat1;
DELETE FROM sqlite_stat1;
INSERT OR IGNORE INTO sqlite_stat1 VALUES('t0', 'vt1', '2133239029 noskipscan');
DELETE FROM sqlite_stat1 WHERE highlight(((('~쳍'))==((''))), ((NULL)LIKE(0.6960360059783659)), ((3.76562122E8) NOT NULL), (0.08895340356053871 IN ()));
DELETE FROM sqlite_stat1 WHERE ((UNLIKELY(NULL))&(NULL COLLATE BINARY));
DELETE FROM sqlite_stat1 WHERE (('') IS FALSE);
DELETE FROM sqlite_stat1;
DELETE FROM sqlite_stat1;
INSERT OR IGNORE INTO sqlite_stat1 VALUES('t0', 'vt1', ' sz=-1783864812');
DELETE FROM sqlite_stat1;
DELETE FROM sqlite_stat1 WHERE ((((((((((NULL) NOT BETWEEN ('ⰻ5') AND (x'')))OR(((0.5072807087433423)-(0.8346831370037736)))))AND(((((((((NULL)AND(NULL)))AND(x'eec2')))OR(x'fdc2')))OR(0.19723538666648066)))))OR((x'3d6a' IN (x'')))))AND(0.5844740707775375));
INSERT OR IGNORE INTO sqlite_stat1 VALUES('t0', 'null', ' sz=-171971181');
DELETE FROM sqlite_stat1;
DELETE FROM sqlite_stat1;
INSERT OR IGNORE INTO sqlite_stat1 VALUES('t0', 'vt1', ' sz=747146442 noskipscan');
INSERT OR IGNORE INTO sqlite_stat1 VALUES('t0', 'vt1', '1089852200 unordered noskipscan');
INSERT OR IGNORE INTO sqlite_stat1 VALUES('vt1', 't0', '2 noskipscan');
INSERT OR IGNORE INTO sqlite_stat1 VALUES('t0', 't0', '');
DELETE FROM sqlite_stat1;
INSERT OR IGNORE INTO sqlite_stat1 VALUES('t0', 'null', ' sz=1622506991 noskipscan');
DELETE FROM sqlite_stat1 WHERE (((((NULL IN ()))AND(('G<Hi' IN ()))))AND(CASE WHEN NULL THEN x'' WHEN 0.23899238428810932 THEN '-1975218240' WHEN NULL THEN '-31507271' END));
DELETE FROM sqlite_stat1 WHERE (((x'')) NOT BETWEEN (((NOT (-1.044204162E9)))) AND ((CASE NULL  WHEN '265070776' THEN '675427563' ELSE '0.41924534923369194' END)));
DELETE FROM sqlite_stat1 WHERE ((((0x2137700b IN ())))>=((((0xffffffff89ce833c) NOT NULL))));
INSERT OR IGNORE INTO sqlite_stat1 VALUES('vt1', 't0', '0 1694910476 sz=-1936570682 unordered noskipscan');
DELETE FROM sqlite_stat1 WHERE ((x'60cee366') BETWEEN ((((''))>=((-1.75172013E8)))) AND (NULL));
INSERT OR IGNORE INTO sqlite_stat1 VALUES('vt1', 't0', ' noskipscan');
DELETE FROM sqlite_stat1 WHERE (+ (CAST('0.25087641437605357' AS BLOB)));
DELETE FROM sqlite_stat1 WHERE ((CAST(NULL AS NUMERIC)) BETWEEN (CAST(0.6122484676560068 AS NUMERIC)) AND (((((((((NULL)OR('BxJA')))AND(NULL)))AND(x'')))AND('-1818646330'))));
DELETE FROM sqlite_stat1 WHERE ((((2.026637504E9))<((NULL))) IN ());
INSERT OR IGNORE INTO sqlite_stat1 VALUES('t0', 'null', ' sz=1090992904 unordered noskipscan');
INSERT OR IGNORE INTO sqlite_stat1 VALUES('vt1', 'null', ' unordered noskipscan');
DELETE FROM sqlite_stat1;
INSERT OR IGNORE INTO sqlite_stat1 VALUES('t0', 't0', ' sz=-1844900231 unordered');
INSERT OR IGNORE INTO sqlite_stat1 VALUES('vt1', 'null', ' sz=1671104230 unordered noskipscan');
DELETE FROM sqlite_stat1 WHERE ((x'68e7') IS FALSE);
INSERT OR IGNORE INTO sqlite_stat1 VALUES('t0', 'null', ' sz=2141283216 unordered');
DELETE FROM sqlite_stat1 WHERE CAST('&^^NT_|)m' COLLATE NOCASE AS NUMERIC);
INSERT OR IGNORE INTO sqlite_stat1 VALUES('t0', 'vt1', '0 1692740921 sz=-667100454');
INSERT OR IGNORE INTO sqlite_stat1 VALUES('vt1', 't0', '788071417 sz=1640498013 unordered');
DELETE FROM sqlite_stat1;
DELETE FROM sqlite_stat1;
DELETE FROM sqlite_stat1;
INSERT OR IGNORE INTO sqlite_stat1 VALUES('t0', 'vt1', '');
INSERT OR IGNORE INTO sqlite_stat1 VALUES('vt1', 't0', '-2126675996 sz=-1784085917');
INSERT OR IGNORE INTO sqlite_stat1 VALUES('vt1', 'vt1', '2');
DELETE FROM sqlite_stat1 WHERE ((((((((MIN(x'bcd20815', x''))AND(0.7765708022057054 COLLATE RTRIM)))AND(CAST('?k' AS NUMERIC))))OR('xq')))OR((((NULL, x'', -1.412767741E9, 0.6284333829147111, x'', 2133239029, NULL)) NOT BETWEEN ((NULL, x'ade6', '', 0xffffffffcbd97727, -1302880368, NULL, 7.65736559E8)) AND (('474393814', 'W1', NULL, '', x'', '\ertec', NULL)))));
INSERT OR IGNORE INTO sqlite_stat1 VALUES('vt1', 'null', '2 833059658');
INSERT OR IGNORE INTO sqlite_stat1 VALUES('vt1', 'null', ' sz=-43227488');
INSERT OR IGNORE INTO sqlite_stat1 VALUES('t0', 'null', '');
DELETE FROM sqlite_stat1;
DELETE FROM sqlite_stat1 WHERE (~ (((0.6232773467959777) BETWEEN (0.023990697925087234) AND (NULL))));
DELETE FROM sqlite_stat1;
DELETE FROM sqlite_stat1 WHERE CAST((0Xffffffffdbade8a9 IN (NULL)) AS NUMERIC);
INSERT OR IGNORE INTO sqlite_stat1 VALUES('t0', 'null', ' sz=912113845 unordered noskipscan');
INSERT OR IGNORE INTO sqlite_stat1 VALUES('vt1', 'null', '');
INSERT OR IGNORE INTO sqlite_stat1 VALUES('vt1', 'null', ' sz=1528860507 unordered noskipscan');
INSERT OR IGNORE INTO sqlite_stat1 VALUES('t0', 'null', '-1994641270 sz=263016025');
INSERT OR IGNORE INTO sqlite_stat1 VALUES('vt1', 'null', ' sz=1974382293 noskipscan');
INSERT OR IGNORE INTO sqlite_stat1 VALUES('vt1', 'null', ' sz=159174274 unordered');
INSERT OR IGNORE INTO sqlite_stat1 VALUES('vt1', 'vt1', '0 noskipscan');
INSERT OR IGNORE INTO sqlite_stat1 VALUES('t0', 'null', '2');
DELETE FROM sqlite_stat1;
INSERT OR IGNORE INTO sqlite_stat1 VALUES('t0', 't0', ' sz=-625045642');
DELETE FROM sqlite_stat1;
DELETE FROM sqlite_stat1;
INSERT OR IGNORE INTO sqlite_stat1 VALUES('vt1', 't0', ' sz=569937349');
DELETE FROM sqlite_stat1;
DELETE FROM sqlite_stat1;
INSERT OR IGNORE INTO sqlite_stat1 VALUES('t0', 'null', '581049962 unordered');
DELETE FROM sqlite_stat1 WHERE CASE TRIM(DISTINCT 0x120a4088, 'z(P<bo')  WHEN ((((0.050937386649331784)AND(NULL)))AND('')) THEN NULLIF('-1154109658', NULL) END;
INSERT OR IGNORE INTO sqlite_stat1 VALUES('vt1', 't0', '2051028885 0 sz=1961667708 unordered');
INSERT OR IGNORE INTO sqlite_stat1 VALUES('vt1', 'vt1', ' unordered noskipscan');
DELETE FROM sqlite_stat1;
DELETE FROM sqlite_stat1;
INSERT OR IGNORE INTO sqlite_stat1 VALUES('t0', 'vt1', '0 noskipscan');
INSERT OR IGNORE INTO sqlite_stat1 VALUES('vt1', 'vt1', ' sz=1428269268 unordered noskipscan');
INSERT OR IGNORE INTO sqlite_stat1 VALUES('vt1', 'null', ' noskipscan');
DELETE FROM sqlite_stat1;
DELETE FROM sqlite_stat1;
DELETE FROM sqlite_stat1;
DELETE FROM sqlite_stat1;
INSERT OR IGNORE INTO sqlite_stat1 VALUES('t0', 't0', '');
INSERT OR IGNORE INTO sqlite_stat1 VALUES('vt1', 'null', ' sz=-2043060603');
INSERT OR IGNORE INTO sqlite_stat1 VALUES('t0', 'vt1', '0 unordered noskipscan');
INSERT OR IGNORE INTO sqlite_stat1 VALUES('t0', 'vt1', '0 unordered');
DELETE FROM sqlite_stat1;
INSERT OR IGNORE INTO sqlite_stat1 VALUES('t0', 'null', ' unordered noskipscan');
INSERT OR IGNORE INTO sqlite_stat1 VALUES('t0', 'null', '-1816747785 sz=-1982954692');
INSERT OR IGNORE INTO sqlite_stat1 VALUES('vt1', 'null', ' sz=571167369 unordered noskipscan');
DELETE FROM sqlite_stat1;
INSERT OR IGNORE INTO sqlite_stat1 VALUES('vt1', 'null', ' noskipscan');
DELETE FROM sqlite_stat1 WHERE ((CAST('850057161' AS NUMERIC)) NOT BETWEEN (CAST(NULL AS REAL)) AND (CAST(NULL AS INTEGER)));
INSERT OR IGNORE INTO sqlite_stat1 VALUES('t0', 'vt1', '2115858087 sz=-1626295884');
DELETE FROM sqlite_stat1 WHERE CAST(((-1865619485)<(0.34846510688317034)) AS NUMERIC);
INSERT OR IGNORE INTO sqlite_stat1 VALUES('vt1', 'vt1', '2 1344271021 noskipscan');
INSERT OR IGNORE INTO sqlite_stat1 VALUES('vt1', 'null', ' noskipscan');
DELETE FROM sqlite_stat1;
INSERT OR IGNORE INTO sqlite_stat1 VALUES('t0', 't0', '-906327659 unordered noskipscan');
DELETE FROM sqlite_stat1;
DELETE FROM sqlite_stat1;
DELETE FROM sqlite_stat1 WHERE ((CAST('' AS BLOB))%(CASE WHEN '-814682877' THEN x'' ELSE -1516086935 END));
INSERT OR IGNORE INTO sqlite_stat1 VALUES('vt1', 'vt1', ' unordered noskipscan');
INSERT OR IGNORE INTO sqlite_stat1 VALUES('vt1', 'null', ' sz=2005997578');
DELETE FROM sqlite_stat1;
DELETE FROM sqlite_stat1 WHERE CASE WHEN (('1098883445')==(NULL)) THEN (((('')OR('}p&')))AND(0Xfffffffff19a9799)) WHEN ('1283998163' IN ()) THEN ((51538807) NOT BETWEEN (0xffffffffec54c03b) AND (0.7581605681078134)) WHEN (~ (x'92d6')) THEN (('')OR(NULL)) ELSE LIKELY(DISTINCT '') END;
INSERT OR IGNORE INTO sqlite_stat1 VALUES('t0', 'null', '0 0 noskipscan');
DELETE FROM sqlite_stat1 WHERE (+ (('6|<Z' IN ())));
INSERT OR IGNORE INTO sqlite_stat1 VALUES('t0', 'null', ' noskipscan');
INSERT OR IGNORE INTO sqlite_stat1 VALUES('t0', 'vt1', '0 sz=-723656996');
INSERT OR IGNORE INTO sqlite_stat1 VALUES('vt1', 'vt1', '1991039819 -1081873694 sz=1002695615 unordered');
INSERT OR IGNORE INTO sqlite_stat1 VALUES('vt1', 'null', '');
DELETE FROM sqlite_stat1 WHERE (0.13226492607397122 IN ());
DELETE FROM sqlite_stat1;
DELETE FROM sqlite_stat1;
INSERT OR IGNORE INTO sqlite_stat1 VALUES('t0', 'vt1', '547149285');
DELETE FROM sqlite_stat1 WHERE CASE (('e(fu')<>(x''))  WHEN ((0x111def3f)<<('C[[/z_')) THEN (((NULL))>=((x'a782'))) ELSE LOWER(x'aaaa') END;
DELETE FROM sqlite_stat1 WHERE ((x'') NOTNULL) COLLATE NOCASE COLLATE RTRIM;
DELETE FROM sqlite_stat1 WHERE CASE (('919790633')&(0.21091264905901963))  WHEN ((0.8627505011721158)%(x'')) THEN CASE 0.5409106181373431  WHEN '0.42419678017130624' THEN x'd4e1' ELSE NULL END END;
INSERT OR IGNORE INTO sqlite_stat1 VALUES('t0', 't0', ' noskipscan');
INSERT OR IGNORE INTO sqlite_stat1 VALUES('vt1', 't0', ' sz=-2006536606 unordered');
DELETE FROM sqlite_stat1;
INSERT OR IGNORE INTO sqlite_stat1 VALUES('t0', 'null', '1171221482 unordered noskipscan');
INSERT OR IGNORE INTO sqlite_stat1 VALUES('vt1', 't0', ' sz=1139489963 unordered');
INSERT OR IGNORE INTO sqlite_stat1 VALUES('vt1', 'vt1', ' sz=788843586 unordered');
INSERT OR IGNORE INTO sqlite_stat1 VALUES('vt1', 't0', ' unordered');
INSERT OR IGNORE INTO sqlite_stat1 VALUES('t0', 'null', '');
DELETE FROM sqlite_stat1 WHERE ((((3.76562122E8) NOT NULL))>>(ROUND(NULL, '푡>.q')));
DELETE FROM sqlite_stat1 WHERE (+ (CASE NULL  WHEN x'3e97' THEN 0xfffffffff3a05b91 ELSE '-2146291326' END));
INSERT OR IGNORE INTO sqlite_stat1 VALUES('vt1', 'vt1', ' sz=-844856465 unordered noskipscan');
DELETE FROM sqlite_stat1 WHERE ((CAST('n[K!醙0M/' AS BLOB))LIKE(x''));
DELETE FROM sqlite_stat1 WHERE CASE WHEN '88216491' THEN -6.25045642E8 ELSE NULL END COLLATE NOCASE;
DELETE FROM sqlite_stat1 WHERE ((((NULL) IS FALSE)) BETWEEN (x'') AND (((0.11109318315072159) NOTNULL)));
DELETE FROM sqlite_stat1;
DELETE FROM sqlite_stat1;
DELETE FROM sqlite_stat1;
INSERT OR IGNORE INTO sqlite_stat1 VALUES('t0', 'null', '0 unordered');
INSERT OR IGNORE INTO sqlite_stat1 VALUES('t0', 'null', ' sz=-1465102036 unordered');
INSERT OR IGNORE INTO sqlite_stat1 VALUES('t0', 'null', '');
DELETE FROM sqlite_stat1 WHERE CASE ((((((((((((0.07345895793600721)AND('-398961233')))AND(0xffffffffcc8195b2)))AND(x'')))OR(x'')))AND(3.25291391E8)))OR('569937349'))  WHEN ('哳uz' IN (x'')) THEN (+ (x'')) ELSE (0.44397530249985895 IN ()) END;
INSERT OR IGNORE INTO sqlite_stat1 VALUES('vt1', 'null', '2 noskipscan');
INSERT OR IGNORE INTO sqlite_stat1 VALUES('vt1', 'null', ' unordered');
INSERT OR IGNORE INTO sqlite_stat1 VALUES('t0', 't0', '-1391514878 sz=-326103995');
INSERT OR IGNORE INTO sqlite_stat1 VALUES('t0', 't0', ' sz=-1622947833');
DELETE FROM sqlite_stat1 WHERE ((((x'e1ad')OR(0.6305654481180667)))AND(x'')) COLLATE RTRIM;
INSERT OR IGNORE INTO sqlite_stat1 VALUES('t0', 'vt1', ' sz=-1859149462');
DELETE FROM sqlite_stat1 WHERE COALESCE(DISTINCT CASE WHEN NULL THEN 0.16828487154878713 END, (('1098883445')<<(NULL)), 0.29543030560953665, ((0xffffffffacfcc853) ISNULL));
INSERT OR IGNORE INTO sqlite_stat1 VALUES('t0', 'null', ' sz=-1069650274 unordered noskipscan');
DELETE FROM sqlite_stat1 WHERE (NULL COLLATE RTRIM IN (((NULL)|(NULL))));
DELETE FROM sqlite_stat1 WHERE ((((((((((((((0.1784194169672093)>>('-365577904')))OR((- ('R{b*TO')))))OR((('M')OR('y겇D)攆T')))))AND((+ (-866129183)))))AND(((((x'')OR(NULL)))OR('0.5487939708329955')))))OR(((NULL) NOT BETWEEN (NULL) AND (0.7641943858630309)))))AND((~ (x'73c3'))));
INSERT OR IGNORE INTO sqlite_stat1 VALUES('t0', 'null', ' noskipscan');
INSERT OR IGNORE INTO sqlite_stat1 VALUES('vt1', 't0', ' sz=1471518013');
DELETE FROM sqlite_stat1;
INSERT OR IGNORE INTO sqlite_stat1 VALUES('t0', 'null', ' sz=873992020');
DELETE FROM sqlite_stat1 WHERE ((((((((((NULL)AND(x'')))OR(NULL)))AND(x'')))OR('0.06242489283369912')))LIKE(((((NULL)OR(x'')))AND('1527249185'))));
INSERT OR IGNORE INTO sqlite_stat1 VALUES('vt1', 'vt1', ' unordered');
INSERT OR IGNORE INTO sqlite_stat1 VALUES('t0', 'null', '0 sz=1839056931 unordered noskipscan');
DELETE FROM sqlite_stat1 WHERE CASE SQLITE_COMPILEOPTION_GET(0.5604063630439461)  WHEN ((((((((((((0.1738702225906842)OR(NULL)))OR('-104575589')))OR(0X2da4366f)))OR('1463364728')))OR(NULL)))AND(NULL)) THEN x'f050' COLLATE BINARY END;
INSERT OR IGNORE INTO sqlite_stat1 VALUES('t0', 'null', ' unordered');
DELETE FROM sqlite_stat1 WHERE ((((NULL)GLOB(NULL))) IS FALSE);
DELETE FROM sqlite_stat1;
DELETE FROM sqlite_stat1;
DELETE FROM sqlite_stat1 WHERE '0.053400881230043606';
INSERT OR IGNORE INTO sqlite_stat1 VALUES('t0', 't0', '0');
INSERT OR IGNORE INTO sqlite_stat1 VALUES('vt1', 'vt1', '0 unordered');
DELETE FROM sqlite_stat1;
INSERT OR IGNORE INTO sqlite_stat1 VALUES('t0', 'null', '');
DELETE FROM sqlite_stat1 WHERE TOTAL_CHANGES();
INSERT OR IGNORE INTO sqlite_stat1 VALUES('vt1', 't0', '0 sz=803838544 unordered noskipscan');
INSERT OR IGNORE INTO sqlite_stat1 VALUES('t0', 'vt1', '563653014 0 sz=-935023874 noskipscan');
DELETE FROM sqlite_stat1;
INSERT OR IGNORE INTO sqlite_stat1 VALUES('t0', 'vt1', ' unordered noskipscan');
INSERT OR IGNORE INTO sqlite_stat1 VALUES('vt1', 'null', ' sz=592247334');
DELETE FROM sqlite_stat1;
INSERT OR IGNORE INTO sqlite_stat1 VALUES('t0', 'null', ' unordered noskipscan');
INSERT OR IGNORE INTO sqlite_stat1 VALUES('vt1', 'null', '-1879507904 sz=1792971710 unordered');
INSERT OR IGNORE INTO sqlite_stat1 VALUES('vt1', 'null', ' unordered');
INSERT OR IGNORE INTO sqlite_stat1 VALUES('t0', 'null', ' sz=-1704878976');
INSERT OR IGNORE INTO sqlite_stat1 VALUES('vt1', 'vt1', ' sz=1388088953');
INSERT OR IGNORE INTO sqlite_stat1 VALUES('vt1', 'null', '435565615 sz=-1863722818 noskipscan');
INSERT OR IGNORE INTO sqlite_stat1 VALUES('vt1', 'vt1', '2 unordered noskipscan');
DELETE FROM sqlite_stat1;
INSERT OR IGNORE INTO sqlite_stat1 VALUES('vt1', 'vt1', ' noskipscan');
DELETE FROM sqlite_stat1 WHERE CASE WHEN (NOT (0.34865220383377227)) THEN NULL COLLATE BINARY WHEN (((NULL)) BETWEEN ((NULL)) AND (('cC)G'))) THEN ('200945443' IN ()) WHEN '씌W3f{mM愱x' THEN (NULL IN ()) END;
DELETE FROM sqlite_stat1 WHERE NULLIF((~ (0xffffffff92e5b472)), (~ ('')));
INSERT OR IGNORE INTO sqlite_stat1 VALUES('t0', 't0', ' sz=-1863015949 unordered noskipscan');
INSERT OR IGNORE INTO sqlite_stat1 VALUES('t0', 'null', ' sz=1965879268 noskipscan');
DELETE FROM sqlite_stat1 WHERE (((((0.1773660968805224)AND(NULL)))OR(x'dfb1')) IN ());
INSERT OR IGNORE INTO sqlite_stat1 VALUES('t0', 'null', ' noskipscan');
DELETE FROM sqlite_stat1 WHERE CAST(((0Xfffffffff2d9c72f) NOTNULL) AS NUMERIC);
DELETE FROM sqlite_stat1 WHERE (('1381956969' COLLATE RTRIM)|((+ (x''))));
INSERT OR IGNORE INTO sqlite_stat1 VALUES('vt1', 'null', '0 sz=873466017 noskipscan');
INSERT OR IGNORE INTO sqlite_stat1 VALUES('t0', 'null', ' sz=1429371658 unordered noskipscan');
INSERT OR IGNORE INTO sqlite_stat1 VALUES('vt1', 't0', ' sz=459883629 unordered');
INSERT OR IGNORE INTO sqlite_stat1 VALUES('t0', 't0', '0 2 sz=-1859149462');
DELETE FROM sqlite_stat1 WHERE (((((0.3549389599592928))>((NULL)))) NOTNULL);
DELETE FROM sqlite_stat1 WHERE TRIM(NULL, x'') COLLATE BINARY;
INSERT OR IGNORE INTO sqlite_stat1 VALUES('vt1', 't0', '');
DELETE FROM sqlite_stat1;
INSERT OR IGNORE INTO sqlite_stat1 VALUES('vt1', 'null', '0 unordered noskipscan');
INSERT OR IGNORE INTO sqlite_stat1 VALUES('vt1', 't0', '1796996821 sz=-506421238 unordered');
DELETE FROM sqlite_stat1 WHERE ((0.5235677909901689)<=('7')) COLLATE BINARY;
DELETE FROM sqlite_stat1;
INSERT OR IGNORE INTO sqlite_stat1 VALUES('vt1', 'null', ' unordered');
INSERT OR IGNORE INTO sqlite_stat1 VALUES('vt1', 'null', ' sz=-464952058 noskipscan');
INSERT OR IGNORE INTO sqlite_stat1 VALUES('vt1', 'null', ' unordered');
DELETE FROM sqlite_stat1 WHERE ((CASE x'e397'  WHEN 0.09004501857470482 THEN '1725472778' END)%((('') BETWEEN (NULL) AND (NULL))));
DELETE FROM sqlite_stat1;
INSERT OR IGNORE INTO sqlite_stat1 VALUES('t0', 't0', ' sz=-532736112 unordered');
DELETE FROM sqlite_stat1;
INSERT OR IGNORE INTO sqlite_stat1 VALUES('t0', 'null', '');
INSERT OR IGNORE INTO sqlite_stat1 VALUES('t0', 'vt1', ' sz=2007671550 unordered');
INSERT OR IGNORE INTO sqlite_stat1 VALUES('t0', 'null', '1519500874 unordered');
INSERT OR IGNORE INTO sqlite_stat1 VALUES('t0', 'null', '161587195 noskipscan');
DELETE FROM sqlite_stat1 WHERE (+ ((('199755466') NOT BETWEEN (x'') AND (0x7c9b707e))));
DELETE FROM sqlite_stat1;
INSERT OR IGNORE INTO sqlite_stat1 VALUES('vt1', 't0', ' noskipscan');
DELETE FROM sqlite_stat1;
DELETE FROM sqlite_stat1 WHERE (((('|7ks?fd')||(0.3608476162513876))) NOTNULL);
DELETE FROM sqlite_stat1 WHERE CAST(CASE 0.8117977746585523  WHEN '0.26170054671216814' THEN 0Xffffffffd524d3ef ELSE x'' END AS REAL);
DELETE FROM sqlite_stat1 WHERE ((((x'dfb5' COLLATE NOCASE)AND(((NULL) BETWEEN (-1.850517188E9) AND (NULL)))))AND(0.928281502683341));
DELETE FROM sqlite_stat1 WHERE (((x'' IN ()))IS(((x'1c7cfaba') NOTNULL)));
DELETE FROM sqlite_stat1 WHERE '1356136989';
DELETE FROM sqlite_stat1 WHERE '997310907' COLLATE NOCASE;
INSERT OR IGNORE INTO sqlite_stat1 VALUES('t0', 'null', ' unordered');
DELETE FROM sqlite_stat1;
DELETE FROM sqlite_stat1 WHERE CASE WHEN ((0.35787719149868347)!=(NULL)) THEN (('d{p?*joﳏg') NOT BETWEEN ('1844095753') AND (NULL)) ELSE ABS(x'') END;
INSERT OR IGNORE INTO sqlite_stat1 VALUES('t0', 'null', ' unordered');
DELETE FROM sqlite_stat1;
INSERT OR IGNORE INTO sqlite_stat1 VALUES('vt1', 't0', ' unordered noskipscan');
DELETE FROM sqlite_stat1 WHERE ((((CAST(0x76b71733 AS REAL))OR(((((0.39868538820018373)OR('')))OR(0.8284607564191504)))))AND(((x'') NOTNULL)));
INSERT OR IGNORE INTO sqlite_stat1 VALUES('t0', 'vt1', ' noskipscan');
DELETE FROM sqlite_stat1 WHERE ((CASE 0.7973202783991369  WHEN 0.8736502426414195 THEN x'' END) NOT NULL);
DELETE FROM sqlite_stat1 WHERE (((((x'') NOTNULL)))>((UNICODE(0.029072454469396436))));
INSERT OR IGNORE INTO sqlite_stat1 VALUES('vt1', 'null', ' unordered');
INSERT OR IGNORE INTO sqlite_stat1 VALUES('t0', 't0', ' sz=1381956969 unordered noskipscan');
DELETE FROM sqlite_stat1 WHERE ((NULL IN (0X44ef870d)) IN (UPPER(DISTINCT 2141283216)));
DELETE FROM sqlite_stat1;
INSERT OR IGNORE INTO sqlite_stat1 VALUES('t0', 'null', '');
DELETE FROM sqlite_stat1;
DELETE FROM sqlite_stat1 WHERE (- ((('88216491')||(x'1c41d6b1'))));
INSERT OR IGNORE INTO sqlite_stat1 VALUES('vt1', 'null', '-204422159 sz=-1093133431 unordered noskipscan');
DELETE FROM sqlite_stat1;
DELETE FROM sqlite_stat1;
DELETE FROM sqlite_stat1 WHERE x'';
INSERT OR IGNORE INTO sqlite_stat1 VALUES('t0', 't0', ' sz=-1575225667');
INSERT OR IGNORE INTO sqlite_stat1 VALUES('vt1', 't0', '0 unordered');
DELETE FROM sqlite_stat1;
DELETE FROM sqlite_stat1 WHERE 0.1933361514079286;
DELETE FROM sqlite_stat1;
INSERT OR IGNORE INTO sqlite_stat1 VALUES('vt1', 't0', '0 0 sz=47995591');
INSERT OR IGNORE INTO sqlite_stat1 VALUES('t0', 't0', '0 0 noskipscan');
DELETE FROM sqlite_stat1 WHERE (((UPPER(DISTINCT NULL)))>(((x'' IN ()))));
DELETE FROM sqlite_stat1 WHERE (((((((('-43227488')AND(NULL)))OR('2141283216')))AND(((0.4506646134415345) ISNULL))))OR((((NULL, NULL, NULL))>((0.1425666783306514, 0.8241047998845741, 0.9027305856365716)))));
INSERT OR IGNORE INTO sqlite_stat1 VALUES('vt1', 'null', ' noskipscan');
INSERT OR IGNORE INTO sqlite_stat1 VALUES('t0', 'vt1', '2');
INSERT OR IGNORE INTO sqlite_stat1 VALUES('vt1', 'null', '0 sz=1078938470 unordered');
DELETE FROM sqlite_stat1 WHERE CASE ROUND('pg', '')  WHEN ((NULL) BETWEEN (NULL) AND (x'')) THEN -1756965791 ELSE ((-1.6822004E7)>=(0Xffffffffd1da955b)) END;
INSERT OR IGNORE INTO sqlite_stat1 VALUES('t0', 'null', ' sz=789350272 unordered noskipscan');
INSERT OR IGNORE INTO sqlite_stat1 VALUES('t0', 'null', ' unordered noskipscan');
INSERT OR IGNORE INTO sqlite_stat1 VALUES('vt1', 'null', ' unordered noskipscan');
DELETE FROM sqlite_stat1;
DELETE FROM sqlite_stat1 WHERE ((CAST(NULL AS INTEGER))*((((('B.85Os|NM')OR(x'')))AND(x''))));
DELETE FROM sqlite_stat1 WHERE CAST(TRIM(0.3866630363547401) AS INTEGER);
INSERT OR IGNORE INTO sqlite_stat1 VALUES('t0', 't0', '2 0 sz=592247334 noskipscan');
INSERT OR IGNORE INTO sqlite_stat1 VALUES('t0', 'null', ' sz=1995321792 noskipscan');
DELETE FROM sqlite_stat1;
DELETE FROM sqlite_stat1 WHERE (CAST('1283998163' AS NUMERIC) IN ());
INSERT OR IGNORE INTO sqlite_stat1 VALUES('vt1', 'vt1', '');
DELETE FROM sqlite_stat1 WHERE ((TYPEOF(DISTINCT '37892079'))=((((NULL))<((0.035267169853045566)))));
DELETE FROM sqlite_stat1;
DELETE FROM sqlite_stat1 WHERE CASE x'a13d'  WHEN CASE 'RO9kB8X'  WHEN 1018873232 THEN x'1174' ELSE -8.25951147E8 END THEN CAST('qoW' AS TEXT) ELSE ((('-16822004')) NOT BETWEEN (('䚶')) AND ((0.39902001814040733))) END;
INSERT OR IGNORE INTO sqlite_stat1 VALUES('t0', 't0', ' sz=1053530721 noskipscan');
DELETE FROM sqlite_stat1;
DELETE FROM sqlite_stat1 WHERE TRIM(DISTINCT NULL, (('')>(0.8796889010932156)));
INSERT OR IGNORE INTO sqlite_stat1 VALUES('t0', 'null', ' sz=1671104230');
INSERT OR IGNORE INTO sqlite_stat1 VALUES('vt1', 'vt1', '-1874662798 noskipscan');
DELETE FROM sqlite_stat1;
INSERT OR IGNORE INTO sqlite_stat1 VALUES('vt1', 'null', ' unordered');
INSERT OR IGNORE INTO sqlite_stat1 VALUES('vt1', 'null', ' sz=325291391 unordered');
INSERT OR IGNORE INTO sqlite_stat1 VALUES('vt1', 'null', ' sz=-1738280911 noskipscan');
DELETE FROM sqlite_stat1 WHERE DATE(('-1817707688' IN (NULL)), (((NULL, '-171971181', x'f24e0026')) NOT BETWEEN (('1286799896', '+Qu]', x'6b8f')) AND (('I4', '361900319', NULL))), (((NULL, 0x628076ad, 663988552)) NOT BETWEEN (('', NULL, NULL)) AND (('0.5876716805775064', '-556630853', 'JG'))), ((0.019139700458779663)==(NULL)), (x'' IN (0xffffffffda2cbdd1, NULL)));
DELETE FROM sqlite_stat1 WHERE (((((NULL)) BETWEEN ((NULL)) AND ((0X1b8d0087)))) NOT BETWEEN (UPPER(DISTINCT NULL)) AND (-3.65577904E8 COLLATE RTRIM));
DELETE FROM sqlite_stat1;
INSERT OR IGNORE INTO sqlite_stat1 VALUES('t0', 't0', '');
INSERT OR IGNORE INTO sqlite_stat1 VALUES('vt1', 'null', ' sz=-694879084 noskipscan');
DELETE FROM sqlite_stat1 WHERE (((((0.011273761633039947) BETWEEN (x'07627755') AND (NULL))))==((CASE -1057577642  WHEN x'' THEN '' END)));
DELETE FROM sqlite_stat1 WHERE ((((0X38632d72)>(0Xffffffff9c0ef2c9))) BETWEEN (CAST(0X639b06e6 AS REAL)) AND (((0.36501899637783974) NOT BETWEEN ('-1739592173') AND (0.5292826480764635))));
DELETE FROM sqlite_stat1 WHERE (((((NULL, NULL, x'9cf2')) BETWEEN ((x'', x'c83f', x'')) AND ((0.7261460699247417, x'', 0.34371224229860586))))IS(((0.18624729224902103) ISNULL)));
INSERT OR IGNORE INTO sqlite_stat1 VALUES('vt1', 'null', '2069397768 0 sz=495702675 unordered');
DELETE FROM sqlite_stat1 WHERE (((CASE WHEN 'J/' THEN NULL WHEN '<	/fN' THEN 0.6292319920352613 WHEN 0.6963253454986695 THEN '2133239029' ELSE 804080634 END))<>((MAX(0.16894613447273288, NULL))));
DELETE FROM sqlite_stat1 WHERE CASE ABS(DISTINCT '-2090886562')  WHEN ((((((((-667100454)AND(NULL)))OR(0.5550908943071399)))OR('-667100454')))OR('0.5876716805775064')) THEN ((((NULL)OR('524180767')))AND(NULL)) WHEN (('') BETWEEN ('848089977') AND ('IAL7J')) THEN ((NULL)>('1060224678')) WHEN (((('817536778')OR(0xffffffffc8013766)))OR(0.09711919243697653)) THEN ((('Ljr3o')) BETWEEN ((NULL)) AND ((0.7704857321019728))) ELSE ((((0.11060227412560408)OR('-881650039')))OR(x'')) END;
DELETE FROM sqlite_stat1;
DELETE FROM sqlite_stat1 WHERE (((6.1446109E7 IN (0.6007716245009871)))|(NULL));
INSERT OR IGNORE INTO sqlite_stat1 VALUES('t0', 'null', ' noskipscan');
INSERT OR IGNORE INTO sqlite_stat1 VALUES('t0', 'vt1', ' sz=1515498368');
DELETE FROM sqlite_stat1;
INSERT OR IGNORE INTO sqlite_stat1 VALUES('vt1', 't0', '-1818646330 1878391604 sz=-1363535930 unordered noskipscan');
INSERT OR IGNORE INTO sqlite_stat1 VALUES('vt1', 't0', '0 148924447 sz=541171493 unordered noskipscan');
DELETE FROM sqlite_stat1 WHERE (((((('-2043060603') BETWEEN ('716943328') AND ('-1818646330')))AND('-1970610634' COLLATE RTRIM)))OR((+ (''))));
INSERT OR IGNORE INTO sqlite_stat1 VALUES('vt1', 'vt1', ' sz=-1060814365 unordered noskipscan');
DELETE FROM sqlite_stat1 WHERE (((((x''))>=((0Xffffffffeb06932c))))LIKE(CASE ''  WHEN 0.33768254902583117 THEN NULL ELSE NULL END));
DELETE FROM sqlite_stat1;
DELETE FROM sqlite_stat1;
DELETE FROM sqlite_stat1 WHERE (((('0.33768254902583117')>>(NULL))) BETWEEN (x'') AND (ABS(DISTINCT x'7fa9')));
DELETE FROM sqlite_stat1 WHERE ((x'31402e99')>=(x'' COLLATE RTRIM));
DELETE FROM sqlite_stat1;
DELETE FROM sqlite_stat1;
INSERT OR IGNORE INTO sqlite_stat1 VALUES('vt1', 'null', '2 sz=-1877791448 noskipscan');
DELETE FROM sqlite_stat1 WHERE (- (((x'')%(x'f9ed'))));
DELETE FROM sqlite_stat1;
DELETE FROM sqlite_stat1 WHERE (((((NULL)*(-2.043060603E9))))<=((-1637963688 COLLATE RTRIM)));
INSERT OR IGNORE INTO sqlite_stat1 VALUES('vt1', 't0', '-1658678566 sz=-755217209');
DELETE FROM sqlite_stat1 WHERE x'660a';
INSERT OR IGNORE INTO sqlite_stat1 VALUES('t0', 'vt1', ' unordered');
DELETE FROM sqlite_stat1;
DELETE FROM sqlite_stat1 WHERE ((((0X111def3f)&('~Ypto{oAc')))|(((('-342286001'))>=(('IL<U')))));
INSERT OR IGNORE INTO sqlite_stat1 VALUES('vt1', 't0', ' sz=1777373782 unordered noskipscan');
INSERT OR IGNORE INTO sqlite_stat1 VALUES('vt1', 'vt1', ' sz=466739606 unordered');
INSERT OR IGNORE INTO sqlite_stat1 VALUES('vt1', 't0', ' sz=1091255054 noskipscan');
DELETE FROM sqlite_stat1;
DELETE FROM sqlite_stat1 WHERE ((('N]%{kXAX')) BETWEEN ((((((x'')AND('')))AND(0.5709602467136211)))) AND (((NOT (0.6649832273575139)))));
DELETE FROM sqlite_stat1 WHERE ((((TRIM(DISTINCT -1.676741943E9))AND(CAST('976788577' AS REAL))))AND(((((((((6.7653328E8)OR(NULL)))OR(0Xffffffffae1edefc)))AND(0.9097695641512737)))OR(NULL))));
INSERT OR IGNORE INTO sqlite_stat1 VALUES('vt1', 'null', ' noskipscan');
INSERT OR IGNORE INTO sqlite_stat1 VALUES('vt1', 't0', '0 unordered noskipscan');
INSERT OR IGNORE INTO sqlite_stat1 VALUES('vt1', 'null', '-1991716560 sz=-620197523');
INSERT OR IGNORE INTO sqlite_stat1 VALUES('t0', 'null', '0 sz=2011585192');
DELETE FROM sqlite_stat1;
INSERT OR IGNORE INTO sqlite_stat1 VALUES('vt1', 'vt1', '0 sz=2141283216');
DELETE FROM sqlite_stat1;
DELETE FROM sqlite_stat1 WHERE TYPEOF(0.9586153398463622) COLLATE NOCASE;
DELETE FROM sqlite_stat1 WHERE (((('0.27837853917785105') NOT NULL))GLOB(((x'')<<(0.7314088852192234))));
INSERT OR IGNORE INTO sqlite_stat1 VALUES('t0', 't0', ' sz=403320223 noskipscan');
DELETE FROM sqlite_stat1 WHERE (((0.3271328050809942)) NOT BETWEEN (((x'6d497513' IN ()))) AND ((DATE(NULL, '-541566451', 0x111def3f))));
INSERT OR IGNORE INTO sqlite_stat1 VALUES('vt1', 'vt1', ' sz=-1982954692 unordered noskipscan');
INSERT OR IGNORE INTO sqlite_stat1 VALUES('vt1', 'null', '-881650039 2');
DELETE FROM sqlite_stat1;
DELETE FROM sqlite_stat1;
DELETE FROM sqlite_stat1 WHERE x'fd2d';
DELETE FROM sqlite_stat1 WHERE (((((((NULL)) BETWEEN ((NULL)) AND ((x''))))OR(((((NULL)AND('0.13226492607397122')))OR('|''[yndXhv')))))AND((~ (0.38203398951615575))));
DELETE FROM sqlite_stat1 WHERE (~ ((('') IS TRUE)));
INSERT OR IGNORE INTO sqlite_stat1 VALUES('t0', 'vt1', ' noskipscan');
INSERT OR IGNORE INTO sqlite_stat1 VALUES('t0', 't0', ' unordered');
INSERT OR IGNORE INTO sqlite_stat1 VALUES('t0', 't0', '-1044204162 sz=0 noskipscan');
INSERT OR IGNORE INTO sqlite_stat1 VALUES('t0', 'null', ' sz=-1994641270 unordered noskipscan');
INSERT OR IGNORE INTO sqlite_stat1 VALUES('t0', 'vt1', ' noskipscan');
DELETE FROM sqlite_stat1 WHERE CASE WHEN NULL THEN 0X28d4c3ed WHEN x'' THEN -45944605 WHEN 0.312087551935756 THEN x'416b' END COLLATE RTRIM;
DELETE FROM sqlite_stat1 WHERE '-814682877';
DELETE FROM sqlite_stat1 WHERE NULL;
INSERT OR IGNORE INTO sqlite_stat1 VALUES('vt1', 'null', '2 unordered noskipscan');
INSERT OR IGNORE INTO sqlite_stat1 VALUES('vt1', 'null', '');
DELETE FROM sqlite_stat1 WHERE (NOT (CASE x'e1c5c1c8'  WHEN '0.1483486039232479' THEN '~Ypto{oAc' END));
DELETE FROM sqlite_stat1 WHERE 2050239213;
INSERT OR IGNORE INTO sqlite_stat1 VALUES('t0', 't0', ' sz=419412771 unordered');
INSERT OR IGNORE INTO sqlite_stat1 VALUES('t0', 'null', ' sz=1002695615 unordered');
DELETE FROM sqlite_stat1;
DELETE FROM sqlite_stat1;
INSERT OR IGNORE INTO sqlite_stat1 VALUES('vt1', 'vt1', '');
INSERT OR IGNORE INTO sqlite_stat1 VALUES('t0', 'null', '');
INSERT OR IGNORE INTO sqlite_stat1 VALUES('vt1', 'null', ' sz=1873740163 unordered noskipscan');
INSERT OR IGNORE INTO sqlite_stat1 VALUES('vt1', 'vt1', ' sz=-104575589 unordered');
INSERT OR IGNORE INTO sqlite_stat1 VALUES('vt1', 'null', '-922835602 sz=-1320294178 unordered');
DELETE FROM sqlite_stat1 WHERE (((x'8aad', 'R4', NULL)) NOT BETWEEN ((CASE 0Xffffffffbbc0799b  WHEN 0Xffffffffbfd24186 THEN '-240034440' END, CASE WHEN '954881126' THEN 'Q2' ELSE NULL END, ((NULL) NOTNULL))) AND ((CAST(0xffffffff9ff19222 AS INTEGER), (((NULL))<=(('C'))), CAST(x'' AS TEXT))));
INSERT OR IGNORE INTO sqlite_stat1 VALUES('vt1', 'null', '');
DELETE FROM sqlite_stat1;
DELETE FROM sqlite_stat1 WHERE ((((((((CASE WHEN '-0.0' THEN NULL ELSE NULL END)OR(((NULL)<=(x'9de1')))))AND(((NULL) NOT NULL))))AND((+ ('')))))AND(x'ce14' COLLATE RTRIM));
INSERT OR IGNORE INTO sqlite_stat1 VALUES('vt1', 't0', ' noskipscan');
INSERT OR IGNORE INTO sqlite_stat1 VALUES('t0', 't0', '0 555808947 unordered');
DELETE FROM sqlite_stat1 WHERE ((((((((((((-698941703)OR('')))OR(NULL)))OR((('')+(-2126675996)))))AND(x'' COLLATE BINARY)))AND(((0X528397f6) BETWEEN (x'f849') AND ('355133083')))))AND(CASE WHEN -560436051 THEN '3W' ELSE 0.7852703942302033 END));
INSERT OR IGNORE INTO sqlite_stat1 VALUES('t0', 'null', ' sz=-799716801 noskipscan');
INSERT OR IGNORE INTO sqlite_stat1 VALUES('vt1', 'vt1', ' sz=-1355432928 noskipscan');
INSERT OR IGNORE INTO sqlite_stat1 VALUES('t0', 'null', ' sz=-1759898933 unordered');
INSERT OR IGNORE INTO sqlite_stat1 VALUES('vt1', 'null', '0 1654182904 sz=1824292629 noskipscan');
DELETE FROM sqlite_stat1;
DELETE FROM sqlite_stat1;
INSERT OR IGNORE INTO sqlite_stat1 VALUES('t0', 't0', ' unordered');
INSERT OR IGNORE INTO sqlite_stat1 VALUES('vt1', 'null', '');
DELETE FROM sqlite_stat1;
INSERT OR IGNORE INTO sqlite_stat1 VALUES('vt1', 'null', ' unordered noskipscan');
DELETE FROM sqlite_stat1 WHERE (((((((((- (-1.81864633E9)))AND(CASE WHEN '' THEN 0Xffffffff8fddf332 END)))OR(((NULL) NOT NULL))))OR(((-4.7129049E8) BETWEEN (0.5008316858668779) AND ('-918857548')))))OR(((x'') NOTNULL)));
INSERT OR IGNORE INTO sqlite_stat1 VALUES('vt1', 't0', '');
INSERT OR IGNORE INTO sqlite_stat1 VALUES('vt1', 'vt1', '');
INSERT OR IGNORE INTO sqlite_stat1 VALUES('vt1', 'vt1', ' sz=-667100454 unordered');
DELETE FROM sqlite_stat1;
DELETE FROM sqlite_stat1;
DELETE FROM sqlite_stat1;
DELETE FROM sqlite_stat1;
DELETE FROM sqlite_stat1;
DELETE FROM sqlite_stat1;
INSERT OR IGNORE INTO sqlite_stat1 VALUES('vt1', 't0', ' sz=-342286001 noskipscan');
INSERT OR IGNORE INTO sqlite_stat1 VALUES('vt1', 'null', ' sz=1619506296 noskipscan');
INSERT OR IGNORE INTO sqlite_stat1 VALUES('vt1', 'null', ' noskipscan');
INSERT OR IGNORE INTO sqlite_stat1 VALUES('vt1', 'null', ' unordered noskipscan');
DELETE FROM sqlite_stat1 WHERE (((0.7852703942302033)) BETWEEN ((((x'') IS FALSE))) AND ((')w')));
INSERT OR IGNORE INTO sqlite_stat1 VALUES('vt1', 't0', ' sz=-1670726277 unordered noskipscan');
DELETE FROM sqlite_stat1;
INSERT OR IGNORE INTO sqlite_stat1 VALUES('t0', 't0', ' sz=-221991703');
INSERT OR IGNORE INTO sqlite_stat1 VALUES('vt1', 'null', '466272830 0 sz=-1905645166 unordered');
DELETE FROM sqlite_stat1 WHERE ((((0.9357072333675788) BETWEEN (x'') AND (0.6089558569434803)))<>('0.40867878438983185'));
INSERT OR IGNORE INTO sqlite_stat1 VALUES('vt1', 't0', ' sz=-929492236 noskipscan');
DELETE FROM sqlite_stat1 WHERE HEX(DISTINCT '') COLLATE RTRIM;
INSERT OR IGNORE INTO sqlite_stat1 VALUES('t0', 'vt1', ' sz=-660024358 unordered');
INSERT OR IGNORE INTO sqlite_stat1 VALUES('vt1', 'null', ' unordered noskipscan');
DELETE FROM sqlite_stat1 WHERE ((((('g'))<(('{}'))))-((((NULL))<(('hD')))));
DELETE FROM sqlite_stat1 WHERE (((x''))>=((NULL))) COLLATE NOCASE COLLATE BINARY;
INSERT OR IGNORE INTO sqlite_stat1 VALUES('t0', 'null', ' unordered');
INSERT OR IGNORE INTO sqlite_stat1 VALUES('t0', 'null', '-939082341 unordered noskipscan');
INSERT OR IGNORE INTO sqlite_stat1 VALUES('vt1', 't0', ' noskipscan');
DELETE FROM sqlite_stat1;
INSERT OR IGNORE INTO sqlite_stat1 VALUES('vt1', 'null', '');
DELETE FROM sqlite_stat1;
INSERT OR IGNORE INTO sqlite_stat1 VALUES('t0', 'null', ' noskipscan');
DELETE FROM sqlite_stat1;
INSERT OR IGNORE INTO sqlite_stat1 VALUES('vt1', 'vt1', '1203386546 sz=1003104216 unordered');
INSERT OR IGNORE INTO sqlite_stat1 VALUES('t0', 'null', ' noskipscan');
DELETE FROM sqlite_stat1;
INSERT OR IGNORE INTO sqlite_stat1 VALUES('vt1', 'null', '-273121689 -2126675996 unordered noskipscan');
DELETE FROM sqlite_stat1 WHERE CAST(((x'')<('')) AS REAL);
INSERT OR IGNORE INTO sqlite_stat1 VALUES('vt1', 'null', ' unordered');
DELETE FROM sqlite_stat1;
DELETE FROM sqlite_stat1;
DELETE FROM sqlite_stat1 WHERE ((x'') BETWEEN (x'16a2') AND (x'')) COLLATE NOCASE;
DELETE FROM sqlite_stat1 WHERE (- ((+ (NULL))));
DELETE FROM sqlite_stat1 WHERE CASE WHEN ((NULL)=(0.21637992953270624)) THEN CAST(NULL AS TEXT) WHEN CASE NULL  WHEN x'dc4a' THEN 'qqo' END THEN (('') NOT BETWEEN (-1982954692) AND ('1823823300')) WHEN ((x'df3a') ISNULL) THEN ((NULL)GLOB(NULL)) ELSE '' COLLATE BINARY END;
INSERT OR IGNORE INTO sqlite_stat1 VALUES('vt1', 'null', ' noskipscan');
INSERT OR IGNORE INTO sqlite_stat1 VALUES('vt1', 'vt1', ' sz=-636840816 unordered');
DELETE FROM sqlite_stat1 WHERE (0.85378598159863 IN ());
DELETE FROM sqlite_stat1;
INSERT OR IGNORE INTO sqlite_stat1 VALUES('vt1', 't0', '1627454796 -1249749414 noskipscan');
DELETE FROM sqlite_stat1 WHERE ('[q' IN ('RO9KB8X')) COLLATE NOCASE;
INSERT OR IGNORE INTO sqlite_stat1 VALUES('vt1', 'null', ' unordered');
INSERT OR IGNORE INTO sqlite_stat1 VALUES('vt1', 'null', '0 750123476 sz=-803714316 unordered noskipscan');
INSERT OR IGNORE INTO sqlite_stat1 VALUES('vt1', 'null', ' sz=-2043060603');
INSERT OR IGNORE INTO sqlite_stat1 VALUES('t0', 'null', ' sz=-556630853');
INSERT OR IGNORE INTO sqlite_stat1 VALUES('t0', 't0', ' sz=-342286001 noskipscan');
DELETE FROM sqlite_stat1 WHERE (+ ('-1120637349')) COLLATE BINARY COLLATE BINARY;
DELETE FROM sqlite_stat1;
DELETE FROM sqlite_stat1 WHERE ((NULL)||(NULL)) COLLATE RTRIM;
DELETE FROM sqlite_stat1 WHERE ((((('')OR(x'')))AND(-317552236)) IN ());
DELETE FROM sqlite_stat1;
DELETE FROM sqlite_stat1 WHERE 0.6451435915321986;
DELETE FROM sqlite_stat1;
INSERT OR IGNORE INTO sqlite_stat1 VALUES('t0', 'null', '');
DELETE FROM sqlite_stat1 WHERE ((((CASE WHEN NULL THEN NULL WHEN -385919872 THEN 1.873740163E9 WHEN NULL THEN x'' ELSE '61446109' END)AND(((((x'')AND('300715373')))OR(NULL)))))OR(NULL));
DELETE FROM sqlite_stat1 WHERE (('	2!鄂') NOT NULL);
INSERT OR IGNORE INTO sqlite_stat1 VALUES('vt1', 'null', '');
DELETE FROM sqlite_stat1;
DELETE FROM sqlite_stat1 WHERE (((('') IS FALSE))GLOB(CAST(x'dae6' AS REAL)));
DELETE FROM sqlite_stat1 WHERE (SQLITE_VERSION() IN ());
DELETE FROM sqlite_stat1;
DELETE FROM sqlite_stat1;
DELETE FROM sqlite_stat1 WHERE CAST(((NULL) BETWEEN (NULL) AND (0.7523307521511804)) AS TEXT);
DELETE FROM sqlite_stat1 WHERE '1484551716';
DELETE FROM sqlite_stat1 WHERE ((CAST(NULL AS INTEGER)) IS FALSE);
ROLLBACK TRANSACTION;
BEGIN EXCLUSIVE TRANSACTION;
INSERT OR FAIL INTO vt1(c0) VALUES (6.1446109E7), (680946380), ('992011474');
INSERT OR ROLLBACK INTO vt1 VALUES ('');
UPDATE OR IGNORE t0 SET (c3)=(NULL);
UPDATE vt1 SET (c0, c0)=(0X34673f5b, 9.177023E7) WHERE CAST(((vt1.c0)<=(vt1.c0)) AS INTEGER);
BEGIN  TRANSACTION;
UPDATE vt1 SET c0=x'';
ROLLBACK TRANSACTION;
INSERT OR FAIL INTO t0(c0, c1, c3, c4, c2) VALUES ('949437646', NULL, '	', '848465466', NULL);
UPDATE vt1 SET (c0)=(NULL) WHERE CAST(((vt1.c0) IS FALSE) AS INTEGER);
INSERT INTO vt1(vt1, rank) VALUES('automerge', 12);
REINDEX NOCASE;
UPDATE OR ABORT t0 SET (c3, c2)=(NULL, x'') WHERE x'';
INSERT INTO vt1(vt1) VALUES('rebuild');
VACUUM main;
UPDATE OR IGNORE vt1 SET c0='&攆ﰋa-QJ';
UPDATE OR IGNORE t0 SET c3=0.21764010975501646;
PRAGMA main.checkpoint_fullfsync = false;
ANALYZE main;
ROLLBACK TRANSACTION;
UPDATE OR IGNORE t0 SET (c0)=(NULL) WHERE CAST(((t0.c3) BETWEEN (NULL) AND (t0.c2)) AS TEXT);
PRAGMA legacy_file_format = true;
ROLLBACK TRANSACTION;
UPDATE OR IGNORE t0 SET (c3)=(x'2305bed9');
END;
UPDATE vt1 SET (c0)=(NULL) WHERE CASE WHEN (~ (vt1.c0)) THEN (- ('-719006737')) ELSE ((vt1.c0)*(vt1.c0)) END;
ANALYZE sqlite_master;
INSERT INTO vt1(vt1, rank) VALUES('crisismerge', 1560118957);
REINDEX BINARY;
INSERT INTO vt1(vt1, rank) VALUES('rank', 'bm25(10.0, 5.0)');
COMMIT TRANSACTION;
CREATE UNIQUE INDEX i26 ON t0(c1 COLLATE NOCASE,((c4 COLLATE BINARY) BETWEEN (NULLIF(DISTINCT c4, c1)) AND (631393502)) DESC,(- ((- (c2)))),CASE (~ (c3))  WHEN ((c2)==(x'faa6')) THEN ((c4) IS FALSE) ELSE ((c4)>>(c3)) END,CASE WHEN c2 THEN (~ (c0)) WHEN c0 COLLATE BINARY THEN CAST(c2 AS NUMERIC) WHEN ((c3)%(c0)) THEN (x'3c00' IN (788071417, c4)) END COLLATE NOCASE ASC);
ANALYZE t0;
CREATE UNIQUE INDEX i17 ON t0((+ (c1 COLLATE RTRIM)) COLLATE RTRIM ASC,((c3)<((((c4)) BETWEEN ((c2)) AND ((c0))))),0.5321282249350456 COLLATE BINARY DESC,CASE (~ (c1))  WHEN (c1 IN ()) THEN c1 WHEN ((c0) ISNULL) THEN (0.621478945743868 IN (c3)) WHEN c1 COLLATE NOCASE THEN ((c0) NOT BETWEEN (c2) AND (c3)) END,(((+ (c1)))<=(((c2)&(c3))))) WHERE (CAST(c2 AS TEXT) IN ((c0 IN (c4, c2)), 0.6288105465682359 COLLATE RTRIM));
UPDATE vt1 SET c0=0x36eb3b80, c0=0.38453065506525164, c0=0.5159827564261392;
UPDATE OR IGNORE t0 SET (c0, c3)=(x'', 2133239029) WHERE 0.9644856482510764;
UPDATE OR IGNORE vt1 SET (c0, c0)=(0.7168622724960658, '-175172013') WHERE ((vt1.c0 COLLATE RTRIM)GLOB(vt1.c0 COLLATE BINARY));
UPDATE vt1 SET (c0, c0, c0)=(x'6274', '쀹', 0.9586153398463622) WHERE ((vt1.c0 COLLATE NOCASE)<<((((vt1.c0))<>((-2.066128553E9)))));
UPDATE OR IGNORE t0 SET (c0)=(0.496025468282811) WHERE (((t0.c3)!=(t0.c4)) IN ());
PRAGMA journal_mode;
INSERT INTO vt1(vt1) VALUES('integrity-check');
ANALYZE;
INSERT INTO vt1(vt1, rank) VALUES('merge', 1247493768);\n;
INSERT OR IGNORE INTO sqlite_stat1 VALUES('t0', 't0', ' unordered');
ROLLBACK TRANSACTION;
COMMIT;
UPDATE OR IGNORE t0 SET c4=x'', c2='1796996821';
INSERT INTO vt1(vt1, rank) VALUES('merge', -1924639872);\n;
BEGIN  TRANSACTION;
ROLLBACK TRANSACTION;
COMMIT TRANSACTION;
INSERT INTO vt1(vt1, rank) VALUES('crisismerge', 668605264);
DELETE FROM sqlite_stat1 WHERE (((((NOT (NULL)))OR(((('2073713583'))<((-1958428807))))))AND(CASE WHEN NULL THEN -1435828351 WHEN x'' THEN '1839056931' WHEN '376562122' THEN x'85b7bc75' END));
UPDATE vt1 SET (c0)=(0x66c4cb63) WHERE 'f漓}';
ANALYZE;
INSERT OR ROLLBACK INTO t0(c0, c1) VALUES (NULL, 0.703606153025865);
UPDATE t0 SET c1=x'', c2=NULL WHERE CASE t0.c1 COLLATE RTRIM  WHEN CAST(t0.c1 AS REAL) THEN (t0.c0 IN ()) WHEN x'' THEN (- (t0.c2)) WHEN t0.c2 THEN (+ (t0.c3)) END;
INSERT INTO vt1(vt1, rank) VALUES('crisismerge', 527816573);
INSERT INTO vt1(vt1) VALUES('merge=-324557501,6');\n;
INSERT INTO vt1(vt1, rank) VALUES('rank', 'bm25(10.0, 5.0)');
UPDATE OR IGNORE vt1 SET (c0)=(x'67b4') WHERE ((((vt1.c0)||(vt1.c0))) IS TRUE);
BEGIN IMMEDIATE TRANSACTION;
INSERT INTO vt1(vt1) VALUES('integrity-check');
UPDATE OR IGNORE vt1 SET (c0, c0)=('1313881793', '1721969794');
INSERT OR ABORT INTO t0(c4, c0) VALUES ('348476622', '-352817944');
UPDATE OR IGNORE t0 SET c2=NULL;
UPDATE OR IGNORE t0 SET (c3)=(x'');
INSERT INTO vt1(vt1, rank) VALUES('usermerge', 3);
DELETE FROM sqlite_stat1 WHERE ((((NULL)=(NULL))) BETWEEN (CASE WHEN '1098883445' THEN x'580a' WHEN '泐ҿ*{.L/Wv' THEN 1.67110423E9 WHEN '' THEN 0.4749324931151736 ELSE x'40aa' END) AND (((-825951147) NOT NULL)));
BEGIN  TRANSACTION;
UPDATE OR IGNORE t0 SET c2=1.95106966E9;
INSERT INTO vt1(vt1, rank) VALUES('rank', 'bm25(10.0, 5.0)');
REINDEX NOCASE;
REINDEX;
CREATE INDEX IF NOT EXISTS i2 ON t0(UNLIKELY(DISTINCT CAST(c3 AS BLOB)) COLLATE BINARY,((c3 COLLATE NOCASE) BETWEEN (((((c3)AND(c1)))AND(c0))) AND (((((c0)OR(c2)))AND(c4)))) ASC,((((c1) NOT BETWEEN (c4) AND (c3)))OR(STRFTIME(c4, x'', c1))) DESC,(~ (json_quote(c0))),CASE c1  WHEN CASE c0  WHEN c3 THEN c4 END THEN ((((c1)OR(0Xffffffffc26d4b66)))OR(c2)) WHEN CAST(c1 AS TEXT) THEN IFNULL(DISTINCT c1, c3) WHEN c3 THEN '0.7581605681078134' END ASC) WHERE (((NOT (c4))) NOT BETWEEN ((c1 IN ())) AND (0Xffffffff95a90263));
CREATE UNIQUE INDEX i36 ON t0((((('917081343') NOTNULL))IS(UNLIKELY(DISTINCT c2))) COLLATE BINARY ASC,c3 ASC,(((((NULL))<>((c3)))) NOT BETWEEN ((NOT (c2))) AND (MIN(c3, c1))) COLLATE BINARY,c1 COLLATE RTRIM,((c3)-(CAST(c4 AS REAL))) DESC) WHERE (((((((c4))!=((c1))))OR(c2)))OR(((c2)|(c1))));
UPDATE OR FAIL t0 SET c0=0.7627326012899992;
BEGIN EXCLUSIVE TRANSACTION;
INSERT OR FAIL INTO t0(c0, c2, c3, c4, c1) VALUES ('z(P<bo', NULL, NULL, x'7d21', NULL);
END;
ROLLBACK TRANSACTION;
