--java.lang.AssertionError: SELECT t0.c0, t0.c2 FROM t0 GROUP BY t0.c0, t0.c2;
--SELECT ALL t0.c0, t0.c2 FROM t0 GROUP BY t0.c0, t0.c2 HAVING t0.c1 UNION ALL SELECT t0.c0, t0.c2 FROM t0 GROUP BY t0.c0, t0.c2 HAVING (NOT (t0.c1)) UNION ALL SELECT ALL t0.c0, t0.c2 FROM t0 NOT INDEXED GROUP BY t0.c0, t0.c2 HAVING ((t0.c1) ISNULL);
--	at sqlancer.sqlite3.oracle.tlp.SQLite3TLPHavingOracle.check(SQLite3TLPHavingOracle.java:85)
--	at sqlancer.common.oracle.CompositeTestOracle.check(CompositeTestOracle.java:22)
--	at sqlancer.ProviderAdapter.generateAndTestDatabase(ProviderAdapter.java:61)
--	at sqlancer.Main$DBMSExecutor.run(Main.java:364)
--	at sqlancer.Main$2.run(Main.java:559)
--	at sqlancer.Main$2.runThread(Main.java:541)
--	at sqlancer.Main$2.run(Main.java:532)
--	at java.base/java.util.concurrent.ThreadPoolExecutor.runWorker(ThreadPoolExecutor.java:1144)
--	at java.base/java.util.concurrent.ThreadPoolExecutor$Worker.run(ThreadPoolExecutor.java:642)
--	at java.base/java.lang.Thread.run(Thread.java:1623)
---- Time: 2023/05/28 03:28:40
-- Database: database17
-- Database version: 3.40.0
-- seed value: 1685214884979
PRAGMA cache_size = 50000;
PRAGMA temp_store=MEMORY;
PRAGMA synchronous=off;
CREATE TABLE IF NOT EXISTS t0 (c0 INT , c1 INTEGER , c2 BLOB );
UPDATE OR IGNORE t0 SET (c1)=(NULL) WHERE ((((((t0.c2) ISNULL))AND(0.4102179508716429)))AND((('-1211026940') IS FALSE)));
INSERT OR FAIL INTO t0(c2, c1) VALUES ('-1211026940', NULL), (0Xffffffffb7d13204, ''), (-1.7976931348623157E308, 361907096);
PRAGMA main.recursive_triggers = true;
BEGIN  TRANSACTION;
ANALYZE;
INSERT OR IGNORE INTO t0(c2, c0, c1) VALUES ('䎘Y', 0.5371859800028045, x'e7f3'), ('1974963948', '-436723024', x''), (0.5371859800028045, 0.22125381928446308, NULL);
UPDATE OR IGNORE t0 SET (c1, c0, c0)=(x'', x'', '');
REINDEX RTRIM;
BEGIN IMMEDIATE TRANSACTION;
COMMIT TRANSACTION;
ROLLBACK TRANSACTION;
UPDATE OR IGNORE t0 SET (c1, c1)=(NULL, 0xffffffffdd3fcb00);
REINDEX BINARY;
BEGIN  TRANSACTION;
UPDATE OR IGNORE t0 SET c0=x'8eae' WHERE CASE json_array_length(t0.c1)  WHEN (((t0.c2))!=((t0.c2))) THEN CASE WHEN t0.c0 THEN t0.c2 WHEN t0.c0 THEN t0.c1 WHEN t0.c0 THEN t0.c0 END WHEN t0.c2 COLLATE NOCASE THEN (((t0.c1, t0.c0, t0.c0)) BETWEEN ((t0.c1, t0.c2, t0.c2)) AND ((t0.c2, t0.c0, t0.c2))) WHEN (((t0.c2)) NOT BETWEEN ((t0.c1)) AND ((t0.c1))) THEN (t0.c0 IN (t0.c1)) END;
REINDEX  t0;
UPDATE OR FAIL t0 SET c0='f+>#ixDyw', c0=NULL;
CREATE UNIQUE INDEX i43 ON t0(c0 DESC,((((0.9940592974990435) NOT BETWEEN (c1) AND (c0)))+('䎘5!0v>#1')) COLLATE RTRIM,c2 DESC);
UPDATE OR IGNORE t0 SET c0='_' WHERE (((t0.c1)) NOT BETWEEN ((((((t0.c0)AND(NULL)))OR(t0.c0)))) AND (((t0.c2 IN ()))));
INSERT OR FAIL INTO t0(c0, c1) VALUES ('0.5371859800028045', x'');
INSERT OR ROLLBACK INTO t0 VALUES (NULL, 0.4102179508716429, '\nKpN䚦*'), (NULL, '0.5371859800028045', '\5!0v>#1'), (0x6fd362f6, NULL, -5.83021824E8);
ANALYZE main;
UPDATE t0 SET c0=NULL, c1=533847617, c1='-1168024989';
ANALYZE;
CREATE UNIQUE INDEX i18 ON t0(CAST(((c1)%(c1)) AS TEXT),CASE WHEN ((((c1)OR(c2)))OR(c0)) THEN ((((c1)AND(c0)))OR(c1)) END COLLATE BINARY DESC,CASE WHEN (c2 IN ()) THEN (((c0, c2, c1))<>((c0, c0, c0))) WHEN (((c0, c1, c0))<((c2, c2, c2))) THEN CAST(c1 AS TEXT) WHEN CAST(c0 AS INTEGER) THEN (((c1))>((c1))) END ASC) WHERE ((((c0) BETWEEN (c2) AND (NULL)))=(CAST(c0 AS BLOB)));
ANALYZE t0;
UPDATE OR IGNORE t0 SET c2='1136150182', c0=NULL, c0=0.4102179508716429 WHERE 0x1900e57;
PRAGMA stats;
UPDATE OR REPLACE t0 SET (c0)=(NULL);
INSERT OR FAIL INTO t0(c1, c0) VALUES ('1136150182', NULL), (0.5704078088739475, NULL), (NULL, '-921083917');
UPDATE t0 SET (c1, c1)=('1974963948', 0.38565496901501517) WHERE (CASE t0.c0  WHEN t0.c0 THEN t0.c2 END IN ());
INSERT OR IGNORE INTO t0(c0, c1) VALUES (0Xffffffffdd3fcb00, 0.831658989447808);
REINDEX  t0;
BEGIN IMMEDIATE TRANSACTION;
UPDATE t0 SET c2=x'', c2='-251007879' WHERE CAST(STRFTIME(t0.c2, t0.c0, t0.c2, 374694659, t0.c1) AS REAL);
BEGIN EXCLUSIVE TRANSACTION;
INSERT OR IGNORE INTO t0(c2) VALUES (1.876124406E9), (0.14333766120184843), ('802834827');
COMMIT;
UPDATE OR FAIL t0 SET c1=0.2826693016209755 WHERE NULL;
INSERT OR REPLACE INTO t0(c2, c1, c0) VALUES (0.9940592974990435, NULL, NULL);
INSERT OR FAIL INTO t0(c2) VALUES ('0.14333766120184843');
CREATE INDEX IF NOT EXISTS i69 ON t0(((((((c0)LIKE(c1)))AND(0.7415460395819788)))OR(c1)) DESC,(((((((((((((c0)OR(x'')))OR(c0)))OR(c2)))OR(c0)))AND(c0)))AND(c1)) IN ()) DESC,((c2 COLLATE NOCASE) ISNULL) ASC) WHERE UNLIKELY(DISTINCT (c0 IN (c2)));
CREATE INDEX IF NOT EXISTS i78 ON t0(CAST(c2 AS TEXT) COLLATE RTRIM COLLATE BINARY ASC,c0,(~ (json_quote(c2))) DESC);
INSERT OR IGNORE INTO t0(c0) VALUES (NULL);
INSERT OR IGNORE INTO t0(c2) VALUES (x'0e554187');
INSERT OR REPLACE INTO t0(c0) VALUES (NULL), ('n?y'), ('0.4102179508716429'), ('-1168024989'), (NULL);
INSERT OR IGNORE INTO t0 VALUES (NULL, '0.14333766120184843', 'yG');
ROLLBACK TRANSACTION;
END TRANSACTION;
REINDEX;
UPDATE OR ROLLBACK t0 SET (c0)=(NULL) WHERE CAST(ROUND(t0.c2, t0.c1) AS INTEGER);
UPDATE OR REPLACE t0 SET (c1, c1)=(NULL, NULL);
UPDATE OR IGNORE t0 SET c1=NULL WHERE ((t0.c2 COLLATE RTRIM) NOT NULL);
INSERT OR IGNORE INTO sqlite_stat1 VALUES('t0', 't0', ' noskipscan');
BEGIN  TRANSACTION;
INSERT OR ABORT INTO t0(c2, c1, c0) VALUES (0.03424200409687461, 0X43b846a6, '');
INSERT OR IGNORE INTO t0(c1, c0, c2) VALUES (NULL, '0.7415460395819788', 'f+>#ixDyw');
UPDATE OR IGNORE t0 SET (c1, c1)=(0.5634756308588402, x'') WHERE ((((t0.c1) ISNULL))OR(JULIANDAY(t0.c2, t0.c0, t0.c0, t0.c0, t0.c2)));
UPDATE OR IGNORE t0 SET c2=0X75b78eec;
END;
INSERT OR ABORT INTO t0(c0) VALUES (NULL);
COMMIT TRANSACTION;
DELETE FROM sqlite_stat1 WHERE ((((x'aee6aafa26e0')OR(0.30043187423043005)))AND(-203873764)) COLLATE BINARY;
VACUUM;
END;
ROLLBACK TRANSACTION;
BEGIN EXCLUSIVE TRANSACTION;
REINDEX  t0;
ANALYZE;
END TRANSACTION;
ROLLBACK TRANSACTION;
PRAGMA incremental_vacuum;
BEGIN IMMEDIATE TRANSACTION;
INSERT OR IGNORE INTO t0(c0, c1) VALUES ('-921083917', NULL), (NULL, NULL), ('(<', '1955954552');
REINDEX;
ROLLBACK TRANSACTION;
DELETE FROM sqlite_stat1;
UPDATE OR IGNORE t0 SET c2=x'9181', c0=0.8340515376988675, c1='-203873764';
UPDATE OR IGNORE t0 SET c2='l팢';
INSERT OR IGNORE INTO t0(c1, c0, c2) VALUES (NULL, 'Q}f', x'');
INSERT OR IGNORE INTO t0(c0) VALUES (0.831658989447808);
COMMIT;
ROLLBACK TRANSACTION;
