--java.lang.AssertionError: SELECT ALL t0.c2 FROM t1, t0 GROUP BY t0.c2;
--SELECT ALL t0.c2 FROM t1 NOT INDEXED, t0 GROUP BY t0.c2 HAVING t1.c0 UNION ALL SELECT t0.c2 FROM t1, t0 GROUP BY t0.c2 HAVING (NOT (t1.c0)) UNION ALL SELECT t0.c2 FROM t1, t0 GROUP BY t0.c2 HAVING ((t1.c0) ISNULL);
--	at sqlancer.sqlite3.oracle.tlp.SQLite3TLPHavingOracle.check(SQLite3TLPHavingOracle.java:85)
--	at sqlancer.common.oracle.CompositeTestOracle.check(CompositeTestOracle.java:22)
--	at sqlancer.ProviderAdapter.generateAndTestDatabase(ProviderAdapter.java:61)
--	at sqlancer.Main$DBMSExecutor.run(Main.java:364)
--	at sqlancer.Main$2.run(Main.java:559)
--	at sqlancer.Main$2.runThread(Main.java:541)
--	at sqlancer.Main$2.run(Main.java:532)
--	at java.base/java.util.concurrent.ThreadPoolExecutor.runWorker(ThreadPoolExecutor.java:1144)
--	at java.base/java.util.concurrent.ThreadPoolExecutor$Worker.run(ThreadPoolExecutor.java:642)
--	at java.base/java.lang.Thread.run(Thread.java:1623)
---- Time: 2023/05/28 01:54:17
-- Database: database18
-- Database version: 3.40.0
-- seed value: 1685214884980
PRAGMA cache_size = 50000;
PRAGMA temp_store=MEMORY;
PRAGMA synchronous=off;
PRAGMA case_sensitive_like=ON;
CREATE TABLE t0 (c0 TEXT , c1 INT COLLATE NOCASE , c2 TEXT );
CREATE TABLE t1 (c0 TEXT UNIQUE PRIMARY KEY NOT NULL , c1 TEXT , c2 TEXT  CHECK ( CAST(((((((((c1)OR(c2)))OR('-452094914')))OR(c2)))OR(c0)) AS REAL)));
UPDATE OR FAIL t0 SET c0='-452094914', c1=NULL WHERE t0.c2;
ANALYZE;
REINDEX;
CREATE INDEX IF NOT EXISTS i30 ON t1(((((c0) NOT BETWEEN (c2) AND (c2)))<(((((((((((((c0)AND(c1)))AND(c0)))AND(c1)))AND(c0)))OR(c0)))AND(c2)))) DESC,(((c1 IN ()))>>(c1 COLLATE BINARY)) COLLATE BINARY,((TRIM(DISTINCT NULL)) NOT BETWEEN (((c0)>=(c0))) AND (CAST(c1 AS TEXT)))) WHERE 0.04048921732165922;
INSERT OR IGNORE INTO t0(c0) VALUES ('-452094914'), (NULL), (x''), (''), ('?Q鐾䋹');
BEGIN EXCLUSIVE TRANSACTION;
ANALYZE t1;
PRAGMA main.locking_mode = NORMAL;
PRAGMA ignore_check_constraints = false;
UPDATE OR IGNORE t1 SET (c1, c0)=(x'', NULL);
INSERT OR ROLLBACK INTO t0(c2) VALUES (0.04048921732165922), (0.14101550659155127), (0.3074856341737263);
UPDATE OR FAIL t1 SET c2=x'' WHERE t1.c2;
PRAGMA optimize;
INSERT OR IGNORE INTO t0(c0, c2, c1) VALUES (NULL, 'y6', NULL);
UPDATE OR IGNORE t1 SET (c1)=(NULL) WHERE ((((((t1.c1)<(t1.c0)))AND((((t1.c1)) NOT BETWEEN ((x'b86d')) AND ((t1.c2))))))AND(NULLIF(DISTINCT t1.c0, t1.c2)));
END;
BEGIN  TRANSACTION;
UPDATE t1 SET c2=0.5971838644890309 WHERE CAST(((t1.c1) BETWEEN (t1.c1) AND (t1.c1)) AS TEXT);
INSERT OR REPLACE INTO t1(c0, c1) VALUES (x'5c8a', NULL);
INSERT OR IGNORE INTO t0(c0) VALUES (-4.52094914E8);
INSERT OR IGNORE INTO t1 VALUES (x'3c85', NULL, -4.52094914E8);
ROLLBACK TRANSACTION;
BEGIN  TRANSACTION;
INSERT OR IGNORE INTO t0(c0, c1, c2) VALUES (NULL, x'', '-1383933270');
INSERT OR IGNORE INTO t1(c1) VALUES (''), ('-452094914'), (NULL);
INSERT OR IGNORE INTO t0(c1, c0, c2) VALUES (-452094914, NULL, '-1383933270'), ('-1573829895', 0.0, '-341059291'), ('-1383933270', x'', NULL), (x'', x'', NULL), (0.36941836764831326, x'', NULL);
INSERT OR FAIL INTO t0(c1) VALUES ('');
PRAGMA temp.auto_vacuum;
INSERT OR ABORT INTO t1(c1) VALUES (x'');
INSERT OR IGNORE INTO t1 VALUES ('-452094914', -3.41059291E8, x'') ON CONFLICT DO NOTHING;
INSERT OR IGNORE INTO t0(c1, c2) VALUES ('2099952041', x'3daa'), (NULL, NULL), ('+hHE8ESj', NULL);
PRAGMA wal_autocheckpoint = 3958724932065661847;
UPDATE OR IGNORE t1 SET (c1)=(0x459d3aeb);
BEGIN IMMEDIATE TRANSACTION;
PRAGMA journal_mode;
PRAGMA wal_checkpoint(TRUNCATE);
PRAGMA temp.incremental_vacuum;
UPDATE OR IGNORE t1 SET (c0)=('2099952041');
INSERT OR IGNORE INTO sqlite_stat1 VALUES('t1', 't0', '2 0 unordered noskipscan');
INSERT OR IGNORE INTO sqlite_stat1 VALUES('t1', 't1', '');
ANALYZE t1;
ANALYZE sqlite_master;
INSERT OR ROLLBACK INTO t0(c1, c2) VALUES (1110201208, NULL), (0.031658298519375516, 'n)tQz'), (0.7834804716082024, -2035310713);
ROLLBACK TRANSACTION;
UPDATE OR IGNORE t1 SET (c1, c2, c1)=(0.05536875096376237, 0.3074856341737263, 0.6227777162309119) WHERE ((((((((((((SQLITE_COMPILEOPTION_GET(t1.c0))OR((0.3698413056998969 IN ()))))OR('s*' COLLATE BINARY)))OR(json_array_length(t1.c2, t1.c2))))OR(((('-135694396'))<=((t1.c0))))))OR((- (0.7834804716082024)))))AND(NULL));
END;
INSERT OR IGNORE INTO t1(c0, c2) VALUES (0x7d2ab9a9, 0X459d3aeb);
ANALYZE t0;
ROLLBACK TRANSACTION;
BEGIN DEFERRED TRANSACTION;
PRAGMA main.locking_mode = EXCLUSIVE;
UPDATE OR IGNORE t0 SET c1=x'' WHERE (((t0.c1 IN ())) NOT NULL);
UPDATE OR IGNORE t1 SET (c0)=(0.031658298519375516) WHERE (((((t1.c1) IS TRUE)))<=((((t1.c2) NOT BETWEEN (t1.c2) AND (t1.c0)))));
UPDATE OR IGNORE t1 SET (c0, c2)=(0.7096045830339482, 0.8904705789058249) WHERE ((CASE t1.c1  WHEN t1.c1 THEN t1.c0 WHEN t1.c2 THEN t1.c1 WHEN 0.15012014093977344 THEN t1.c2 ELSE NULL END)!=(CASE WHEN t1.c1 THEN t1.c2 END));
PRAGMA temp.wal_autocheckpoint = 6854362659215117322;
BEGIN EXCLUSIVE TRANSACTION;
UPDATE OR IGNORE t1 SET (c1, c1, c0)=(0.7975626059374794, NULL, NULL);
INSERT OR ROLLBACK INTO t1(c1, c2) VALUES ('2099952041', 0.6357987412069361);
INSERT OR IGNORE INTO t1(c0) VALUES (NULL) ON CONFLICT DO NOTHING;
INSERT OR IGNORE INTO sqlite_stat1 VALUES('t0', 'i30', '-1686969466 noskipscan');
UPDATE OR ABORT t1 SET (c0)=(x'') WHERE ((CASE WHEN t1.c1 THEN t1.c2 END)&(((t1.c1) BETWEEN (t1.c1) AND (t1.c0))));
UPDATE OR IGNORE t1 SET (c0)=('0');
INSERT OR ABORT INTO t1 VALUES (1.167932139E9, '1342394288', NULL);
ANALYZE;
INSERT OR REPLACE INTO t0(c0, c2, c1) VALUES (NULL, '-1686969466', '');
UPDATE OR ROLLBACK t0 SET c0=NULL WHERE ((CASE WHEN t0.c1 THEN t0.c0 END)==(((((t0.c2)AND(t0.c0)))AND(t0.c1))));
UPDATE OR IGNORE t1 SET c0=-1.686969466E9;
BEGIN  TRANSACTION;
UPDATE OR IGNORE t0 SET (c0)=(NULL);
INSERT OR IGNORE INTO t0(c1) VALUES (x'eaa8');
BEGIN EXCLUSIVE TRANSACTION;
ANALYZE sqlite_master;
INSERT OR FAIL INTO t1 VALUES ('-135694396', -1.38393327E9, '226157258'), (0.3518000429825249, x'ef1c', NULL), (0X3d84e514, '1032119572', x''), ('῱eNc(Z蟅', '', 0.5948628975593026), (x'', '0.3698413056998969', -135694396);
END TRANSACTION;
BEGIN  TRANSACTION;
UPDATE OR IGNORE t1 SET (c0, c2)=('>῱j', '῱enc(z蟅');
UPDATE OR FAIL t1 SET (c0)=('I4릩Qd+lM') WHERE ((((t1.c2 IN ())))!=((((t1.c1)||(t1.c2)))));
UPDATE t1 SET c0=NULL, c2=x'', c2=x'34b3', c1=NULL WHERE (((NULL)) NOT BETWEEN ((((t1.c2)<<(t1.c1)))) AND ((CASE WHEN t1.c2 THEN t1.c1 END)));
INSERT OR REPLACE INTO t0(c1, c0) VALUES (NULL, 1167932139);
DELETE FROM sqlite_stat1;
INSERT OR REPLACE INTO t1 VALUES ('휤', NULL, x'');
COMMIT;
ROLLBACK TRANSACTION;
INSERT OR REPLACE INTO t1 VALUES (x'', x'', 'Z^VI');
INSERT OR ROLLBACK INTO t1(c2, c0, c1) VALUES (NULL, -2024913255, 0.01612373798227984);
VACUUM;
COMMIT TRANSACTION;
ANALYZE;
UPDATE t1 SET (c2, c0)=(NULL, -135694396) WHERE ((-1002423121) NOT BETWEEN (((t1.c2) NOT NULL)) AND (((t1.c2)+(t1.c2))));
UPDATE OR FAIL t1 SET (c1)=('-1383933270') WHERE CASE 'yt'  WHEN ((t1.c2) NOT BETWEEN (t1.c1) AND ('0.0')) THEN t1.c0 COLLATE BINARY ELSE CASE WHEN t1.c0 THEN t1.c1 WHEN t1.c1 THEN t1.c2 WHEN t1.c2 THEN t1.c2 ELSE t1.c1 END END;
COMMIT TRANSACTION;
ROLLBACK TRANSACTION;
